Starting preprocessing of the model file ...
Found 163 equation(s).
Evaluating expressions...done
Computing static model derivatives (order 1).
Computing dynamic model derivatives (order 2).
Processing outputs ...
done
Preprocessing completed.
=============================================
=== Step 1 of 10 for SSP585 ===

                                         Norm of      First-order   Trust-region
 Iteration  Func-count     f(x)          step         optimality    radius
     0         11       0.0167778                          13.8               1
     1         22       0.0119535              1           0.44               1
     2         33      0.00585208            2.5           0.27             2.5
     3         44     0.000551407        5.76225           7.68            6.25
     4         55     4.10439e-08       0.208807         0.0523            14.4
     5         66     5.34495e-13     0.00400543       0.000238            14.4
     6         77     3.75875e-22    5.77936e-07       3.87e-09            14.4
     7         88     2.43336e-24    1.05549e-10       4.97e-10            14.4

<a href = "matlab: helpview('optim','eqn_inaccuracy','CSHelpWindow');">Equation solved, inaccuracy possible</a>.

The vector of function values is near zero, as measured by the value
of the <a href = "matlab: helpview('optim','fcn_tolerance_fsolve','CSHelpWindow');">function tolerance</a>. However, the <a href = "matlab: helpview('optim','last_step_ineffective','CSHelpWindow');">last step was ineffective</a>.

<<a href = "matlab: createExitMsg({'optim:fsolve:Exit3basic'},{'optim:fsolve:Exit3detailed','fsolve','1.867210e-22','2.220446e-16','2.433358e-24','1.000000e-08'},true,true);;">stopping criteria details</a>>

STEADY-STATE RESULTS:

K            		 30.073
N            		 0.238399
SL           		 0
tas_1        		 3.77556
SfcWind_1    		 0
pr_1         		 0
sunshine_1   		 0
hurs_1       		 0
heatwave_1   		 0
maxdrydays_1 		 0
maxwetdays_1 		 0
storms_1     		 0
floods_1     		 0
fire_1       		 0
landslide_1  		 0
I_1          		 0.0649682
Y_1          		 0.271982
Q_D_1        		 3.24183
Q_I_1        		 0.667678
M_1          		 0.0758495
X_1          		 2.25514
D_X_1        		 0.410251
K_1          		 1.44374
N_1          		 0.0202751
P_D_1        		 0.140591
P_M_1        		 1.59155
W_1          		 9.0688
Q_1_1        		 5.49697
W_1_1        		 9.0688
tauKF_1_1    		 0
tauNF_1_1    		 0
P_D_1_1      		 0.140591
I_2          		 0.676384
Y_2          		 1.97665
Q_D_2        		 10.6737
Q_I_2        		 9.9944
M_2          		 1.29038
X_2          		 3.21708
D_X_2        		 0.231598
K_2          		 15.0308
N_2          		 0.127028
P_D_2        		 0.682011
P_M_2        		 1.59155
W_2          		 8.14946
Q_2_1        		 13.8908
W_2_1        		 8.14946
tauKF_2_1    		 0
tauNF_2_1    		 0
P_D_2_1      		 0.682011
I_3          		 0.611932
Y_3          		 1.7883
Q_D_3        		 7.39856
Q_I_3        		 2.96988
M_3          		 0.165479
X_3          		 0.515737
D_X_3        		 0.0651652
K_3          		 13.5985
N_3          		 0.0910963
P_D_3        		 0.507446
P_M_3        		 2.86366
W_3          		 10.2811
Q_3_1        		 7.9143
W_3_1        		 10.2811
tauKF_3_1    		 0
tauNF_3_1    		 0
P_D_3_1      		 0.507446
P            		 0.750125
lambda       		 0.332024
P_D          		 0.539645
P_M          		 1.76839
C            		 3.17528
H            		 21.3454
IH           		 1.06727
PH           		 0.0348065
DH           		 0
omegaH       		 0.0365468
PoP          		 0.972576
B            		 -4.04838
BG           		 0
NX           		 0.166048
rf           		 0.041016
G            		 0.637532
tauC         		 0.2
tauH         		 0.05
tauNH        		 0
tauKH        		 0
KG           		 6.37532
I            		 1.35328
Y            		 5.38167
Q_U          		 18.8476
Q_D          		 21.2913
Q_I          		 13.632
Q            		 26.4296
M            		 1.49757
X            		 5.13827
G_A_DH       		 0
I_AP_DH      		 0
Q_A_1        		 3.24183
P_A_1        		 0.140591
KH_1_1       		 1.44374
r_1_1        		 0.086016
I_1_1        		 0.0649682
omegaI_1_1   		 0.750125
Q_1          		 5.49697
D_1_1        		 0.0396434
D_N_1_1      		 0.010194
D_K_1_1      		 0
K_1_1        		 181.316
I_AP_1_1     		 0
K_AP_1_1     		 0
G_A_1_1      		 0
K_A_1_1      		 0
P_1_1        		 0.00597291
Y_1_1        		 45.536
N_1_1        		 0.0202751
Q_I_1_1      		 0.667678
A_1_1        		 66.4032
A_N_1_1      		 2.04483
A_K_1_1      		 1
Q_A_2        		 10.6737
P_A_2        		 0.682011
KH_2_1       		 15.0308
r_2_1        		 0.086016
I_2_1        		 0.676384
omegaI_2_1   		 0.750125
Q_2          		 13.8908
D_2_1        		 0.013592
D_N_2_1      		 0.010194
D_K_2_1      		 0
K_2_1        		 23.7403
I_AP_2_1     		 0
K_AP_2_1     		 0
G_A_2_1      		 0
K_A_2_1      		 0
P_2_1        		 0.474929
Y_2_1        		 4.16198
N_2_1        		 0.127028
Q_I_2_1      		 9.9944
A_2_1        		 5.99865
A_N_2_1      		 0.193944
A_K_2_1      		 1
Q_A_3        		 7.39856
P_A_3        		 0.507446
KH_3_1       		 13.5985
r_3_1        		 0.086016
I_3_1        		 0.611932
omegaI_3_1   		 0.750125
Q_3          		 7.9143
D_3_1        		 0.013592
D_N_3_1      		 0.010194
D_K_3_1      		 0
K_3_1        		 32.7814
I_AP_3_1     		 0
K_AP_3_1     		 0
G_A_3_1      		 0
K_A_3_1      		 0
P_3_1        		 0.31117
Y_3_1        		 5.74701
N_3_1        		 0.0910963
Q_I_3_1      		 2.96988
A_3_1        		 4.91194
A_N_3_1      		 0.552877
A_K_3_1      		 1

--------------------------------------------------------
MODEL SIMULATION:

Iter: 1,	 err. = 5.02648,	 time = 0.98
Iter: 2,	 err. = 4.32272,	 time = 0.989
Iter: 3,	 err. = 0.0156061,	 time = 0.827
Iter: 4,	 err. = 1.47491e-07,	 time = 0.33

Total time of simulation: 4.497.
--------------------------------------------------------

Perfect foresight solution found.

Elapsed time is 4.514599 seconds.
=============================================
=============================================
=== Step 2 of 10 for SSP585 ===

                                         Norm of      First-order   Trust-region
 Iteration  Func-count     f(x)          step         optimality    radius
     0         11       0.0171827                          14.3               1
     1         22       0.0121584              1          0.455               1
     2         33      0.00585158            2.5          0.324             2.5
     3         44     0.000653535        5.58379           8.48            6.25
     4         55     5.52169e-08       0.202359         0.0605            6.25
     5         66     1.08814e-12     0.00422654       0.000344            6.25
     6         77     4.86455e-22    6.18147e-07       4.08e-09            6.25
     7         88     1.31534e-23    1.20715e-10       5.66e-10            6.25

<a href = "matlab: helpview('optim','eqn_inaccuracy','CSHelpWindow');">Equation solved, inaccuracy possible</a>.

The vector of function values is near zero, as measured by the value
of the <a href = "matlab: helpview('optim','fcn_tolerance_fsolve','CSHelpWindow');">function tolerance</a>. However, the <a href = "matlab: helpview('optim','last_step_ineffective','CSHelpWindow');">last step was ineffective</a>.

<<a href = "matlab: createExitMsg({'optim:fsolve:Exit3basic'},{'optim:fsolve:Exit3detailed','fsolve','2.366509e-22','2.220446e-16','1.315337e-23','1.000000e-08'},true,true);;">stopping criteria details</a>>

STEADY-STATE RESULTS:

K            		 29.4006
N            		 0.242527
SL           		 0
tas_1        		 3.77556
SfcWind_1    		 0
pr_1         		 0
sunshine_1   		 0
hurs_1       		 0
heatwave_1   		 0
maxdrydays_1 		 0
maxwetdays_1 		 0
storms_1     		 0
floods_1     		 0
fire_1       		 0
landslide_1  		 0
I_1          		 0.0642698
Y_1          		 0.269059
Q_D_1        		 3.15585
Q_I_1        		 0.66076
M_1          		 0.0738479
X_1          		 2.20905
D_X_1        		 0.41176
K_1          		 1.42822
N_1          		 0.0207788
P_D_1        		 0.14254
P_M_1        		 1.59155
W_1          		 8.75384
Q_1_1        		 5.3649
W_1_1        		 8.75384
tauKF_1_1    		 0
tauNF_1_1    		 0
P_D_1_1      		 0.14254
I_2          		 0.662584
Y_2          		 1.93632
Q_D_2        		 10.3921
Q_I_2        		 9.79038
M_2          		 1.25632
X_2          		 3.21811
D_X_2        		 0.236449
K_2          		 14.7241
N_2          		 0.129336
P_D_2        		 0.681865
P_M_2        		 1.59155
W_2          		 7.84076
Q_2_1        		 13.6102
W_2_1        		 7.84076
tauKF_2_1    		 0
tauNF_2_1    		 0
P_D_2_1      		 0.681865
I_3          		 0.596172
Y_3          		 1.74224
Q_D_3        		 7.20341
Q_I_3        		 2.89331
M_3          		 0.161112
X_3          		 0.516719
D_X_3        		 0.0669314
K_3          		 13.2483
N_3          		 0.0924129
P_D_3        		 0.506802
P_M_3        		 2.86366
W_3          		 9.87356
Q_3_1        		 7.72013
W_3_1        		 9.87356
tauKF_3_1    		 0
tauNF_3_1    		 0
P_D_3_1      		 0.506802
P            		 0.750125
lambda       		 0.348217
P_D          		 0.539645
P_M          		 1.76839
C            		 3.02762
H            		 20.3528
IH           		 1.01764
PH           		 0.0348065
DH           		 0
omegaH       		 0.0365468
PoP          		 0.972576
B            		 -6.26219
BG           		 0
NX           		 0.25685
rf           		 0.041016
G            		 0.607885
tauC         		 0.2
tauH         		 0.05
tauNH        		 0
tauKH        		 0
KG           		 6.07885
I            		 1.32302
Y            		 5.2626
Q_U          		 18.3502
Q_D          		 20.7294
Q_I          		 13.3444
Q            		 25.8644
M            		 1.45805
X            		 5.13499
G_A_DH       		 0
I_AP_DH      		 0
Q_A_1        		 3.15585
P_A_1        		 0.14254
KH_1_1       		 1.42822
r_1_1        		 0.086016
I_1_1        		 0.0642698
omegaI_1_1   		 0.750125
Q_1          		 5.3649
D_1_1        		 0.0792868
D_N_1_1      		 0.020388
D_K_1_1      		 0
K_1_1        		 172.485
I_AP_1_1     		 0
K_AP_1_1     		 0
G_A_1_1      		 0
K_A_1_1      		 0
P_1_1        		 0.0062112
Y_1_1        		 43.3183
N_1_1        		 0.0207788
Q_I_1_1      		 0.66076
A_1_1        		 66.4032
A_N_1_1      		 2.04483
A_K_1_1      		 1
Q_A_2        		 10.3921
P_A_2        		 0.681865
KH_2_1       		 14.7241
r_2_1        		 0.086016
I_2_1        		 0.662584
omegaI_2_1   		 0.750125
Q_2          		 13.6102
D_2_1        		 0.027184
D_N_2_1      		 0.020388
D_K_2_1      		 0
K_2_1        		 23.2797
I_AP_2_1     		 0
K_AP_2_1     		 0
G_A_2_1      		 0
K_A_2_1      		 0
P_2_1        		 0.474443
Y_2_1        		 4.08124
N_2_1        		 0.129336
Q_I_2_1      		 9.79038
A_2_1        		 5.99865
A_N_2_1      		 0.193944
A_K_2_1      		 1
Q_A_3        		 7.20341
P_A_3        		 0.506802
KH_3_1       		 13.2483
r_3_1        		 0.086016
I_3_1        		 0.596172
omegaI_3_1   		 0.750125
Q_3          		 7.72013
D_3_1        		 0.027184
D_N_3_1      		 0.020388
D_K_3_1      		 0
K_3_1        		 32.0283
I_AP_3_1     		 0
K_AP_3_1     		 0
G_A_3_1      		 0
K_A_3_1      		 0
P_3_1        		 0.310284
Y_3_1        		 5.61497
N_3_1        		 0.0924129
Q_I_3_1      		 2.89331
A_3_1        		 4.91194
A_N_3_1      		 0.552877
A_K_3_1      		 1

--------------------------------------------------------
MODEL SIMULATION:

Iter: 1,	 err. = 0.062898,	 time = 0.573
Iter: 2,	 err. = 4.47606,	 time = 0.244
Iter: 3,	 err. = 0.0183622,	 time = 0.273
Iter: 4,	 err. = 2.23493e-07,	 time = 0.287

Total time of simulation: 2.308.
--------------------------------------------------------

Perfect foresight solution found.

Elapsed time is 2.331659 seconds.
=============================================
=============================================
=== Step 3 of 10 for SSP585 ===

                                         Norm of      First-order   Trust-region
 Iteration  Func-count     f(x)          step         optimality    radius
     0         11        0.018181                          14.9               1
     1         22       0.0128239              1          0.479               1
     2         33      0.00612033            2.5          0.584             2.5
     3         44       0.0008078        5.49149           9.56            6.25
     4         55     8.11419e-08       0.203149         0.0731            6.25
     5         66       2.633e-12     0.00472863       0.000542            6.25
     6         77     7.86848e-22    8.75205e-07       5.03e-09            6.25
     7         88     1.53447e-23    1.54844e-10       1.21e-09            6.25

<a href = "matlab: helpview('optim','eqn_inaccuracy','CSHelpWindow');">Equation solved, inaccuracy possible</a>.

The vector of function values is near zero, as measured by the value
of the <a href = "matlab: helpview('optim','fcn_tolerance_fsolve','CSHelpWindow');">function tolerance</a>. However, the <a href = "matlab: helpview('optim','last_step_ineffective','CSHelpWindow');">last step was ineffective</a>.

<<a href = "matlab: createExitMsg({'optim:fsolve:Exit3basic'},{'optim:fsolve:Exit3detailed','fsolve','3.857516e-22','2.220446e-16','1.534469e-23','1.000000e-08'},true,true);;">stopping criteria details</a>>

STEADY-STATE RESULTS:

K            		 28.7455
N            		 0.246905
SL           		 0
tas_1        		 3.77556
SfcWind_1    		 0
pr_1         		 0
sunshine_1   		 0
hurs_1       		 0
heatwave_1   		 0
maxdrydays_1 		 0
maxwetdays_1 		 0
storms_1     		 0
floods_1     		 0
fire_1       		 0
landslide_1  		 0
I_1          		 0.0635985
Y_1          		 0.266248
Q_D_1        		 3.07213
Q_I_1        		 0.654129
M_1          		 0.0718992
X_1          		 2.16121
D_X_1        		 0.41297
K_1          		 1.4133
N_1          		 0.0213134
P_D_1        		 0.144636
P_M_1        		 1.59155
W_1          		 8.44511
Q_1_1        		 5.23333
W_1_1        		 8.44511
tauKF_1_1    		 0
tauNF_1_1    		 0
P_D_1_1      		 0.144636
I_2          		 0.649141
Y_2          		 1.89703
Q_D_2        		 10.1179
Q_I_2        		 9.59164
M_2          		 1.22317
X_2          		 3.21928
D_X_2        		 0.241376
K_2          		 14.4254
N_2          		 0.131782
P_D_2        		 0.681701
P_M_2        		 1.59155
W_2          		 7.53907
Q_2_1        		 13.3372
W_2_1        		 7.53907
tauKF_2_1    		 0
tauNF_2_1    		 0
P_D_2_1      		 0.681701
I_3          		 0.580809
Y_3          		 1.69734
Q_D_3        		 7.01343
Q_I_3        		 2.81866
M_3          		 0.156861
X_3          		 0.517764
D_X_3        		 0.0687493
K_3          		 12.9069
N_3          		 0.0938095
P_D_3        		 0.50612
P_M_3        		 2.86366
W_3          		 9.47592
Q_3_1        		 7.53119
W_3_1        		 9.47592
tauKF_3_1    		 0
tauNF_3_1    		 0
P_D_3_1      		 0.50612
P            		 0.750125
lambda       		 0.365561
P_D          		 0.539645
P_M          		 1.76839
C            		 2.88398
H            		 19.3872
IH           		 0.96936
PH           		 0.0348065
DH           		 0
omegaH       		 0.0365468
PoP          		 0.972576
B            		 -8.41342
BG           		 0
NX           		 0.345085
rf           		 0.041016
G            		 0.579045
tauC         		 0.2
tauH         		 0.05
tauNH        		 0
tauKH        		 0
KG           		 5.79045
I            		 1.29355
Y            		 5.14664
Q_U          		 17.866
Q_D          		 20.1824
Q_I          		 13.0644
Q            		 25.314
M            		 1.41958
X            		 5.13156
G_A_DH       		 0
I_AP_DH      		 0
Q_A_1        		 3.07213
P_A_1        		 0.144636
KH_1_1       		 1.4133
r_1_1        		 0.086016
I_1_1        		 0.0635985
omegaI_1_1   		 0.750125
Q_1          		 5.23333
D_1_1        		 0.11893
D_N_1_1      		 0.030582
D_K_1_1      		 0
K_1_1        		 163.746
I_AP_1_1     		 0
K_AP_1_1     		 0
G_A_1_1      		 0
K_A_1_1      		 0
P_1_1        		 0.00647435
Y_1_1        		 41.1235
N_1_1        		 0.0213134
Q_I_1_1      		 0.654129
A_1_1        		 66.4032
A_N_1_1      		 2.04483
A_K_1_1      		 1
Q_A_2        		 10.1179
P_A_2        		 0.681701
KH_2_1       		 14.4254
r_2_1        		 0.086016
I_2_1        		 0.649141
omegaI_2_1   		 0.750125
Q_2          		 13.3372
D_2_1        		 0.0407761
D_N_2_1      		 0.030582
D_K_2_1      		 0
K_2_1        		 22.8337
I_AP_2_1     		 0
K_AP_2_1     		 0
G_A_2_1      		 0
K_A_2_1      		 0
P_2_1        		 0.473896
Y_2_1        		 4.00306
N_2_1        		 0.131782
Q_I_2_1      		 9.59164
A_2_1        		 5.99865
A_N_2_1      		 0.193944
A_K_2_1      		 1
Q_A_3        		 7.01343
P_A_3        		 0.50612
KH_3_1       		 12.9069
r_3_1        		 0.086016
I_3_1        		 0.580809
omegaI_3_1   		 0.750125
Q_3          		 7.53119
D_3_1        		 0.0407761
D_N_3_1      		 0.030582
D_K_3_1      		 0
K_3_1        		 31.2974
I_AP_3_1     		 0
K_AP_3_1     		 0
G_A_3_1      		 0
K_A_3_1      		 0
P_3_1        		 0.309347
Y_3_1        		 5.48684
N_3_1        		 0.0938095
Q_I_3_1      		 2.81866
A_3_1        		 4.91194
A_N_3_1      		 0.552877
A_K_3_1      		 1

--------------------------------------------------------
MODEL SIMULATION:

Iter: 1,	 err. = 0.0660634,	 time = 0.246
Iter: 2,	 err. = 4.69177,	 time = 0.271
Iter: 3,	 err. = 0.0219192,	 time = 0.265
Iter: 4,	 err. = 3.53759e-07,	 time = 0.238

Total time of simulation: 1.944.
--------------------------------------------------------

Perfect foresight solution found.

Elapsed time is 1.957293 seconds.
=============================================
=============================================
=== Step 4 of 10 for SSP585 ===

                                         Norm of      First-order   Trust-region
 Iteration  Func-count     f(x)          step         optimality    radius
     0         11       0.0192915                          15.6               1
     1         22       0.0135649              1          0.505               1
     2         33      0.00642231            2.5          0.896             2.5
     3         44      0.00100681        5.40122           10.8            6.25
     4         55     1.21341e-07       0.204079         0.0891            6.25
     5         66     6.06491e-12     0.00532835       0.000832            6.25
     6         77     9.29023e-22    1.09816e-06       1.19e-09            6.25
     7         88     7.09731e-23    2.09398e-10       1.52e-09            6.25

<a href = "matlab: helpview('optim','eqn_inaccuracy','CSHelpWindow');">Equation solved, inaccuracy possible</a>.

The vector of function values is near zero, as measured by the value
of the <a href = "matlab: helpview('optim','fcn_tolerance_fsolve','CSHelpWindow');">function tolerance</a>. However, the <a href = "matlab: helpview('optim','last_step_ineffective','CSHelpWindow');">last step was ineffective</a>.

<<a href = "matlab: createExitMsg({'optim:fsolve:Exit3basic'},{'optim:fsolve:Exit3detailed','fsolve','4.290248e-22','2.220446e-16','7.097309e-23','1.000000e-08'},true,true);;">stopping criteria details</a>>

STEADY-STATE RESULTS:

K            		 28.1076
N            		 0.251554
SL           		 0
tas_1        		 3.77556
SfcWind_1    		 0
pr_1         		 0
sunshine_1   		 0
hurs_1       		 0
heatwave_1   		 0
maxdrydays_1 		 0
maxwetdays_1 		 0
storms_1     		 0
floods_1     		 0
fire_1       		 0
landslide_1  		 0
I_1          		 0.0629553
Y_1          		 0.263556
Q_D_1        		 2.99063
Q_I_1        		 0.6478
M_1          		 0.0700028
X_1          		 2.1115
D_X_1        		 0.413847
K_1          		 1.39901
N_1          		 0.0218819
P_D_1        		 0.146897
P_M_1        		 1.59155
W_1          		 8.14254
Q_1_1        		 5.10213
W_1_1        		 8.14254
tauKF_1_1    		 0
tauNF_1_1    		 0
P_D_1_1      		 0.146897
I_2          		 0.636052
Y_2          		 1.85878
Q_D_2        		 9.85106
Q_I_2        		 9.39811
M_2          		 1.19091
X_2          		 3.22058
D_X_2        		 0.246379
K_2          		 14.1345
N_2          		 0.134379
P_D_2        		 0.681517
P_M_2        		 1.59155
W_2          		 7.24427
Q_2_1        		 13.0716
W_2_1        		 7.24427
tauKF_2_1    		 0
tauNF_2_1    		 0
P_D_2_1      		 0.681517
I_3          		 0.565836
Y_3          		 1.65358
Q_D_3        		 6.82854
Q_I_3        		 2.74591
M_3          		 0.152724
X_3          		 0.518877
D_X_3        		 0.0706203
K_3          		 12.5741
N_3          		 0.0952926
P_D_3        		 0.505396
P_M_3        		 2.86366
W_3          		 9.08795
Q_3_1        		 7.34742
W_3_1        		 9.08795
tauKF_3_1    		 0
tauNF_3_1    		 0
P_D_3_1      		 0.505396
P            		 0.750125
lambda       		 0.384168
P_D          		 0.539645
P_M          		 1.76839
C            		 2.74429
H            		 18.4482
IH           		 0.92241
PH           		 0.0348065
DH           		 0
omegaH       		 0.0365468
PoP          		 0.972576
B            		 -10.5027
BG           		 0
NX           		 0.430781
rf           		 0.041016
G            		 0.550999
tauC         		 0.2
tauH         		 0.05
tauNH        		 0
tauKH        		 0
KG           		 5.50999
I            		 1.26484
Y            		 5.03372
Q_U          		 17.3948
Q_D          		 19.6501
Q_I          		 12.7918
Q            		 24.7781
M            		 1.38214
X            		 5.12798
G_A_DH       		 0
I_AP_DH      		 0
Q_A_1        		 2.99063
P_A_1        		 0.146897
KH_1_1       		 1.39901
r_1_1        		 0.086016
I_1_1        		 0.0629553
omegaI_1_1   		 0.750125
Q_1          		 5.10213
D_1_1        		 0.158574
D_N_1_1      		 0.0407761
D_K_1_1      		 0
K_1_1        		 155.097
I_AP_1_1     		 0
K_AP_1_1     		 0
G_A_1_1      		 0
K_A_1_1      		 0
P_1_1        		 0.0067663
Y_1_1        		 38.9512
N_1_1        		 0.0218819
Q_I_1_1      		 0.6478
A_1_1        		 66.4032
A_N_1_1      		 2.04483
A_K_1_1      		 1
Q_A_2        		 9.85106
P_A_2        		 0.681517
KH_2_1       		 14.1345
r_2_1        		 0.086016
I_2_1        		 0.636052
omegaI_2_1   		 0.750125
Q_2          		 13.0716
D_2_1        		 0.0543681
D_N_2_1      		 0.0407761
D_K_2_1      		 0
K_2_1        		 22.4024
I_AP_2_1     		 0
K_AP_2_1     		 0
G_A_2_1      		 0
K_A_2_1      		 0
P_2_1        		 0.473281
Y_2_1        		 3.92743
N_2_1        		 0.134379
Q_I_2_1      		 9.39811
A_2_1        		 5.99865
A_N_2_1      		 0.193944
A_K_2_1      		 1
Q_A_3        		 6.82854
P_A_3        		 0.505396
KH_3_1       		 12.5741
r_3_1        		 0.086016
I_3_1        		 0.565836
omegaI_3_1   		 0.750125
Q_3          		 7.34742
D_3_1        		 0.0543681
D_N_3_1      		 0.0407761
D_K_3_1      		 0
K_3_1        		 30.5887
I_AP_3_1     		 0
K_AP_3_1     		 0
G_A_3_1      		 0
K_A_3_1      		 0
P_3_1        		 0.308355
Y_3_1        		 5.3626
N_3_1        		 0.0952926
Q_I_3_1      		 2.74591
A_3_1        		 4.91194
A_N_3_1      		 0.552877
A_K_3_1      		 1

--------------------------------------------------------
MODEL SIMULATION:

Iter: 1,	 err. = 0.0694523,	 time = 0.27
Iter: 2,	 err. = 4.92435,	 time = 0.303
Iter: 3,	 err. = 0.0263872,	 time = 0.27
Iter: 4,	 err. = 5.73799e-07,	 time = 0.315

Total time of simulation: 2.135.
--------------------------------------------------------

Perfect foresight solution found.

Elapsed time is 2.154991 seconds.
=============================================
=============================================
=== Step 5 of 10 for SSP585 ===

                                         Norm of      First-order   Trust-region
 Iteration  Func-count     f(x)          step         optimality    radius
     0         11       0.0205336                          16.3               1
     1         22       0.0143947              1          0.534               1
     2         33      0.00676322            2.5           1.27             2.5
     3         44      0.00126525        5.31264           12.3            6.25
     4         55     1.84898e-07       0.205067          0.109            6.25
     5         66     1.54965e-11     0.00604971        0.00134            6.25
     6         77     1.38582e-21    1.53482e-06       9.05e-10            6.25
     7         88     1.02779e-23    2.25568e-10       9.45e-10            6.25

<a href = "matlab: helpview('optim','eqn_inaccuracy','CSHelpWindow');">Equation solved, inaccuracy possible</a>.

The vector of function values is near zero, as measured by the value
of the <a href = "matlab: helpview('optim','fcn_tolerance_fsolve','CSHelpWindow');">function tolerance</a>. However, the <a href = "matlab: helpview('optim','last_step_ineffective','CSHelpWindow');">last step was ineffective</a>.

<<a href = "matlab: createExitMsg({'optim:fsolve:Exit3basic'},{'optim:fsolve:Exit3detailed','fsolve','6.877712e-22','2.220446e-16','1.027786e-23','1.000000e-08'},true,true);;">stopping criteria details</a>>

STEADY-STATE RESULTS:

K            		 27.4865
N            		 0.256497
SL           		 0
tas_1        		 3.77556
SfcWind_1    		 0
pr_1         		 0
sunshine_1   		 0
hurs_1       		 0
heatwave_1   		 0
maxdrydays_1 		 0
maxwetdays_1 		 0
storms_1     		 0
floods_1     		 0
fire_1       		 0
landslide_1  		 0
I_1          		 0.062342
Y_1          		 0.260988
Q_D_1        		 2.91133
Q_I_1        		 0.64179
M_1          		 0.0681579
X_1          		 2.05981
D_X_1        		 0.414354
K_1          		 1.38538
N_1          		 0.0224875
P_D_1        		 0.149344
P_M_1        		 1.59155
W_1          		 7.84606
Q_1_1        		 4.97115
W_1_1        		 7.84606
tauKF_1_1    		 0
tauNF_1_1    		 0
P_D_1_1      		 0.149344
I_2          		 0.623308
Y_2          		 1.82154
Q_D_2        		 9.59146
Q_I_2        		 9.20969
M_2          		 1.15952
X_2          		 3.22206
D_X_2        		 0.251458
K_2          		 13.8513
N_2          		 0.13714
P_D_2        		 0.681308
P_M_2        		 1.59155
W_2          		 6.95623
Q_2_1        		 12.8135
W_2_1        		 6.95623
tauKF_2_1    		 0
tauNF_2_1    		 0
P_D_2_1      		 0.681308
I_3          		 0.551244
Y_3          		 1.61094
Q_D_3        		 6.64867
Q_I_3        		 2.67501
M_3          		 0.148699
X_3          		 0.520066
D_X_3        		 0.0725464
K_3          		 12.2499
N_3          		 0.0968693
P_D_3        		 0.504625
P_M_3        		 2.86366
W_3          		 8.70949
Q_3_1        		 7.16874
W_3_1        		 8.70949
tauKF_3_1    		 0
tauNF_3_1    		 0
P_D_3_1      		 0.504625
P            		 0.750125
lambda       		 0.404164
P_D          		 0.539645
P_M          		 1.76839
C            		 2.60852
H            		 17.5355
IH           		 0.876773
PH           		 0.0348065
DH           		 0
omegaH       		 0.0365468
PoP          		 0.972576
B            		 -12.5309
BG           		 0
NX           		 0.513967
rf           		 0.041016
G            		 0.523738
tauC         		 0.2
tauH         		 0.05
tauNH        		 0
tauKH        		 0
KG           		 5.23738
I            		 1.23689
Y            		 4.9238
Q_U          		 16.9363
Q_D          		 19.1322
Q_I          		 12.5265
Q            		 24.2565
M            		 1.34571
X            		 5.12425
G_A_DH       		 0
I_AP_DH      		 0
Q_A_1        		 2.91133
P_A_1        		 0.149344
KH_1_1       		 1.38538
r_1_1        		 0.086016
I_1_1        		 0.062342
omegaI_1_1   		 0.750125
Q_1          		 4.97115
D_1_1        		 0.198217
D_N_1_1      		 0.0509701
D_K_1_1      		 0
K_1_1        		 146.535
I_AP_1_1     		 0
K_AP_1_1     		 0
G_A_1_1      		 0
K_A_1_1      		 0
P_1_1        		 0.00709186
Y_1_1        		 36.8011
N_1_1        		 0.0224875
Q_I_1_1      		 0.64179
A_1_1        		 66.4032
A_N_1_1      		 2.04483
A_K_1_1      		 1
Q_A_2        		 9.59146
P_A_2        		 0.681308
KH_2_1       		 13.8513
r_2_1        		 0.086016
I_2_1        		 0.623308
omegaI_2_1   		 0.750125
Q_2          		 12.8135
D_2_1        		 0.0679601
D_N_2_1      		 0.0509701
D_K_2_1      		 0
K_2_1        		 21.9858
I_AP_2_1     		 0
K_AP_2_1     		 0
G_A_2_1      		 0
K_A_2_1      		 0
P_2_1        		 0.472588
Y_2_1        		 3.85439
N_2_1        		 0.13714
Q_I_2_1      		 9.20969
A_2_1        		 5.99865
A_N_2_1      		 0.193944
A_K_2_1      		 1
Q_A_3        		 6.64867
P_A_3        		 0.504625
KH_3_1       		 12.2499
r_3_1        		 0.086016
I_3_1        		 0.551244
omegaI_3_1   		 0.750125
Q_3          		 7.16874
D_3_1        		 0.0679601
D_N_3_1      		 0.0509701
D_K_3_1      		 0
K_3_1        		 29.9022
I_AP_3_1     		 0
K_AP_3_1     		 0
G_A_3_1      		 0
K_A_3_1      		 0
P_3_1        		 0.307299
Y_3_1        		 5.24225
N_3_1        		 0.0968693
Q_I_3_1      		 2.67501
A_3_1        		 4.91194
A_N_3_1      		 0.552877
A_K_3_1      		 1

--------------------------------------------------------
MODEL SIMULATION:

Iter: 1,	 err. = 0.0730901,	 time = 0.28
Iter: 2,	 err. = 5.17573,	 time = 0.419
Iter: 3,	 err. = 0.032068,	 time = 0.371
Iter: 4,	 err. = 9.56721e-07,	 time = 0.287

Total time of simulation: 2.435.
--------------------------------------------------------

Perfect foresight solution found.

Elapsed time is 2.450253 seconds.
=============================================
=============================================
=== Step 6 of 10 for SSP585 ===

                                         Norm of      First-order   Trust-region
 Iteration  Func-count     f(x)          step         optimality    radius
     0         11       0.0219313                          17.1               1
     1         22       0.0153301              1          0.565               1
     2         33      0.00715125            2.5            1.7             2.5
     3         44      0.00160552        5.22559             14            6.25
     4         55     2.86795e-07       0.206246          0.135            6.25
     5         66     3.78786e-11     0.00693426        0.00212            6.25
     6         77     3.40973e-21    1.94277e-06       1.01e-08            6.25
     7         88     1.18909e-23    3.00917e-10       9.16e-10            6.25

<a href = "matlab: helpview('optim','eqn_inaccuracy','CSHelpWindow');">Equation solved, inaccuracy possible</a>.

The vector of function values is near zero, as measured by the value
of the <a href = "matlab: helpview('optim','fcn_tolerance_fsolve','CSHelpWindow');">function tolerance</a>. However, the <a href = "matlab: helpview('optim','last_step_ineffective','CSHelpWindow');">last step was ineffective</a>.

<<a href = "matlab: createExitMsg({'optim:fsolve:Exit3basic'},{'optim:fsolve:Exit3detailed','fsolve','1.698921e-21','2.220446e-16','1.189086e-23','1.000000e-08'},true,true);;">stopping criteria details</a>>

STEADY-STATE RESULTS:

K            		 26.882
N            		 0.26176
SL           		 0
tas_1        		 3.77556
SfcWind_1    		 0
pr_1         		 0
sunshine_1   		 0
hurs_1       		 0
heatwave_1   		 0
maxdrydays_1 		 0
maxwetdays_1 		 0
storms_1     		 0
floods_1     		 0
fire_1       		 0
landslide_1  		 0
I_1          		 0.0617602
Y_1          		 0.258553
Q_D_1        		 2.83419
Q_I_1        		 0.63612
M_1          		 0.0663636
X_1          		 2.00601
D_X_1        		 0.414448
K_1          		 1.37245
N_1          		 0.0231341
P_D_1        		 0.152002
P_M_1        		 1.59155
W_1          		 7.55559
Q_1_1        		 4.8402
W_1_1        		 7.55559
tauKF_1_1    		 0
tauNF_1_1    		 0
P_D_1_1      		 0.152002
I_2          		 0.610905
Y_2          		 1.78529
Q_D_2        		 9.33899
Q_I_2        		 9.02627
M_2          		 1.129
X_2          		 3.22373
D_X_2        		 0.256611
K_2          		 13.5757
N_2          		 0.140078
P_D_2        		 0.681073
P_M_2        		 1.59155
W_2          		 6.67479
Q_2_1        		 12.5627
W_2_1        		 6.67479
tauKF_2_1    		 0
tauNF_2_1    		 0
P_D_2_1      		 0.681073
I_3          		 0.537023
Y_3          		 1.56938
Q_D_3        		 6.47375
Q_I_3        		 2.6059
M_3          		 0.144784
X_3          		 0.521343
D_X_3        		 0.0745298
K_3          		 11.9339
N_3          		 0.0985474
P_D_3        		 0.503801
P_M_3        		 2.86366
W_3          		 8.34033
Q_3_1        		 6.99509
W_3_1        		 8.34033
tauKF_3_1    		 0
tauNF_3_1    		 0
P_D_3_1      		 0.503801
P            		 0.750125
lambda       		 0.425693
P_D          		 0.539645
P_M          		 1.76839
C            		 2.47659
H            		 16.6486
IH           		 0.83243
PH           		 0.0348065
DH           		 0
omegaH       		 0.0365468
PoP          		 0.972576
B            		 -14.4986
BG           		 0
NX           		 0.594675
rf           		 0.041016
G            		 0.49725
tauC         		 0.2
tauH         		 0.05
tauNH        		 0
tauKH        		 0
KG           		 4.9725
I            		 1.20969
Y            		 4.81683
Q_U          		 16.4905
Q_D          		 18.6286
Q_I          		 12.2683
Q            		 23.7489
M            		 1.31028
X            		 5.12034
G_A_DH       		 0
I_AP_DH      		 0
Q_A_1        		 2.83419
P_A_1        		 0.152002
KH_1_1       		 1.37245
r_1_1        		 0.086016
I_1_1        		 0.0617602
omegaI_1_1   		 0.750125
Q_1          		 4.8402
D_1_1        		 0.23786
D_N_1_1      		 0.0611641
D_K_1_1      		 0
K_1_1        		 138.06
I_AP_1_1     		 0
K_AP_1_1     		 0
G_A_1_1      		 0
K_A_1_1      		 0
P_1_1        		 0.00745695
Y_1_1        		 34.6727
N_1_1        		 0.0231341
Q_I_1_1      		 0.63612
A_1_1        		 66.4032
A_N_1_1      		 2.04483
A_K_1_1      		 1
Q_A_2        		 9.33899
P_A_2        		 0.681073
KH_2_1       		 13.5757
r_2_1        		 0.086016
I_2_1        		 0.610905
omegaI_2_1   		 0.750125
Q_2          		 12.5627
D_2_1        		 0.0815521
D_N_2_1      		 0.0611641
D_K_2_1      		 0
K_2_1        		 21.584
I_AP_2_1     		 0
K_AP_2_1     		 0
G_A_2_1      		 0
K_A_2_1      		 0
P_2_1        		 0.471805
Y_2_1        		 3.78396
N_2_1        		 0.140078
Q_I_2_1      		 9.02627
A_2_1        		 5.99865
A_N_2_1      		 0.193944
A_K_2_1      		 1
Q_A_3        		 6.47375
P_A_3        		 0.503801
KH_3_1       		 11.9339
r_3_1        		 0.086016
I_3_1        		 0.537023
omegaI_3_1   		 0.750125
Q_3          		 6.99509
D_3_1        		 0.0815521
D_N_3_1      		 0.0611641
D_K_3_1      		 0
K_3_1        		 29.2379
I_AP_3_1     		 0
K_AP_3_1     		 0
G_A_3_1      		 0
K_A_3_1      		 0
P_3_1        		 0.306174
Y_3_1        		 5.12579
N_3_1        		 0.0985474
Q_I_3_1      		 2.6059
A_3_1        		 4.91194
A_N_3_1      		 0.552877
A_K_3_1      		 1

--------------------------------------------------------
MODEL SIMULATION:

Iter: 1,	 err. = 0.0770073,	 time = 0.356
Iter: 2,	 err. = 5.44816,	 time = 0.31
Iter: 3,	 err. = 0.0393892,	 time = 0.465
Iter: 4,	 err. = 1.6459e-06,	 time = 0.589

Total time of simulation: 3.042.
--------------------------------------------------------

Perfect foresight solution found.

Elapsed time is 3.061172 seconds.
=============================================
=============================================
=== Step 7 of 10 for SSP585 ===

                                         Norm of      First-order   Trust-region
 Iteration  Func-count     f(x)          step         optimality    radius
     0         11       0.0235148                          17.9               1
     1         22       0.0163916              1          0.599               1
     2         33      0.00759678            2.5           2.22             2.5
     3         44      0.00206128        5.13956             16            6.25
     4         55     4.54192e-07       0.207474          0.169            6.25
     5         66      1.0256e-10     0.00803878        0.00351            6.25
     6         77     6.14821e-21    2.45784e-06          9e-09            6.25
     7         88      8.7422e-24    4.03755e-10       5.38e-10            6.25

<a href = "matlab: helpview('optim','eqn_inaccuracy','CSHelpWindow');">Equation solved, inaccuracy possible</a>.

The vector of function values is near zero, as measured by the value
of the <a href = "matlab: helpview('optim','fcn_tolerance_fsolve','CSHelpWindow');">function tolerance</a>. However, the <a href = "matlab: helpview('optim','last_step_ineffective','CSHelpWindow');">last step was ineffective</a>.

<<a href = "matlab: createExitMsg({'optim:fsolve:Exit3basic'},{'optim:fsolve:Exit3detailed','fsolve','3.069736e-21','2.220446e-16','8.742198e-24','1.000000e-08'},true,true);;">stopping criteria details</a>>

STEADY-STATE RESULTS:

K            		 26.2936
N            		 0.267372
SL           		 0
tas_1        		 3.77556
SfcWind_1    		 0
pr_1         		 0
sunshine_1   		 0
hurs_1       		 0
heatwave_1   		 0
maxdrydays_1 		 0
maxwetdays_1 		 0
storms_1     		 0
floods_1     		 0
fire_1       		 0
landslide_1  		 0
I_1          		 0.0612124
Y_1          		 0.256259
Q_D_1        		 2.75916
Q_I_1        		 0.630817
M_1          		 0.064619
X_1          		 1.94996
D_X_1        		 0.414081
K_1          		 1.36028
N_1          		 0.0238262
P_D_1        		 0.154902
P_M_1        		 1.59155
W_1          		 7.27105
Q_1_1        		 4.70912
W_1_1        		 7.27105
tauKF_1_1    		 0
tauNF_1_1    		 0
P_D_1_1      		 0.154902
I_2          		 0.598835
Y_2          		 1.75002
Q_D_2        		 9.09352
Q_I_2        		 8.84776
M_2          		 1.09932
X_2          		 3.22563
D_X_2        		 0.261839
K_2          		 13.3074
N_2          		 0.14321
P_D_2        		 0.680805
P_M_2        		 1.59155
W_2          		 6.39982
Q_2_1        		 12.3192
W_2_1        		 6.39982
tauKF_2_1    		 0
tauNF_2_1    		 0
P_D_2_1      		 0.680805
I_3          		 0.523164
Y_3          		 1.52888
Q_D_3        		 6.30368
Q_I_3        		 2.53855
M_3          		 0.140978
X_3          		 0.522718
D_X_3        		 0.076573
K_3          		 11.6259
N_3          		 0.100336
P_D_3        		 0.502918
P_M_3        		 2.86366
W_3          		 7.98026
Q_3_1        		 6.82639
W_3_1        		 7.98026
tauKF_3_1    		 0
tauNF_3_1    		 0
P_D_3_1      		 0.502918
P            		 0.750125
lambda       		 0.44892
P_D          		 0.539645
P_M          		 1.76839
C            		 2.34846
H            		 15.7872
IH           		 0.789362
PH           		 0.0348065
DH           		 0
omegaH       		 0.0365468
PoP          		 0.972576
B            		 -16.4067
BG           		 0
NX           		 0.672936
rf           		 0.041016
G            		 0.471523
tauC         		 0.2
tauH         		 0.05
tauNH        		 0
tauKH        		 0
KG           		 4.71523
I            		 1.18321
Y            		 4.71276
Q_U          		 16.057
Q_D          		 18.1389
Q_I          		 12.0171
Q            		 23.2551
M            		 1.27584
X            		 5.11625
G_A_DH       		 0
I_AP_DH      		 0
Q_A_1        		 2.75916
P_A_1        		 0.154902
KH_1_1       		 1.36028
r_1_1        		 0.086016
I_1_1        		 0.0612124
omegaI_1_1   		 0.750125
Q_1          		 4.70912
D_1_1        		 0.277504
D_N_1_1      		 0.0713581
D_K_1_1      		 0
K_1_1        		 129.672
I_AP_1_1     		 0
K_AP_1_1     		 0
G_A_1_1      		 0
K_A_1_1      		 0
P_1_1        		 0.00786892
Y_1_1        		 32.566
N_1_1        		 0.0238262
Q_I_1_1      		 0.630817
A_1_1        		 66.4032
A_N_1_1      		 2.04483
A_K_1_1      		 1
Q_A_2        		 9.09352
P_A_2        		 0.680805
KH_2_1       		 13.3074
r_2_1        		 0.086016
I_2_1        		 0.598835
omegaI_2_1   		 0.750125
Q_2          		 12.3192
D_2_1        		 0.0951441
D_N_2_1      		 0.0713581
D_K_2_1      		 0
K_2_1        		 21.1974
I_AP_2_1     		 0
K_AP_2_1     		 0
G_A_2_1      		 0
K_A_2_1      		 0
P_2_1        		 0.470919
Y_2_1        		 3.71618
N_2_1        		 0.14321
Q_I_2_1      		 8.84776
A_2_1        		 5.99865
A_N_2_1      		 0.193944
A_K_2_1      		 1
Q_A_3        		 6.30368
P_A_3        		 0.502918
KH_3_1       		 11.6259
r_3_1        		 0.086016
I_3_1        		 0.523164
omegaI_3_1   		 0.750125
Q_3          		 6.82639
D_3_1        		 0.0951441
D_N_3_1      		 0.0713581
D_K_3_1      		 0
K_3_1        		 28.5959
I_AP_3_1     		 0
K_AP_3_1     		 0
G_A_3_1      		 0
K_A_3_1      		 0
P_3_1        		 0.304969
Y_3_1        		 5.01324
N_3_1        		 0.100336
Q_I_3_1      		 2.53855
A_3_1        		 4.91194
A_N_3_1      		 0.552877
A_K_3_1      		 1

--------------------------------------------------------
MODEL SIMULATION:

Iter: 1,	 err. = 0.0812409,	 time = 0.323
Iter: 2,	 err. = 5.74415,	 time = 0.313
Iter: 3,	 err. = 0.048969,	 time = 0.284
Iter: 4,	 err. = 2.9347e-06,	 time = 0.282

Total time of simulation: 2.167.
--------------------------------------------------------

Perfect foresight solution found.

Elapsed time is 2.180138 seconds.
=============================================
=============================================
=== Step 8 of 10 for SSP585 ===

                                         Norm of      First-order   Trust-region
 Iteration  Func-count     f(x)          step         optimality    radius
     0         11       0.0253217                          18.8               1
     1         22       0.0176056              1          0.637               1
     2         33      0.00811358            2.5           2.85             2.5
     3         44      0.00267697        5.05386           18.3            6.25
     4         55     7.37177e-07       0.208508          0.212            6.25
     5         66     2.77713e-10     0.00942508        0.00581            6.25
     6         77     2.45504e-20    4.47844e-06       3.21e-08            6.25
     7         88     7.58265e-23    6.83381e-10       2.72e-09            6.25

<a href = "matlab: helpview('optim','eqn_inaccuracy','CSHelpWindow');">Equation solved, inaccuracy possible</a>.

The vector of function values is near zero, as measured by the value
of the <a href = "matlab: helpview('optim','fcn_tolerance_fsolve','CSHelpWindow');">function tolerance</a>. However, the <a href = "matlab: helpview('optim','last_step_ineffective','CSHelpWindow');">last step was ineffective</a>.

<<a href = "matlab: createExitMsg({'optim:fsolve:Exit3basic'},{'optim:fsolve:Exit3detailed','fsolve','1.223727e-20','2.220446e-16','7.582653e-23','1.000000e-08'},true,true);;">stopping criteria details</a>>

STEADY-STATE RESULTS:

K            		 25.721
N            		 0.273368
SL           		 0
tas_1        		 3.77556
SfcWind_1    		 0
pr_1         		 0
sunshine_1   		 0
hurs_1       		 0
heatwave_1   		 0
maxdrydays_1 		 0
maxwetdays_1 		 0
storms_1     		 0
floods_1     		 0
fire_1       		 0
landslide_1  		 0
I_1          		 0.0607014
Y_1          		 0.25412
Q_D_1        		 2.68621
Q_I_1        		 0.625912
M_1          		 0.0629232
X_1          		 1.89148
D_X_1        		 0.413196
K_1          		 1.34892
N_1          		 0.0245689
P_D_1        		 0.158078
P_M_1        		 1.59155
W_1          		 6.99237
Q_1_1        		 4.57769
W_1_1        		 6.99237
tauKF_1_1    		 0
tauNF_1_1    		 0
P_D_1_1      		 0.158078
I_2          		 0.587089
Y_2          		 1.71569
Q_D_2        		 8.85492
Q_I_2        		 8.67403
M_2          		 1.07047
X_2          		 3.22779
D_X_2        		 0.267141
K_2          		 13.0464
N_2          		 0.146554
P_D_2        		 0.680502
P_M_2        		 1.59155
W_2          		 6.13114
Q_2_1        		 12.0827
W_2_1        		 6.13114
tauKF_2_1    		 0
tauNF_2_1    		 0
P_D_2_1      		 0.680502
I_3          		 0.509654
Y_3          		 1.4894
Q_D_3        		 6.13836
Q_I_3        		 2.47289
M_3          		 0.137278
X_3          		 0.524206
D_X_3        		 0.0786792
K_3          		 11.3257
N_3          		 0.102245
P_D_3        		 0.501965
P_M_3        		 2.86366
W_3          		 7.62905
Q_3_1        		 6.66257
W_3_1        		 7.62905
tauKF_3_1    		 0
tauNF_3_1    		 0
P_D_3_1      		 0.501965
P            		 0.750125
lambda       		 0.474031
P_D          		 0.539645
P_M          		 1.76839
C            		 2.22405
H            		 14.9509
IH           		 0.747545
PH           		 0.0348065
DH           		 0
omegaH       		 0.0365468
PoP          		 0.972576
B            		 -18.256
BG           		 0
NX           		 0.748788
rf           		 0.041016
G            		 0.446544
tauC         		 0.2
tauH         		 0.05
tauNH        		 0
tauKH        		 0
KG           		 4.46544
I            		 1.15744
Y            		 4.61151
Q_U          		 15.6356
Q_D          		 17.6628
Q_I          		 11.7728
Q            		 22.7748
M            		 1.24236
X            		 5.11197
G_A_DH       		 0
I_AP_DH      		 0
Q_A_1        		 2.68621
P_A_1        		 0.158078
KH_1_1       		 1.34892
r_1_1        		 0.086016
I_1_1        		 0.0607014
omegaI_1_1   		 0.750125
Q_1          		 4.57769
D_1_1        		 0.317147
D_N_1_1      		 0.0815521
D_K_1_1      		 0
K_1_1        		 121.369
I_AP_1_1     		 0
K_AP_1_1     		 0
G_A_1_1      		 0
K_A_1_1      		 0
P_1_1        		 0.00833703
Y_1_1        		 30.4809
N_1_1        		 0.0245689
Q_I_1_1      		 0.625912
A_1_1        		 66.4032
A_N_1_1      		 2.04483
A_K_1_1      		 1
Q_A_2        		 8.85492
P_A_2        		 0.680502
KH_2_1       		 13.0464
r_2_1        		 0.086016
I_2_1        		 0.587089
omegaI_2_1   		 0.750125
Q_2          		 12.0827
D_2_1        		 0.108736
D_N_2_1      		 0.0815521
D_K_2_1      		 0
K_2_1        		 20.8261
I_AP_2_1     		 0
K_AP_2_1     		 0
G_A_2_1      		 0
K_A_2_1      		 0
P_2_1        		 0.469914
Y_2_1        		 3.65108
N_2_1        		 0.146554
Q_I_2_1      		 8.67403
A_2_1        		 5.99865
A_N_2_1      		 0.193944
A_K_2_1      		 1
Q_A_3        		 6.13836
P_A_3        		 0.501965
KH_3_1       		 11.3257
r_3_1        		 0.086016
I_3_1        		 0.509654
omegaI_3_1   		 0.750125
Q_3          		 6.66257
D_3_1        		 0.108736
D_N_3_1      		 0.0815521
D_K_3_1      		 0
K_3_1        		 27.9763
I_AP_3_1     		 0
K_AP_3_1     		 0
G_A_3_1      		 0
K_A_3_1      		 0
P_3_1        		 0.303674
Y_3_1        		 4.90461
N_3_1        		 0.102245
Q_I_3_1      		 2.47289
A_3_1        		 4.91194
A_N_3_1      		 0.552877
A_K_3_1      		 1

--------------------------------------------------------
MODEL SIMULATION:

Iter: 1,	 err. = 0.0858365,	 time = 0.368
Iter: 2,	 err. = 6.06656,	 time = 0.605
Iter: 3,	 err. = 0.0617213,	 time = 0.766
Iter: 4,	 err. = 5.45307e-06,	 time = 0.377

Total time of simulation: 3.436.
--------------------------------------------------------

Perfect foresight solution found.

Elapsed time is 3.465580 seconds.
=============================================
=============================================
=== Step 9 of 10 for SSP585 ===

                                         Norm of      First-order   Trust-region
 Iteration  Func-count     f(x)          step         optimality    radius
     0         11       0.0274007                          19.7               1
     1         22       0.0190059              1          0.678               1
     2         33       0.0087191            2.5           3.61             2.5
     3         44      0.00351674        4.96802           21.2            6.25
     4         55     1.22092e-06       0.209419          0.269            6.25
     5         66     8.08867e-10      0.0111914        0.00996            6.25
     6         77      1.1653e-19    6.16603e-06       7.79e-08            6.25
     7         88     1.44805e-23    1.53974e-09       1.27e-09            6.25

<a href = "matlab: helpview('optim','eqn_inaccuracy','CSHelpWindow');">Equation solved, inaccuracy possible</a>.

The vector of function values is near zero, as measured by the value
of the <a href = "matlab: helpview('optim','fcn_tolerance_fsolve','CSHelpWindow');">function tolerance</a>. However, the <a href = "matlab: helpview('optim','last_step_ineffective','CSHelpWindow');">last step was ineffective</a>.

<<a href = "matlab: createExitMsg({'optim:fsolve:Exit3basic'},{'optim:fsolve:Exit3detailed','fsolve','5.825791e-20','2.220446e-16','1.448052e-23','1.000000e-08'},true,true);;">stopping criteria details</a>>

STEADY-STATE RESULTS:

K            		 25.1638
N            		 0.279784
SL           		 0
tas_1        		 3.77556
SfcWind_1    		 0
pr_1         		 0
sunshine_1   		 0
hurs_1       		 0
heatwave_1   		 0
maxdrydays_1 		 0
maxwetdays_1 		 0
storms_1     		 0
floods_1     		 0
fire_1       		 0
landslide_1  		 0
I_1          		 0.0602306
Y_1          		 0.252149
Q_D_1        		 2.61528
Q_I_1        		 0.621445
M_1          		 0.0612751
X_1          		 1.83042
D_X_1        		 0.411728
K_1          		 1.33846
N_1          		 0.0253686
P_D_1        		 0.161574
P_M_1        		 1.59155
W_1          		 6.71946
Q_1_1        		 4.4457
W_1_1        		 6.71946
tauKF_1_1    		 0
tauNF_1_1    		 0
P_D_1_1      		 0.161574
I_2          		 0.57566
Y_2          		 1.68229
Q_D_2        		 8.62303
Q_I_2        		 8.50496
M_2          		 1.04243
X_2          		 3.23025
D_X_2        		 0.27252
K_2          		 12.7924
N_2          		 0.150131
P_D_2        		 0.680156
P_M_2        		 1.59155
W_2          		 5.86856
Q_2_1        		 11.8533
W_2_1        		 5.86856
tauKF_2_1    		 0
tauNF_2_1    		 0
P_D_2_1      		 0.680156
I_3          		 0.49648
Y_3          		 1.4509
Q_D_3        		 5.97771
Q_I_3        		 2.40886
M_3          		 0.133683
X_3          		 0.525824
D_X_3        		 0.0808521
K_3          		 11.0329
N_3          		 0.104285
P_D_3        		 0.500935
P_M_3        		 2.86366
W_3          		 7.28645
Q_3_1        		 6.50353
W_3_1        		 7.28645
tauKF_3_1    		 0
tauNF_3_1    		 0
P_D_3_1      		 0.500935
P            		 0.750125
lambda       		 0.501247
P_D          		 0.539645
P_M          		 1.76839
C            		 2.10329
H            		 14.1391
IH           		 0.706957
PH           		 0.0348065
DH           		 0
omegaH       		 0.0365468
PoP          		 0.972576
B            		 -20.0475
BG           		 0
NX           		 0.82227
rf           		 0.041016
G            		 0.422299
tauC         		 0.2
tauH         		 0.05
tauNH        		 0
tauKH        		 0
KG           		 4.22299
I            		 1.13237
Y            		 4.51304
Q_U          		 15.226
Q_D          		 17.2002
Q_I          		 11.5353
Q            		 22.3077
M            		 1.20982
X            		 5.10748
G_A_DH       		 0
I_AP_DH      		 0
Q_A_1        		 2.61528
P_A_1        		 0.161574
KH_1_1       		 1.33846
r_1_1        		 0.086016
I_1_1        		 0.0602306
omegaI_1_1   		 0.750125
Q_1          		 4.4457
D_1_1        		 0.356791
D_N_1_1      		 0.0917461
D_K_1_1      		 0
K_1_1        		 113.153
I_AP_1_1     		 0
K_AP_1_1     		 0
G_A_1_1      		 0
K_A_1_1      		 0
P_1_1        		 0.00887306
Y_1_1        		 28.4174
N_1_1        		 0.0253686
Q_I_1_1      		 0.621445
A_1_1        		 66.4032
A_N_1_1      		 2.04483
A_K_1_1      		 1
Q_A_2        		 8.62303
P_A_2        		 0.680156
KH_2_1       		 12.7924
r_2_1        		 0.086016
I_2_1        		 0.57566
omegaI_2_1   		 0.750125
Q_2          		 11.8533
D_2_1        		 0.122328
D_N_2_1      		 0.0917461
D_K_2_1      		 0
K_2_1        		 20.4705
I_AP_2_1     		 0
K_AP_2_1     		 0
G_A_2_1      		 0
K_A_2_1      		 0
P_2_1        		 0.468769
Y_2_1        		 3.58874
N_2_1        		 0.150131
Q_I_2_1      		 8.50496
A_2_1        		 5.99865
A_N_2_1      		 0.193944
A_K_2_1      		 1
Q_A_3        		 5.97771
P_A_3        		 0.500935
KH_3_1       		 11.0329
r_3_1        		 0.086016
I_3_1        		 0.49648
omegaI_3_1   		 0.750125
Q_3          		 6.50353
D_3_1        		 0.122328
D_N_3_1      		 0.0917461
D_K_3_1      		 0
K_3_1        		 27.3792
I_AP_3_1     		 0
K_AP_3_1     		 0
G_A_3_1      		 0
K_A_3_1      		 0
P_3_1        		 0.302276
Y_3_1        		 4.79992
N_3_1        		 0.104285
Q_I_3_1      		 2.40886
A_3_1        		 4.91194
A_N_3_1      		 0.552877
A_K_3_1      		 1

--------------------------------------------------------
MODEL SIMULATION:

Iter: 1,	 err. = 0.0908512,	 time = 0.367
Iter: 2,	 err. = 6.41858,	 time = 0.451
Iter: 3,	 err. = 0.0790314,	 time = 0.622
Iter: 4,	 err. = 1.06312e-05,	 time = 0.316
Iter: 5,	 err. = 4.583e-13,	 time = 0.729

Total time of simulation: 4.548.
--------------------------------------------------------

Perfect foresight solution found.

Elapsed time is 4.574067 seconds.
=============================================
=============================================
=== Step 10 of 10 for SSP585 ===

                                         Norm of      First-order   Trust-region
 Iteration  Func-count     f(x)          step         optimality    radius
     0         11       0.0298145                          20.6               1
     1         22       0.0206367              1          0.803               1
     2         33      0.00943866            2.5           4.55             2.5
     3         44       0.0046875        4.88106           24.6            6.25
     4         55     2.08625e-06       0.209863          0.346            6.25
     5         66     2.46967e-09      0.0134953         0.0174            6.25
     6         77     6.64635e-19    1.00597e-05       1.69e-07            6.25
     7         88     7.76592e-23    3.56134e-09       3.08e-09            6.25

<a href = "matlab: helpview('optim','eqn_inaccuracy','CSHelpWindow');">Equation solved, inaccuracy possible</a>.

The vector of function values is near zero, as measured by the value
of the <a href = "matlab: helpview('optim','fcn_tolerance_fsolve','CSHelpWindow');">function tolerance</a>. However, the <a href = "matlab: helpview('optim','last_step_ineffective','CSHelpWindow');">last step was ineffective</a>.

<<a href = "matlab: createExitMsg({'optim:fsolve:Exit3basic'},{'optim:fsolve:Exit3detailed','fsolve','3.322789e-19','2.220446e-16','7.765918e-23','1.000000e-08'},true,true);;">stopping criteria details</a>>

STEADY-STATE RESULTS:

K            		 24.6215
N            		 0.286665
SL           		 0
tas_1        		 3.77556
SfcWind_1    		 0
pr_1         		 0
sunshine_1   		 0
hurs_1       		 0
heatwave_1   		 0
maxdrydays_1 		 0
maxwetdays_1 		 0
storms_1     		 0
floods_1     		 0
fire_1       		 0
landslide_1  		 0
I_1          		 0.0598048
Y_1          		 0.250366
Q_D_1        		 2.54632
Q_I_1        		 0.617468
M_1          		 0.0596735
X_1          		 1.76656
D_X_1        		 0.409601
K_1          		 1.329
N_1          		 0.0262325
P_D_1        		 0.165445
P_M_1        		 1.59155
W_1          		 6.45222
Q_1_1        		 4.31288
W_1_1        		 6.45222
tauKF_1_1    		 0
tauNF_1_1    		 0
P_D_1_1      		 0.165445
I_2          		 0.564537
Y_2          		 1.64979
Q_D_2        		 8.39769
Q_I_2        		 8.34039
M_2          		 1.01519
X_2          		 3.23308
D_X_2        		 0.277976
K_2          		 12.5453
N_2          		 0.153964
P_D_2        		 0.679759
P_M_2        		 1.59155
W_2          		 5.61189
Q_2_1        		 11.6308
W_2_1        		 5.61189
tauKF_2_1    		 0
tauNF_2_1    		 0
P_D_2_1      		 0.679759
I_3          		 0.483626
Y_3          		 1.41333
Q_D_3        		 5.82159
Q_I_3        		 2.34637
M_3          		 0.130188
X_3          		 0.527595
D_X_3        		 0.0830965
K_3          		 10.7472
N_3          		 0.106469
P_D_3        		 0.499813
P_M_3        		 2.86366
W_3          		 6.95217
Q_3_1        		 6.34919
W_3_1        		 6.95217
tauKF_3_1    		 0
tauNF_3_1    		 0
P_D_3_1      		 0.499813
P            		 0.750125
lambda       		 0.530822
P_D          		 0.539645
P_M          		 1.76839
C            		 1.98611
H            		 13.3514
IH           		 0.667569
PH           		 0.0348065
DH           		 0
omegaH       		 0.0365468
PoP          		 0.972576
B            		 -21.7823
BG           		 0
NX           		 0.893425
rf           		 0.041016
G            		 0.39877
tauC         		 0.2
tauH         		 0.05
tauNH        		 0
tauKH        		 0
KG           		 3.9877
I            		 1.10797
Y            		 4.41725
Q_U          		 14.8281
Q_D          		 16.7506
Q_I          		 11.3042
Q            		 21.8534
M            		 1.1782
X            		 5.10277
G_A_DH       		 0
I_AP_DH      		 0
Q_A_1        		 2.54632
P_A_1        		 0.165445
KH_1_1       		 1.329
r_1_1        		 0.086016
I_1_1        		 0.0598048
omegaI_1_1   		 0.750125
Q_1          		 4.31288
D_1_1        		 0.396434
D_N_1_1      		 0.10194
D_K_1_1      		 0
K_1_1        		 105.024
I_AP_1_1     		 0
K_AP_1_1     		 0
G_A_1_1      		 0
K_A_1_1      		 0
P_1_1        		 0.00949226
Y_1_1        		 26.3758
N_1_1        		 0.0262325
Q_I_1_1      		 0.617468
A_1_1        		 66.4032
A_N_1_1      		 2.04483
A_K_1_1      		 1
Q_A_2        		 8.39769
P_A_2        		 0.679759
KH_2_1       		 12.5453
r_2_1        		 0.086016
I_2_1        		 0.564537
omegaI_2_1   		 0.750125
Q_2          		 11.6308
D_2_1        		 0.13592
D_N_2_1      		 0.10194
D_K_2_1      		 0
K_2_1        		 20.1311
I_AP_2_1     		 0
K_AP_2_1     		 0
G_A_2_1      		 0
K_A_2_1      		 0
P_2_1        		 0.467462
Y_2_1        		 3.52924
N_2_1        		 0.153964
Q_I_2_1      		 8.34039
A_2_1        		 5.99865
A_N_2_1      		 0.193944
A_K_2_1      		 1
Q_A_3        		 5.82159
P_A_3        		 0.499813
KH_3_1       		 10.7472
r_3_1        		 0.086016
I_3_1        		 0.483626
omegaI_3_1   		 0.750125
Q_3          		 6.34919
D_3_1        		 0.13592
D_N_3_1      		 0.10194
D_K_3_1      		 0
K_3_1        		 26.8049
I_AP_3_1     		 0
K_AP_3_1     		 0
G_A_3_1      		 0
K_A_3_1      		 0
P_3_1        		 0.300758
Y_3_1        		 4.69924
N_3_1        		 0.106469
Q_I_3_1      		 2.34637
A_3_1        		 4.91194
A_N_3_1      		 0.552877
A_K_3_1      		 1

EIGENVALUES:
         Modulus             Real        Imaginary

               0                0                0
       1.913e-20        1.913e-20                0
       1.096e-19        1.096e-19                0
        1.71e-19         1.71e-19                0
       2.341e-19       -2.341e-19                0
       2.438e-19        2.438e-19                0
       2.799e-19       -2.799e-19                0
       3.974e-17       -3.974e-17                0
        2.68e-16        -2.68e-16                0
          0.4102           0.4102                0
          0.8583           0.8583                0
             0.9              0.9                0
          0.9059           0.9012          0.09251
          0.9059           0.9012         -0.09251
          0.9108           0.9066          0.08795
          0.9108           0.9066         -0.08795
           0.935            0.935                0
           1.129            1.123           0.1076
           1.129            1.123          -0.1076
           1.132            1.126           0.1132
           1.132            1.126          -0.1132
            1.15            1.146          0.09476
            1.15            1.146         -0.09476
           2.544            2.544                0
       1.739e+41       -1.739e+41                0
       1.395e+44       -1.395e+44                0
       6.174e+44        6.174e+44                0
             Inf              Inf                0
             Inf              Inf                0
             Inf              Inf                0
             Inf              Inf                0
             Inf             -Inf                0
             Inf             -Inf                0
             Inf             -Inf                0
             Inf             -Inf                0
             Inf             -Inf                0


There are 19 eigenvalue(s) larger than 1 in modulus 
for 19 forward-looking variable(s)

The rank condition is verified.


--------------------------------------------------------
MODEL SIMULATION:

Iter: 1,	 err. = 0.0963577,	 time = 0.472
Iter: 2,	 err. = 6.80364,	 time = 0.537
Iter: 3,	 err. = 0.103058,	 time = 0.414
Iter: 4,	 err. = 2.19332e-05,	 time = 0.266
Iter: 5,	 err. = 9.09495e-13,	 time = 0.249

Total time of simulation: 3.686.
--------------------------------------------------------

Perfect foresight solution found.

Elapsed time is 3.700959 seconds.
=============================================

--------------------------------------------------------
MODEL SIMULATION:

Iter: 1,	 err. = 9.09495e-13,	 time = 0.521

Total time of simulation: 0.524.
--------------------------------------------------------

Perfect foresight solution found.

Total computing time : 0h00m58s
