Starting preprocessing of the model file ...
Found 299 equation(s).
Evaluating expressions...done
Computing static model derivatives (order 1).
Computing dynamic model derivatives (order 2).
Processing outputs ...
done
Preprocessing completed.
=============================================
=== Step 1 of 10 for SSP585_AdaptPublic ===

                                         Norm of      First-order   Trust-region
 Iteration  Func-count     f(x)          step         optimality    radius
     0         22      0.00813689                          96.2               1
     1         44      0.00253473              1           75.2               1
     2         66     0.000392169       0.655413           36.8               1
     3         88     8.29827e-09      0.0075687         0.0505               1
     4        110     5.10873e-14     0.00102167       0.000406               1
     5        132     1.20905e-21    6.79891e-07       1.77e-09               1
     6        154     1.72435e-23    4.01875e-10       5.47e-09               1

<a href = "matlab: helpview('optim','eqn_inaccuracy','CSHelpWindow');">Equation solved, inaccuracy possible</a>.

The vector of function values is near zero, as measured by the value
of the <a href = "matlab: helpview('optim','fcn_tolerance_fsolve','CSHelpWindow');">function tolerance</a>. However, the <a href = "matlab: helpview('optim','last_step_ineffective','CSHelpWindow');">last step was ineffective</a>.

<<a href = "matlab: createExitMsg({'optim:fsolve:Exit3basic'},{'optim:fsolve:Exit3detailed','fsolve','5.959010e-22','2.220446e-16','1.724354e-23','1.000000e-08'},true,true);;">stopping criteria details</a>>

STEADY-STATE RESULTS:

K            		 28.2996
N            		 0.192793
SL           		 61.038
tas_1        		 3.94396
SfcWind_1    		 0
pr_1         		 0
sunshine_1   		 0
hurs_1       		 0
heatwave_1   		 0
maxdrydays_1 		 0
maxwetdays_1 		 0
storms_1     		 0
floods_1     		 0
fire_1       		 0
landslide_1  		 0
tas_2        		 3.84049
SfcWind_2    		 0
pr_2         		 0
sunshine_2   		 0
hurs_2       		 0
heatwave_2   		 0
maxdrydays_2 		 0
maxwetdays_2 		 0
storms_2     		 0
floods_2     		 0
fire_2       		 0
landslide_2  		 0
I_1          		 0.0953016
Y_1          		 0.0615075
Q_D_1        		 0.9549
Q_I_1        		 0.098856
M_1          		 0.00113642
X_1          		 0.519588
D_X_1        		 0.352386
K_1          		 0.470193
N_1          		 0.0053777
P_D_1        		 0.0932063
P_M_1        		 2.26403
W_1          		 6.17291
Q_1_1        		 0.656371
W_1_1        		 6.18816
tauKF_1_1    		 0
tauNF_1_1    		 0
P_D_1_1      		 0.0925254
Q_1_2        		 0.81818
W_1_2        		 6.16088
tauKF_1_2    		 0
tauNF_1_2    		 0
P_D_1_2      		 0.0937454
Y_2          		 0.217471
Q_D_2        		 4.41973
Q_I_2        		 0.456082
M_2          		 0.0566149
X_2          		 0.910299
D_X_2        		 0.170787
K_2          		 1.64762
N_2          		 0.0191076
P_D_2        		 0.10652
P_M_2        		 2.26403
W_2          		 6.19851
Q_2_1        		 3.83623
W_2_1        		 6.19851
tauKF_2_1    		 0
tauNF_2_1    		 0
P_D_2_1      		 0.10652
Q_2_2        		 1.4938
W_2_2        		 6.19851
tauKF_2_2    		 0
tauNF_2_2    		 0
P_D_2_2      		 0.10652
I_2          		 0.605132
Y_3          		 1.77493
Q_D_3        		 8.59291
Q_I_3        		 6.89927
M_3          		 0.545429
X_3          		 1.51373
D_X_3        		 0.149776
K_3          		 13.4474
N_3          		 0.069008
P_D_3        		 0.699912
P_M_3        		 2.26403
W_3          		 14.008
Q_3_1        		 8.19697
W_3_1        		 13.9928
tauKF_3_1    		 0
tauNF_3_1    		 0
P_D_3_1      		 0.699722
Q_3_2        		 1.90968
W_3_2        		 14.0733
tauKF_3_2    		 0
tauNF_3_2    		 0
P_D_3_2      		 0.700727
I_3          		 0.57305
Y_4          		 2.11538
Q_D_4        		 7.06312
Q_I_4        		 5.34073
M_4          		 0.00674636
X_4          		 0.515695
D_X_4        		 0.0680443
K_4          		 12.7344
N_4          		 0.0992999
P_D_4        		 0.82034
P_M_4        		 12.9206
W_4          		 13.9901
Q_4_1        		 6.25228
W_4_1        		 14.2433
tauKF_4_1    		 0
tauNF_4_1    		 0
P_D_4_1      		 0.825091
Q_4_2        		 1.3278
W_4_2        		 12.8747
tauKF_4_2    		 0
tauNF_4_2    		 0
P_D_4_2      		 0.797184
P            		 0.768027
lambda       		 0.302357
P_D          		 0.589628
P_M          		 2.51559
C            		 3.24979
H            		 21.0832
IH           		 1.05416
PH           		 0.0189525
DH           		 0
omegaH       		 0.0199001
PoP          		 0.917138
B            		 -5.55947
BG           		 0
NX           		 0.228028
rf           		 0.041016
G            		 0.638238
tauC         		 0.2
tauH         		 0.05
tauNH        		 0
tauKH        		 0
KG           		 6.38238
I            		 1.27348
Y            		 5.42857
Q_U          		 17.9955
Q_D          		 20.9763
Q_I          		 12.7949
Q            		 23.7373
M            		 0.577513
X            		 2.76092
G_A_DH       		 0
I_AP_DH      		 0
Q_A_1        		 5.37457
P_A_1        		 0.104156
KH_1_1       		 1.39365
r_1_1        		 0.086016
I_1_1        		 0.0627144
omegaI_1_1   		 0.768027
KH_1_2       		 0.724159
r_1_2        		 0.086016
I_1_2        		 0.0325872
omegaI_1_2   		 0.768027
Q_1          		 1.47449
D_1_1        		 0.0118319
D_N_1_1      		 0
D_K_1_1      		 0
K_1_1        		 25.0383
I_AP_1_1     		 0
K_AP_1_1     		 0
G_A_1_1      		 0
K_A_1_1      		 0
P_1_1        		 0.00637397
Y_1_1        		 4.26462
N_1_1        		 0.00237076
Q_I_1_1      		 0.0436812
A_1_1        		 12.5454
A_N_1_1      		 1.99287
A_K_1_1      		 1
D_1_2        		 0.028173
D_N_1_2      		 0
D_K_1_2      		 0
K_1_2        		 30.7052
I_AP_1_2     		 0
K_AP_1_2     		 0
G_A_1_2      		 0.0130204
K_A_1_2      		 0.0130204
P_1_2        		 0.00656329
Y_1_2        		 5.22983
N_1_2        		 0.00300694
Q_I_1_2      		 0.0551748
A_1_2        		 12.5454
A_N_1_2      		 1.99287
A_K_1_2      		 1
Q_2          		 5.33003
D_2_1        		 0
D_N_2_1      		 0
D_K_2_1      		 0
K_2_1        		 224.151
I_AP_2_1     		 0
K_AP_2_1     		 0
G_A_2_1      		 0
K_A_2_1      		 0
P_2_1        		 0.00406319
Y_2_1        		 38.522
N_2_1        		 0.0137525
Q_I_2_1      		 0.32826
A_2_1        		 16.154
A_N_2_1      		 1.99287
A_K_2_1      		 1
D_2_2        		 0
D_N_2_2      		 0
D_K_2_2      		 0
K_2_2        		 87.2827
I_AP_2_2     		 0
K_AP_2_2     		 0
G_A_2_2      		 0
K_A_2_2      		 0
P_2_2        		 0.00406319
Y_2_2        		 15.0002
N_2_2        		 0.00535511
Q_I_2_2      		 0.127822
A_2_2        		 16.154
A_N_2_2      		 1.99287
A_K_2_2      		 1
Q_A_2        		 8.59291
P_A_2        		 0.699912
KH_2_1       		 10.9035
r_2_1        		 0.086016
I_2_1        		 0.490658
omegaI_2_1   		 0.768027
KH_2_2       		 2.54388
r_2_2        		 0.086016
I_2_2        		 0.114474
omegaI_2_2   		 0.768027
Q_3          		 10.1066
D_3_1        		 0
D_N_3_1      		 0
D_K_3_1      		 0
K_3_1        		 15.8126
I_AP_3_1     		 0
K_AP_3_1     		 0
G_A_3_1      		 0
K_A_3_1      		 0
P_3_1        		 0.52959
Y_3_1        		 2.71751
N_3_1        		 0.0560142
Q_I_3_1      		 5.59412
A_3_1        		 6.90906
A_N_3_1      		 0.189015
A_K_3_1      		 1
D_3_2        		 0
D_N_3_2      		 0
D_K_3_2      		 0
K_3_2        		 3.66809
I_AP_3_2     		 0
K_AP_3_2     		 0
G_A_3_2      		 0
K_A_3_2      		 0
P_3_2        		 0.532638
Y_3_2        		 0.630388
N_3_2        		 0.0129938
Q_I_3_2      		 1.30515
A_3_2        		 6.90906
A_N_3_2      		 0.189015
A_K_3_2      		 1
Q_A_3        		 7.06312
P_A_3        		 0.82034
KH_3_1       		 10.5663
r_3_1        		 0.086016
I_3_1        		 0.475486
omegaI_3_1   		 0.768027
KH_3_2       		 2.16809
r_3_2        		 0.086016
I_3_2        		 0.097564
omegaI_3_2   		 0.768027
Q_4          		 7.57881
D_4_1        		 0
D_N_4_1      		 0
D_K_4_1      		 0
K_4_1        		 8.5607
I_AP_4_1     		 0
K_AP_4_1     		 0
G_A_4_1      		 0
K_A_4_1      		 0
P_4_1        		 0.947965
Y_4_1        		 1.85157
N_4_1        		 0.080929
Q_I_4_1      		 4.43145
A_4_1        		 5.47925
A_N_4_1      		 0.538827
A_K_4_1      		 1
D_4_2        		 0
D_N_4_2      		 0
D_K_4_2      		 0
K_4_2        		 1.94328
I_AP_4_2     		 0
K_AP_4_2     		 0
G_A_4_2      		 0
K_A_4_2      		 0
P_4_2        		 0.856878
Y_4_2        		 0.420307
N_4_2        		 0.0183709
Q_I_4_2      		 0.90928
A_4_2        		 5.47925
A_N_4_2      		 0.538827
A_K_4_2      		 1

--------------------------------------------------------
MODEL SIMULATION:

Iter: 1,	 err. = 61.038,	 time = 4.939
Iter: 2,	 err. = 3.78259,	 time = 2.999
Iter: 3,	 err. = 0.0101954,	 time = 2.107
Iter: 4,	 err. = 1.02454e-07,	 time = 1.497

Total time of simulation: 14.514.
--------------------------------------------------------

Perfect foresight solution found.

Elapsed time is 14.544322 seconds.
=============================================
=============================================
=== Step 2 of 10 for SSP585_AdaptPublic ===

                                         Norm of      First-order   Trust-region
 Iteration  Func-count     f(x)          step         optimality    radius
     0         22      0.00855935                          96.2               1
     1         44      0.00285237              1           80.6               1
     2         66     0.000379545       0.619501           35.4               1
     3         88     7.93924e-09     0.00745991         0.0538               1
     4        110     4.31084e-14     0.00095484       0.000365               1
     5        132     1.07296e-21    6.18909e-07       7.67e-09               1
     6        154      5.4364e-24    3.55821e-10       3.55e-09               1

<a href = "matlab: helpview('optim','eqn_inaccuracy','CSHelpWindow');">Equation solved, inaccuracy possible</a>.

The vector of function values is near zero, as measured by the value
of the <a href = "matlab: helpview('optim','fcn_tolerance_fsolve','CSHelpWindow');">function tolerance</a>. However, the <a href = "matlab: helpview('optim','last_step_ineffective','CSHelpWindow');">last step was ineffective</a>.

<<a href = "matlab: createExitMsg({'optim:fsolve:Exit3basic'},{'optim:fsolve:Exit3detailed','fsolve','5.337633e-22','2.220446e-16','5.436396e-24','1.000000e-08'},true,true);;">stopping criteria details</a>>

STEADY-STATE RESULTS:

K            		 28.2927
N            		 0.192853
SL           		 61.038
tas_1        		 3.94396
SfcWind_1    		 0
pr_1         		 0
sunshine_1   		 0
hurs_1       		 0
heatwave_1   		 0
maxdrydays_1 		 0
maxwetdays_1 		 0
storms_1     		 0
floods_1     		 0
fire_1       		 0
landslide_1  		 0
tas_2        		 3.84049
SfcWind_2    		 0
pr_2         		 0
sunshine_2   		 0
hurs_2       		 0
heatwave_2   		 0
maxdrydays_2 		 0
maxwetdays_2 		 0
storms_2     		 0
floods_2     		 0
fire_2       		 0
landslide_2  		 0
I_1          		 0.0955772
Y_1          		 0.0624176
Q_D_1        		 0.954307
Q_I_1        		 0.100367
M_1          		 0.00113596
X_1          		 0.510332
D_X_1        		 0.348435
K_1          		 0.47715
N_1          		 0.00543251
P_D_1        		 0.0952468
P_M_1        		 2.26403
W_1          		 6.20104
Q_1_1        		 0.661959
W_1_1        		 6.23221
tauKF_1_1    		 0
tauNF_1_1    		 0
P_D_1_1      		 0.093836
Q_1_2        		 0.80294
W_1_2        		 6.17624
tauKF_1_2    		 0
tauNF_1_2    		 0
P_D_1_2      		 0.0963791
Y_2          		 0.217361
Q_D_2        		 4.41796
Q_I_2        		 0.455849
M_2          		 0.056592
X_2          		 0.910453
D_X_2        		 0.170868
K_2          		 1.64679
N_2          		 0.0191081
P_D_2        		 0.106498
P_M_2        		 2.26403
W_2          		 6.19521
Q_2_1        		 3.83507
W_2_1        		 6.19521
tauKF_2_1    		 0
tauNF_2_1    		 0
P_D_2_1      		 0.106498
Q_2_2        		 1.49334
W_2_2        		 6.19521
tauKF_2_2    		 0
tauNF_2_2    		 0
P_D_2_2      		 0.106498
I_2          		 0.604859
Y_3          		 1.77413
Q_D_3        		 8.58945
Q_I_3        		 6.89612
M_3          		 0.545209
X_3          		 1.51389
D_X_3        		 0.149841
K_3          		 13.4413
N_3          		 0.0690123
P_D_3        		 0.699822
P_M_3        		 2.26403
W_3          		 14.0008
Q_3_1        		 8.19429
W_3_1        		 13.9856
tauKF_3_1    		 0
tauNF_3_1    		 0
P_D_3_1      		 0.699631
Q_3_2        		 1.90905
W_3_2        		 14.0661
tauKF_3_2    		 0
tauNF_3_2    		 0
P_D_3_2      		 0.700637
I_3          		 0.572736
Y_4          		 2.11422
Q_D_4        		 7.06027
Q_I_4        		 5.33778
M_4          		 0.00674363
X_4          		 0.515775
D_X_4        		 0.0680796
K_4          		 12.7275
N_4          		 0.0992998
P_D_4        		 0.820187
P_M_4        		 12.9206
W_4          		 13.9825
Q_4_1        		 6.25
W_4_1        		 14.2356
tauKF_4_1    		 0
tauNF_4_1    		 0
P_D_4_1      		 0.824938
Q_4_2        		 1.32732
W_4_2        		 12.8677
tauKF_4_2    		 0
tauNF_4_2    		 0
P_D_4_2      		 0.797036
P            		 0.768027
lambda       		 0.302522
P_D          		 0.589628
P_M          		 2.51559
C            		 3.24802
H            		 21.0717
IH           		 1.05358
PH           		 0.0189525
DH           		 0
omegaH       		 0.0199001
PoP          		 0.917138
B            		 -5.58252
BG           		 0
NX           		 0.228973
rf           		 0.041016
G            		 0.637883
tauC         		 0.2
tauH         		 0.05
tauNH        		 0
tauKH        		 0
KG           		 6.37883
I            		 1.27317
Y            		 5.42706
Q_U          		 17.9882
Q_D          		 20.9679
Q_I          		 12.7901
Q            		 23.729
M            		 0.57728
X            		 2.76116
G_A_DH       		 0
I_AP_DH      		 0
Q_A_1        		 5.37222
P_A_1        		 0.1045
KH_1_1       		 1.39776
r_1_1        		 0.086016
I_1_1        		 0.062899
omegaI_1_1   		 0.768027
KH_1_2       		 0.726182
r_1_2        		 0.086016
I_1_2        		 0.0326782
omegaI_1_2   		 0.768027
Q_1          		 1.46464
D_1_1        		 0.0236637
D_N_1_1      		 0
D_K_1_1      		 0
K_1_1        		 24.8125
I_AP_1_1     		 0
K_AP_1_1     		 0
G_A_1_1      		 0
K_A_1_1      		 0
P_1_1        		 0.00657748
Y_1_1        		 4.22617
N_1_1        		 0.00240725
Q_I_1_1      		 0.0446834
A_1_1        		 12.5454
A_N_1_1      		 1.99287
A_K_1_1      		 1
D_1_2        		 0.0563461
D_N_1_2      		 0
D_K_1_2      		 0
K_1_2        		 29.1097
I_AP_1_2     		 0
K_AP_1_2     		 0
G_A_1_2      		 0.0130204
K_A_1_2      		 0.0130204
P_1_2        		 0.00698255
Y_1_2        		 4.95808
N_1_2        		 0.00302525
Q_I_1_2      		 0.0556836
A_1_2        		 12.5454
A_N_1_2      		 1.99287
A_K_1_2      		 1
Q_2          		 5.32841
D_2_1        		 0
D_N_2_1      		 0
D_K_2_1      		 0
K_2_1        		 224.157
I_AP_2_1     		 0
K_AP_2_1     		 0
G_A_2_1      		 0
K_A_2_1      		 0
P_2_1        		 0.00406103
Y_2_1        		 38.523
N_2_1        		 0.0137529
Q_I_2_1      		 0.328093
A_2_1        		 16.154
A_N_2_1      		 1.99287
A_K_2_1      		 1
D_2_2        		 0
D_N_2_2      		 0
D_K_2_2      		 0
K_2_2        		 87.2851
I_AP_2_2     		 0
K_AP_2_2     		 0
G_A_2_2      		 0
K_A_2_2      		 0
P_2_2        		 0.00406103
Y_2_2        		 15.0006
N_2_2        		 0.00535526
Q_I_2_2      		 0.127757
A_2_2        		 16.154
A_N_2_2      		 1.99287
A_K_2_2      		 1
Q_A_2        		 8.58945
P_A_2        		 0.699822
KH_2_1       		 10.8986
r_2_1        		 0.086016
I_2_1        		 0.490436
omegaI_2_1   		 0.768027
KH_2_2       		 2.54273
r_2_2        		 0.086016
I_2_2        		 0.114423
omegaI_2_2   		 0.768027
Q_3          		 10.1033
D_3_1        		 0
D_N_3_1      		 0
D_K_3_1      		 0
K_3_1        		 15.8136
I_AP_3_1     		 0
K_AP_3_1     		 0
G_A_3_1      		 0
K_A_3_1      		 0
P_3_1        		 0.529317
Y_3_1        		 2.71768
N_3_1        		 0.0560177
Q_I_3_1      		 5.59156
A_3_1        		 6.90906
A_N_3_1      		 0.189015
A_K_3_1      		 1
D_3_2        		 0
D_N_3_2      		 0
D_K_3_2      		 0
K_3_2        		 3.66832
I_AP_3_2     		 0
K_AP_3_2     		 0
G_A_3_2      		 0
K_A_3_2      		 0
P_3_2        		 0.532364
Y_3_2        		 0.630427
N_3_2        		 0.0129946
Q_I_3_2      		 1.30456
A_3_2        		 6.90906
A_N_3_2      		 0.189015
A_K_3_2      		 1
Q_A_3        		 7.06027
P_A_3        		 0.820187
KH_3_1       		 10.5606
r_3_1        		 0.086016
I_3_1        		 0.475226
omegaI_3_1   		 0.768027
KH_3_2       		 2.1669
r_3_2        		 0.086016
I_3_2        		 0.0975106
omegaI_3_2   		 0.768027
Q_4          		 7.57605
D_4_1        		 0
D_N_4_1      		 0
D_K_4_1      		 0
K_4_1        		 8.56069
I_AP_4_1     		 0
K_AP_4_1     		 0
G_A_4_1      		 0
K_A_4_1      		 0
P_4_1        		 0.947447
Y_4_1        		 1.85157
N_4_1        		 0.0809289
Q_I_4_1      		 4.429
A_4_1        		 5.47925
A_N_4_1      		 0.538827
A_K_4_1      		 1
D_4_2        		 0
D_N_4_2      		 0
D_K_4_2      		 0
K_4_2        		 1.94327
I_AP_4_2     		 0
K_AP_4_2     		 0
G_A_4_2      		 0
K_A_4_2      		 0
P_4_2        		 0.85641
Y_4_2        		 0.420306
N_4_2        		 0.0183708
Q_I_4_2      		 0.908778
A_4_2        		 5.47925
A_N_4_2      		 0.538827
A_K_4_2      		 1

--------------------------------------------------------
MODEL SIMULATION:

Iter: 1,	 err. = 0.0330108,	 time = 1.855
Iter: 2,	 err. = 3.77496,	 time = 1.481
Iter: 3,	 err. = 0.0108058,	 time = 1.618
Iter: 4,	 err. = 1.24351e-07,	 time = 1.669

Total time of simulation: 8.961.
--------------------------------------------------------

Perfect foresight solution found.

Elapsed time is 8.998876 seconds.
=============================================
=============================================
=== Step 3 of 10 for SSP585_AdaptPublic ===

                                         Norm of      First-order   Trust-region
 Iteration  Func-count     f(x)          step         optimality    radius
     0         22      0.00901746                          96.2               1
     1         44      0.00324525              1           86.7               1
     2         66     0.000364521       0.583316             34               1
     3         88     7.57987e-09     0.00759482         0.0586               1
     4        110       3.524e-14    0.000885724       0.000322               1
     5        132     8.68268e-22    5.59031e-07       9.13e-09               1
     6        154     5.43793e-24    3.11727e-10       7.65e-10               1

<a href = "matlab: helpview('optim','eqn_inaccuracy','CSHelpWindow');">Equation solved, inaccuracy possible</a>.

The vector of function values is near zero, as measured by the value
of the <a href = "matlab: helpview('optim','fcn_tolerance_fsolve','CSHelpWindow');">function tolerance</a>. However, the <a href = "matlab: helpview('optim','last_step_ineffective','CSHelpWindow');">last step was ineffective</a>.

<<a href = "matlab: createExitMsg({'optim:fsolve:Exit3basic'},{'optim:fsolve:Exit3detailed','fsolve','4.314149e-22','2.220446e-16','5.437933e-24','1.000000e-08'},true,true);;">stopping criteria details</a>>

STEADY-STATE RESULTS:

K            		 28.2855
N            		 0.192915
SL           		 61.038
tas_1        		 3.94396
SfcWind_1    		 0
pr_1         		 0
sunshine_1   		 0
hurs_1       		 0
heatwave_1   		 0
maxdrydays_1 		 0
maxwetdays_1 		 0
storms_1     		 0
floods_1     		 0
fire_1       		 0
landslide_1  		 0
tas_2        		 3.84049
SfcWind_2    		 0
pr_2         		 0
sunshine_2   		 0
hurs_2       		 0
heatwave_2   		 0
maxdrydays_2 		 0
maxwetdays_2 		 0
storms_2     		 0
floods_2     		 0
fire_2       		 0
landslide_2  		 0
I_1          		 0.0958645
Y_1          		 0.0633666
Q_D_1        		 0.953692
Q_I_1        		 0.101943
M_1          		 0.00113548
X_1          		 0.501035
D_X_1        		 0.344418
K_1          		 0.484404
N_1          		 0.00548937
P_D_1        		 0.0973803
P_M_1        		 2.26403
W_1          		 6.23011
Q_1_1        		 0.6679
W_1_1        		 6.27789
tauKF_1_1    		 0
tauNF_1_1    		 0
P_D_1_1      		 0.0951866
Q_1_2        		 0.787431
W_1_2        		 6.19173
tauKF_1_2    		 0
tauNF_1_2    		 0
P_D_1_2      		 0.0991663
Y_2          		 0.217246
Q_D_2        		 4.4161
Q_I_2        		 0.455606
M_2          		 0.0565681
X_2          		 0.910614
D_X_2        		 0.170952
K_2          		 1.64592
N_2          		 0.0191087
P_D_2        		 0.106475
P_M_2        		 2.26403
W_2          		 6.19177
Q_2_1        		 3.83384
W_2_1        		 6.19177
tauKF_2_1    		 0
tauNF_2_1    		 0
P_D_2_1      		 0.106475
Q_2_2        		 1.49287
W_2_2        		 6.19177
tauKF_2_2    		 0
tauNF_2_2    		 0
P_D_2_2      		 0.106475
I_2          		 0.604573
Y_3          		 1.77329
Q_D_3        		 8.58583
Q_I_3        		 6.89283
M_3          		 0.544978
X_3          		 1.51406
D_X_3        		 0.149909
K_3          		 13.435
N_3          		 0.0690168
P_D_3        		 0.699727
P_M_3        		 2.26403
W_3          		 13.9932
Q_3_1        		 8.19149
W_3_1        		 13.9781
tauKF_3_1    		 0
tauNF_3_1    		 0
P_D_3_1      		 0.699537
Q_3_2        		 1.9084
W_3_2        		 14.0585
tauKF_3_2    		 0
tauNF_3_2    		 0
P_D_3_2      		 0.700543
I_3          		 0.572409
Y_4          		 2.11301
Q_D_4        		 7.0573
Q_I_4        		 5.3347
M_4          		 0.00674078
X_4          		 0.515858
D_X_4        		 0.0681166
K_4          		 12.7202
N_4          		 0.0992997
P_D_4        		 0.820028
P_M_4        		 12.9206
W_4          		 13.9745
Q_4_1        		 6.24761
W_4_1        		 14.2274
tauKF_4_1    		 0
tauNF_4_1    		 0
P_D_4_1      		 0.824778
Q_4_2        		 1.32681
W_4_2        		 12.8604
tauKF_4_2    		 0
tauNF_4_2    		 0
P_D_4_2      		 0.796881
P            		 0.768027
lambda       		 0.302695
P_D          		 0.589628
P_M          		 2.51559
C            		 3.24616
H            		 21.0597
IH           		 1.05298
PH           		 0.0189525
DH           		 0
omegaH       		 0.0199001
PoP          		 0.917138
B            		 -5.60651
BG           		 0
NX           		 0.229957
rf           		 0.041016
G            		 0.637512
tauC         		 0.2
tauH         		 0.05
tauNH        		 0
tauKH        		 0
KG           		 6.37512
I            		 1.27285
Y            		 5.42548
Q_U          		 17.9806
Q_D          		 20.959
Q_I          		 12.7851
Q            		 23.7204
M            		 0.577036
X            		 2.7614
G_A_DH       		 0
I_AP_DH      		 0
Q_A_1        		 5.36976
P_A_1        		 0.104861
KH_1_1       		 1.40208
r_1_1        		 0.086016
I_1_1        		 0.0630938
omegaI_1_1   		 0.768027
KH_1_2       		 0.728238
r_1_2        		 0.086016
I_1_2        		 0.0327707
omegaI_1_2   		 0.768027
Q_1          		 1.45473
D_1_1        		 0.0354956
D_N_1_1      		 0
D_K_1_1      		 0
K_1_1        		 24.593
I_AP_1_1     		 0
K_AP_1_1     		 0
G_A_1_1      		 0
K_A_1_1      		 0
P_1_1        		 0.00679092
Y_1_1        		 4.18878
N_1_1        		 0.00244546
Q_I_1_1      		 0.0457399
A_1_1        		 12.5454
A_N_1_1      		 1.99287
A_K_1_1      		 1
D_1_2        		 0.0845191
D_N_1_2      		 0
D_K_1_2      		 0
K_1_2        		 27.5495
I_AP_1_2     		 0
K_AP_1_2     		 0
G_A_1_2      		 0.0130204
K_A_1_2      		 0.0130204
P_1_2        		 0.0074421
Y_1_2        		 4.69235
N_1_2        		 0.00304391
Q_I_1_2      		 0.0562034
A_1_2        		 12.5454
A_N_1_2      		 1.99287
A_K_1_2      		 1
Q_2          		 5.32671
D_2_1        		 0
D_N_2_1      		 0
D_K_2_1      		 0
K_2_1        		 224.164
I_AP_2_1     		 0
K_AP_2_1     		 0
G_A_2_1      		 0
K_A_2_1      		 0
P_2_1        		 0.00405877
Y_2_1        		 38.5241
N_2_1        		 0.0137533
Q_I_2_1      		 0.327918
A_2_1        		 16.154
A_N_2_1      		 1.99287
A_K_2_1      		 1
D_2_2        		 0
D_N_2_2      		 0
D_K_2_2      		 0
K_2_2        		 87.2875
I_AP_2_2     		 0
K_AP_2_2     		 0
G_A_2_2      		 0
K_A_2_2      		 0
P_2_2        		 0.00405877
Y_2_2        		 15.001
N_2_2        		 0.00535541
Q_I_2_2      		 0.127688
A_2_2        		 16.154
A_N_2_2      		 1.99287
A_K_2_2      		 1
Q_A_2        		 8.58583
P_A_2        		 0.699727
KH_2_1       		 10.8934
r_2_1        		 0.086016
I_2_1        		 0.490204
omegaI_2_1   		 0.768027
KH_2_2       		 2.54153
r_2_2        		 0.086016
I_2_2        		 0.114369
omegaI_2_2   		 0.768027
Q_3          		 10.0999
D_3_1        		 0
D_N_3_1      		 0
D_K_3_1      		 0
K_3_1        		 15.8146
I_AP_3_1     		 0
K_AP_3_1     		 0
G_A_3_1      		 0
K_A_3_1      		 0
P_3_1        		 0.529033
Y_3_1        		 2.71785
N_3_1        		 0.0560214
Q_I_3_1      		 5.58889
A_3_1        		 6.90906
A_N_3_1      		 0.189015
A_K_3_1      		 1
D_3_2        		 0
D_N_3_2      		 0
D_K_3_2      		 0
K_3_2        		 3.66856
I_AP_3_2     		 0
K_AP_3_2     		 0
G_A_3_2      		 0
K_A_3_2      		 0
P_3_2        		 0.532078
Y_3_2        		 0.630468
N_3_2        		 0.0129954
Q_I_3_2      		 1.30393
A_3_2        		 6.90906
A_N_3_2      		 0.189015
A_K_3_2      		 1
Q_A_3        		 7.0573
P_A_3        		 0.820028
KH_3_1       		 10.5545
r_3_1        		 0.086016
I_3_1        		 0.474954
omegaI_3_1   		 0.768027
KH_3_2       		 2.16566
r_3_2        		 0.086016
I_3_2        		 0.0974549
omegaI_3_2   		 0.768027
Q_4          		 7.57316
D_4_1        		 0
D_N_4_1      		 0
D_K_4_1      		 0
K_4_1        		 8.56068
I_AP_4_1     		 0
K_AP_4_1     		 0
G_A_4_1      		 0
K_A_4_1      		 0
P_4_1        		 0.946906
Y_4_1        		 1.85157
N_4_1        		 0.0809288
Q_I_4_1      		 4.42644
A_4_1        		 5.47925
A_N_4_1      		 0.538827
A_K_4_1      		 1
D_4_2        		 0
D_N_4_2      		 0
D_K_4_2      		 0
K_4_2        		 1.94327
I_AP_4_2     		 0
K_AP_4_2     		 0
G_A_4_2      		 0
K_A_4_2      		 0
P_4_2        		 0.855921
Y_4_2        		 0.420306
N_4_2        		 0.0183708
Q_I_4_2      		 0.908253
A_4_2        		 5.47925
A_N_4_2      		 0.538827
A_K_4_2      		 1

--------------------------------------------------------
MODEL SIMULATION:

Iter: 1,	 err. = 0.0330108,	 time = 1.32
Iter: 2,	 err. = 3.76686,	 time = 1.372
Iter: 3,	 err. = 0.0114729,	 time = 1.693
Iter: 4,	 err. = 1.51912e-07,	 time = 1.771

Total time of simulation: 8.394.
--------------------------------------------------------

Perfect foresight solution found.

Elapsed time is 8.439072 seconds.
=============================================
=============================================
=== Step 4 of 10 for SSP585_AdaptPublic ===

                                         Norm of      First-order   Trust-region
 Iteration  Func-count     f(x)          step         optimality    radius
     0         22      0.00951545                          96.3               1
     1         44      0.00373537              1           93.4               1
     2         66     0.000347328        0.54687           32.4               1
     3         88     7.29883e-09     0.00805287         0.0657            1.37
     4        110     2.82776e-14    0.000815461       0.000281            1.37
     5        132     6.57082e-22    5.00685e-07        3.7e-09            1.37
     6        154     4.66673e-24    2.70849e-10       2.28e-10            1.37

<a href = "matlab: helpview('optim','eqn_inaccuracy','CSHelpWindow');">Equation solved, inaccuracy possible</a>.

The vector of function values is near zero, as measured by the value
of the <a href = "matlab: helpview('optim','fcn_tolerance_fsolve','CSHelpWindow');">function tolerance</a>. However, the <a href = "matlab: helpview('optim','last_step_ineffective','CSHelpWindow');">last step was ineffective</a>.

<<a href = "matlab: createExitMsg({'optim:fsolve:Exit3basic'},{'optim:fsolve:Exit3detailed','fsolve','3.262075e-22','2.220446e-16','4.666731e-24','1.000000e-08'},true,true);;">stopping criteria details</a>>

STEADY-STATE RESULTS:

K            		 28.2779
N            		 0.192979
SL           		 61.038
tas_1        		 3.94396
SfcWind_1    		 0
pr_1         		 0
sunshine_1   		 0
hurs_1       		 0
heatwave_1   		 0
maxdrydays_1 		 0
maxwetdays_1 		 0
storms_1     		 0
floods_1     		 0
fire_1       		 0
landslide_1  		 0
tas_2        		 3.84049
SfcWind_2    		 0
pr_2         		 0
sunshine_2   		 0
hurs_2       		 0
heatwave_2   		 0
maxdrydays_2 		 0
maxwetdays_2 		 0
storms_2     		 0
floods_2     		 0
fire_2       		 0
landslide_2  		 0
I_1          		 0.0961643
Y_1          		 0.0643572
Q_D_1        		 0.953054
Q_I_1        		 0.103589
M_1          		 0.00113498
X_1          		 0.491694
D_X_1        		 0.340332
K_1          		 0.491977
N_1          		 0.00554841
P_D_1        		 0.0996135
P_M_1        		 2.26403
W_1          		 6.26017
Q_1_1        		 0.674221
W_1_1        		 6.3253
tauKF_1_1    		 0
tauNF_1_1    		 0
P_D_1_1      		 0.096579
Q_1_2        		 0.771641
W_1_2        		 6.20732
tauKF_1_2    		 0
tauNF_1_2    		 0
P_D_1_2      		 0.102121
Y_2          		 0.217126
Q_D_2        		 4.41415
Q_I_2        		 0.455351
M_2          		 0.056543
X_2          		 0.910783
D_X_2        		 0.171041
K_2          		 1.64501
N_2          		 0.0191092
P_D_2        		 0.106452
P_M_2        		 2.26403
W_2          		 6.18816
Q_2_1        		 3.83256
W_2_1        		 6.18816
tauKF_2_1    		 0
tauNF_2_1    		 0
P_D_2_1      		 0.106452
Q_2_2        		 1.49237
W_2_2        		 6.18816
tauKF_2_2    		 0
tauNF_2_2    		 0
P_D_2_2      		 0.106452
I_2          		 0.604274
Y_3          		 1.77241
Q_D_3        		 8.58203
Q_I_3        		 6.88938
M_3          		 0.544737
X_3          		 1.51424
D_X_3        		 0.14998
K_3          		 13.4283
N_3          		 0.0690215
P_D_3        		 0.699628
P_M_3        		 2.26403
W_3          		 13.9854
Q_3_1        		 8.18856
W_3_1        		 13.9702
tauKF_3_1    		 0
tauNF_3_1    		 0
P_D_3_1      		 0.699438
Q_3_2        		 1.90772
W_3_2        		 14.0506
tauKF_3_2    		 0
tauNF_3_2    		 0
P_D_3_2      		 0.700444
I_3          		 0.572066
Y_4          		 2.11175
Q_D_4        		 7.05419
Q_I_4        		 5.33147
M_4          		 0.00673779
X_4          		 0.515945
D_X_4        		 0.0681553
K_4          		 12.7126
N_4          		 0.0992995
P_D_4        		 0.819861
P_M_4        		 12.9206
W_4          		 13.9662
Q_4_1        		 6.24512
W_4_1        		 14.2189
tauKF_4_1    		 0
tauNF_4_1    		 0
P_D_4_1      		 0.82461
Q_4_2        		 1.32628
W_4_2        		 12.8527
tauKF_4_2    		 0
tauNF_4_2    		 0
P_D_4_2      		 0.796719
P            		 0.768027
lambda       		 0.302875
P_D          		 0.589628
P_M          		 2.51559
C            		 3.24423
H            		 21.0471
IH           		 1.05235
PH           		 0.0189525
DH           		 0
omegaH       		 0.0199001
PoP          		 0.917138
B            		 -5.63152
BG           		 0
NX           		 0.230983
rf           		 0.041016
G            		 0.637123
tauC         		 0.2
tauH         		 0.05
tauNH        		 0
tauKH        		 0
KG           		 6.37123
I            		 1.2725
Y            		 5.42383
Q_U          		 17.9726
Q_D          		 20.9497
Q_I          		 12.7798
Q            		 23.7113
M            		 0.57678
X            		 2.76164
G_A_DH       		 0
I_AP_DH      		 0
Q_A_1        		 5.36719
P_A_1        		 0.105238
KH_1_1       		 1.40666
r_1_1        		 0.086016
I_1_1        		 0.0632996
omegaI_1_1   		 0.768027
KH_1_2       		 0.730327
r_1_2        		 0.086016
I_1_2        		 0.0328647
omegaI_1_2   		 0.768027
Q_1          		 1.44475
D_1_1        		 0.0473275
D_N_1_1      		 0
D_K_1_1      		 0
K_1_1        		 24.38
I_AP_1_1     		 0
K_AP_1_1     		 0
G_A_1_1      		 0
K_A_1_1      		 0
P_1_1        		 0.00701497
Y_1_1        		 4.15251
N_1_1        		 0.00248549
Q_I_1_1      		 0.046855
A_1_1        		 12.5454
A_N_1_1      		 1.99287
A_K_1_1      		 1
D_1_2        		 0.112692
D_N_1_2      		 0
D_K_1_2      		 0
K_1_2        		 26.0251
I_AP_1_2     		 0
K_AP_1_2     		 0
G_A_1_2      		 0.0130204
K_A_1_2      		 0.0130204
P_1_2        		 0.00794718
Y_1_2        		 4.43271
N_1_2        		 0.00306292
Q_I_1_2      		 0.056734
A_1_2        		 12.5454
A_N_1_2      		 1.99287
A_K_1_2      		 1
Q_2          		 5.32493
D_2_1        		 0
D_N_2_1      		 0
D_K_2_1      		 0
K_2_1        		 224.17
I_AP_2_1     		 0
K_AP_2_1     		 0
G_A_2_1      		 0
K_A_2_1      		 0
P_2_1        		 0.00405641
Y_2_1        		 38.5252
N_2_1        		 0.0137537
Q_I_2_1      		 0.327734
A_2_1        		 16.154
A_N_2_1      		 1.99287
A_K_2_1      		 1
D_2_2        		 0
D_N_2_2      		 0
D_K_2_2      		 0
K_2_2        		 87.29
I_AP_2_2     		 0
K_AP_2_2     		 0
G_A_2_2      		 0
K_A_2_2      		 0
P_2_2        		 0.00405641
Y_2_2        		 15.0014
N_2_2        		 0.00535556
Q_I_2_2      		 0.127617
A_2_2        		 16.154
A_N_2_2      		 1.99287
A_K_2_2      		 1
Q_A_2        		 8.58203
P_A_2        		 0.699628
KH_2_1       		 10.888
r_2_1        		 0.086016
I_2_1        		 0.489962
omegaI_2_1   		 0.768027
KH_2_2       		 2.54027
r_2_2        		 0.086016
I_2_2        		 0.114312
omegaI_2_2   		 0.768027
Q_3          		 10.0963
D_3_1        		 0
D_N_3_1      		 0
D_K_3_1      		 0
K_3_1        		 15.8157
I_AP_3_1     		 0
K_AP_3_1     		 0
G_A_3_1      		 0
K_A_3_1      		 0
P_3_1        		 0.528735
Y_3_1        		 2.71804
N_3_1        		 0.0560252
Q_I_3_1      		 5.58609
A_3_1        		 6.90906
A_N_3_1      		 0.189015
A_K_3_1      		 1
D_3_2        		 0
D_N_3_2      		 0
D_K_3_2      		 0
K_3_2        		 3.66881
I_AP_3_2     		 0
K_AP_3_2     		 0
G_A_3_2      		 0
K_A_3_2      		 0
P_3_2        		 0.531779
Y_3_2        		 0.630511
N_3_2        		 0.0129963
Q_I_3_2      		 1.30328
A_3_2        		 6.90906
A_N_3_2      		 0.189015
A_K_3_2      		 1
Q_A_3        		 7.05419
P_A_3        		 0.819861
KH_3_1       		 10.5482
r_3_1        		 0.086016
I_3_1        		 0.47467
omegaI_3_1   		 0.768027
KH_3_2       		 2.16437
r_3_2        		 0.086016
I_3_2        		 0.0973965
omegaI_3_2   		 0.768027
Q_4          		 7.57013
D_4_1        		 0
D_N_4_1      		 0
D_K_4_1      		 0
K_4_1        		 8.56067
I_AP_4_1     		 0
K_AP_4_1     		 0
G_A_4_1      		 0
K_A_4_1      		 0
P_4_1        		 0.946341
Y_4_1        		 1.85157
N_4_1        		 0.0809287
Q_I_4_1      		 4.42377
A_4_1        		 5.47925
A_N_4_1      		 0.538827
A_K_4_1      		 1
D_4_2        		 0
D_N_4_2      		 0
D_K_4_2      		 0
K_4_2        		 1.94327
I_AP_4_2     		 0
K_AP_4_2     		 0
G_A_4_2      		 0
K_A_4_2      		 0
P_4_2        		 0.85541
Y_4_2        		 0.420305
N_4_2        		 0.0183708
Q_I_4_2      		 0.907704
A_4_2        		 5.47925
A_N_4_2      		 0.538827
A_K_4_2      		 1

--------------------------------------------------------
MODEL SIMULATION:

Iter: 1,	 err. = 0.0330108,	 time = 1.46
Iter: 2,	 err. = 3.75826,	 time = 1.478
Iter: 3,	 err. = 0.0122039,	 time = 1.517
Iter: 4,	 err. = 1.86878e-07,	 time = 1.541

Total time of simulation: 8.292.
--------------------------------------------------------

Perfect foresight solution found.

Elapsed time is 8.326106 seconds.
=============================================
=============================================
=== Step 5 of 10 for SSP585_AdaptPublic ===

                                         Norm of      First-order   Trust-region
 Iteration  Func-count     f(x)          step         optimality    radius
     0         22       0.0100582                          96.3               1
     1         44      0.00435129              1            101               1
     2         66     0.000327693       0.510189           30.8               1
     3         88     7.20868e-09     0.00890824         0.0762            1.28
     4        110      2.2141e-14    0.000743976       0.000243            1.28
     5        132     5.26699e-22    4.43915e-07       2.09e-09            1.28
     6        154     8.40565e-24    2.33667e-10        4.9e-09            1.28

<a href = "matlab: helpview('optim','eqn_inaccuracy','CSHelpWindow');">Equation solved, inaccuracy possible</a>.

The vector of function values is near zero, as measured by the value
of the <a href = "matlab: helpview('optim','fcn_tolerance_fsolve','CSHelpWindow');">function tolerance</a>. However, the <a href = "matlab: helpview('optim','last_step_ineffective','CSHelpWindow');">last step was ineffective</a>.

<<a href = "matlab: createExitMsg({'optim:fsolve:Exit3basic'},{'optim:fsolve:Exit3detailed','fsolve','2.591467e-22','2.220446e-16','8.405654e-24','1.000000e-08'},true,true);;">stopping criteria details</a>>

STEADY-STATE RESULTS:

K            		 28.2699
N            		 0.193045
SL           		 61.038
tas_1        		 3.94396
SfcWind_1    		 0
pr_1         		 0
sunshine_1   		 0
hurs_1       		 0
heatwave_1   		 0
maxdrydays_1 		 0
maxwetdays_1 		 0
storms_1     		 0
floods_1     		 0
fire_1       		 0
landslide_1  		 0
tas_2        		 3.84049
SfcWind_2    		 0
pr_2         		 0
sunshine_2   		 0
hurs_2       		 0
heatwave_2   		 0
maxdrydays_2 		 0
maxwetdays_2 		 0
storms_2     		 0
floods_2     		 0
fire_2       		 0
landslide_2  		 0
I_1          		 0.0964775
Y_1          		 0.0653923
Q_D_1        		 0.95239
Q_I_1        		 0.105309
M_1          		 0.00113445
X_1          		 0.482308
D_X_1        		 0.336174
K_1          		 0.49989
N_1          		 0.00560978
P_D_1        		 0.101954
P_M_1        		 2.26403
W_1          		 6.29128
Q_1_1        		 0.680953
W_1_1        		 6.37454
tauKF_1_1    		 0
tauNF_1_1    		 0
P_D_1_1      		 0.0980153
Q_1_2        		 0.755555
W_1_2        		 6.22301
tauKF_1_2    		 0
tauNF_1_2    		 0
P_D_1_2      		 0.105259
Y_2          		 0.217
Q_D_2        		 4.41211
Q_I_2        		 0.455084
M_2          		 0.0565168
X_2          		 0.910959
D_X_2        		 0.171134
K_2          		 1.64405
N_2          		 0.0191098
P_D_2        		 0.106427
P_M_2        		 2.26403
W_2          		 6.18439
Q_2_1        		 3.83122
W_2_1        		 6.18439
tauKF_2_1    		 0
tauNF_2_1    		 0
P_D_2_1      		 0.106427
Q_2_2        		 1.49185
W_2_2        		 6.18439
tauKF_2_2    		 0
tauNF_2_2    		 0
P_D_2_2      		 0.106427
I_2          		 0.603961
Y_3          		 1.7715
Q_D_3        		 8.57806
Q_I_3        		 6.88576
M_3          		 0.544484
X_3          		 1.51443
D_X_3        		 0.150055
K_3          		 13.4213
N_3          		 0.0690264
P_D_3        		 0.699525
P_M_3        		 2.26403
W_3          		 13.9771
Q_3_1        		 8.18549
W_3_1        		 13.962
tauKF_3_1    		 0
tauNF_3_1    		 0
P_D_3_1      		 0.699335
Q_3_2        		 1.907
W_3_2        		 14.0424
tauKF_3_2    		 0
tauNF_3_2    		 0
P_D_3_2      		 0.70034
I_3          		 0.571707
Y_4          		 2.11042
Q_D_4        		 7.05093
Q_I_4        		 5.32809
M_4          		 0.00673466
X_4          		 0.516036
D_X_4        		 0.0681959
K_4          		 12.7046
N_4          		 0.0992993
P_D_4        		 0.819687
P_M_4        		 12.9206
W_4          		 13.9574
Q_4_1        		 6.2425
W_4_1        		 14.21
tauKF_4_1    		 0
tauNF_4_1    		 0
P_D_4_1      		 0.824434
Q_4_2        		 1.32573
W_4_2        		 12.8447
tauKF_4_2    		 0
tauNF_4_2    		 0
P_D_4_2      		 0.796549
P            		 0.768027
lambda       		 0.303065
P_D          		 0.589628
P_M          		 2.51559
C            		 3.2422
H            		 21.0339
IH           		 1.0517
PH           		 0.0189525
DH           		 0
omegaH       		 0.0199001
PoP          		 0.917138
B            		 -5.65762
BG           		 0
NX           		 0.232053
rf           		 0.041016
G            		 0.636717
tauC         		 0.2
tauH         		 0.05
tauNH        		 0
tauKH        		 0
KG           		 6.36717
I            		 1.27215
Y            		 5.42209
Q_U          		 17.9643
Q_D          		 20.94
Q_I          		 12.7742
Q            		 23.7019
M            		 0.576512
X            		 2.7619
G_A_DH       		 0
I_AP_DH      		 0
Q_A_1        		 5.36449
P_A_1        		 0.105633
KH_1_1       		 1.4115
r_1_1        		 0.086016
I_1_1        		 0.0635174
omegaI_1_1   		 0.768027
KH_1_2       		 0.732446
r_1_2        		 0.086016
I_1_2        		 0.0329601
omegaI_1_2   		 0.768027
Q_1          		 1.4347
D_1_1        		 0.0591594
D_N_1_1      		 0
D_K_1_1      		 0
K_1_1        		 24.174
I_AP_1_1     		 0
K_AP_1_1     		 0
G_A_1_1      		 0
K_A_1_1      		 0
P_1_1        		 0.00725034
Y_1_1        		 4.11741
N_1_1        		 0.0025275
Q_I_1_1      		 0.0480337
A_1_1        		 12.5454
A_N_1_1      		 1.99287
A_K_1_1      		 1
D_1_2        		 0.140865
D_N_1_2      		 0
D_K_1_2      		 0
K_1_2        		 24.5368
I_AP_1_2     		 0
K_AP_1_2     		 0
G_A_1_2      		 0.0130204
K_A_1_2      		 0.0130204
P_1_2        		 0.00850392
Y_1_2        		 4.17921
N_1_2        		 0.00308227
Q_I_1_2      		 0.0572756
A_1_2        		 12.5454
A_N_1_2      		 1.99287
A_K_1_2      		 1
Q_2          		 5.32307
D_2_1        		 0
D_N_2_1      		 0
D_K_2_1      		 0
K_2_1        		 224.177
I_AP_2_1     		 0
K_AP_2_1     		 0
G_A_2_1      		 0
K_A_2_1      		 0
P_2_1        		 0.00405394
Y_2_1        		 38.5264
N_2_1        		 0.0137541
Q_I_2_1      		 0.327542
A_2_1        		 16.154
A_N_2_1      		 1.99287
A_K_2_1      		 1
D_2_2        		 0
D_N_2_2      		 0
D_K_2_2      		 0
K_2_2        		 87.2927
I_AP_2_2     		 0
K_AP_2_2     		 0
G_A_2_2      		 0
K_A_2_2      		 0
P_2_2        		 0.00405394
Y_2_2        		 15.0019
N_2_2        		 0.00535572
Q_I_2_2      		 0.127542
A_2_2        		 16.154
A_N_2_2      		 1.99287
A_K_2_2      		 1
Q_A_2        		 8.57806
P_A_2        		 0.699525
KH_2_1       		 10.8824
r_2_1        		 0.086016
I_2_1        		 0.489708
omegaI_2_1   		 0.768027
KH_2_2       		 2.53895
r_2_2        		 0.086016
I_2_2        		 0.114253
omegaI_2_2   		 0.768027
Q_3          		 10.0925
D_3_1        		 0
D_N_3_1      		 0
D_K_3_1      		 0
K_3_1        		 15.8168
I_AP_3_1     		 0
K_AP_3_1     		 0
G_A_3_1      		 0
K_A_3_1      		 0
P_3_1        		 0.528423
Y_3_1        		 2.71823
N_3_1        		 0.0560292
Q_I_3_1      		 5.58316
A_3_1        		 6.90906
A_N_3_1      		 0.189015
A_K_3_1      		 1
D_3_2        		 0
D_N_3_2      		 0
D_K_3_2      		 0
K_3_2        		 3.66907
I_AP_3_2     		 0
K_AP_3_2     		 0
G_A_3_2      		 0
K_A_3_2      		 0
P_3_2        		 0.531465
Y_3_2        		 0.630556
N_3_2        		 0.0129972
Q_I_3_2      		 1.3026
A_3_2        		 6.90906
A_N_3_2      		 0.189015
A_K_3_2      		 1
Q_A_3        		 7.05093
P_A_3        		 0.819687
KH_3_1       		 10.5416
r_3_1        		 0.086016
I_3_1        		 0.474372
omegaI_3_1   		 0.768027
KH_3_2       		 2.16301
r_3_2        		 0.086016
I_3_2        		 0.0973354
omegaI_3_2   		 0.768027
Q_4          		 7.56696
D_4_1        		 0
D_N_4_1      		 0
D_K_4_1      		 0
K_4_1        		 8.56065
I_AP_4_1     		 0
K_AP_4_1     		 0
G_A_4_1      		 0
K_A_4_1      		 0
P_4_1        		 0.945749
Y_4_1        		 1.85156
N_4_1        		 0.0809286
Q_I_4_1      		 4.42096
A_4_1        		 5.47925
A_N_4_1      		 0.538827
A_K_4_1      		 1
D_4_2        		 0
D_N_4_2      		 0
D_K_4_2      		 0
K_4_2        		 1.94327
I_AP_4_2     		 0
K_AP_4_2     		 0
G_A_4_2      		 0
K_A_4_2      		 0
P_4_2        		 0.854875
Y_4_2        		 0.420304
N_4_2        		 0.0183708
Q_I_4_2      		 0.907129
A_4_2        		 5.47925
A_N_4_2      		 0.538827
A_K_4_2      		 1

--------------------------------------------------------
MODEL SIMULATION:

Iter: 1,	 err. = 0.0330108,	 time = 1.316
Iter: 2,	 err. = 3.74909,	 time = 1.233
Iter: 3,	 err. = 0.0130075,	 time = 1.181
Iter: 4,	 err. = 2.31615e-07,	 time = 1.324

Total time of simulation: 7.037.
--------------------------------------------------------

Perfect foresight solution found.

Elapsed time is 7.058008 seconds.
=============================================
=============================================
=== Step 6 of 10 for SSP585_AdaptPublic ===

                                         Norm of      First-order   Trust-region
 Iteration  Func-count     f(x)          step         optimality    radius
     0         22       0.0106514                          96.4               1
     1         44      0.00513546              1            109               1
     2         66      0.00030612       0.473313             29               1
     3         88     7.57089e-09      0.0102397         0.0919            1.18
     4        110     1.64334e-14    0.000672951       0.000203            1.18
     5        132     4.42515e-22    3.90216e-07       7.97e-09            1.18
     6        154     8.68078e-25    1.99673e-10       6.51e-10            1.18

<a href = "matlab: helpview('optim','eqn_inaccuracy','CSHelpWindow');">Equation solved, inaccuracy possible</a>.

The vector of function values is near zero, as measured by the value
of the <a href = "matlab: helpview('optim','fcn_tolerance_fsolve','CSHelpWindow');">function tolerance</a>. However, the <a href = "matlab: helpview('optim','last_step_ineffective','CSHelpWindow');">last step was ineffective</a>.

<<a href = "matlab: createExitMsg({'optim:fsolve:Exit3basic'},{'optim:fsolve:Exit3detailed','fsolve','2.208236e-22','2.220446e-16','8.680779e-25','1.000000e-08'},true,true);;">stopping criteria details</a>>

STEADY-STATE RESULTS:

K            		 28.2615
N            		 0.193115
SL           		 61.038
tas_1        		 3.94396
SfcWind_1    		 0
pr_1         		 0
sunshine_1   		 0
hurs_1       		 0
heatwave_1   		 0
maxdrydays_1 		 0
maxwetdays_1 		 0
storms_1     		 0
floods_1     		 0
fire_1       		 0
landslide_1  		 0
tas_2        		 3.84049
SfcWind_2    		 0
pr_2         		 0
sunshine_2   		 0
hurs_2       		 0
heatwave_2   		 0
maxdrydays_2 		 0
maxwetdays_2 		 0
storms_2     		 0
floods_2     		 0
fire_2       		 0
landslide_2  		 0
I_1          		 0.096805
Y_1          		 0.0664752
Q_D_1        		 0.951699
Q_I_1        		 0.107109
M_1          		 0.00113389
X_1          		 0.472876
D_X_1        		 0.331942
K_1          		 0.508168
N_1          		 0.0056736
P_D_1        		 0.104409
P_M_1        		 2.26403
W_1          		 6.32352
Q_1_1        		 0.68813
W_1_1        		 6.42574
tauKF_1_1    		 0
tauNF_1_1    		 0
P_D_1_1      		 0.0994979
Q_1_2        		 0.739157
W_1_2        		 6.23877
tauKF_1_2    		 0
tauNF_1_2    		 0
P_D_1_2      		 0.108597
Y_2          		 0.216868
Q_D_2        		 4.40997
Q_I_2        		 0.454805
M_2          		 0.0564892
X_2          		 0.911145
D_X_2        		 0.171232
K_2          		 1.64305
N_2          		 0.0191104
P_D_2        		 0.106401
P_M_2        		 2.26403
W_2          		 6.18043
Q_2_1        		 3.82981
W_2_1        		 6.18043
tauKF_2_1    		 0
tauNF_2_1    		 0
P_D_2_1      		 0.106401
Q_2_2        		 1.4913
W_2_2        		 6.18043
tauKF_2_2    		 0
tauNF_2_2    		 0
P_D_2_2      		 0.106401
I_2          		 0.603632
Y_3          		 1.77053
Q_D_3        		 8.57389
Q_I_3        		 6.88197
M_3          		 0.544218
X_3          		 1.51462
D_X_3        		 0.150133
K_3          		 13.414
N_3          		 0.0690315
P_D_3        		 0.699416
P_M_3        		 2.26403
W_3          		 13.9685
Q_3_1        		 8.18226
W_3_1        		 13.9533
tauKF_3_1    		 0
tauNF_3_1    		 0
P_D_3_1      		 0.699226
Q_3_2        		 1.90625
W_3_2        		 14.0337
tauKF_3_2    		 0
tauNF_3_2    		 0
P_D_3_2      		 0.700231
I_3          		 0.57133
Y_4          		 2.10903
Q_D_4        		 7.0475
Q_I_4        		 5.32455
M_4          		 0.00673138
X_4          		 0.516132
D_X_4        		 0.0682386
K_4          		 12.6962
N_4          		 0.0992991
P_D_4        		 0.819504
P_M_4        		 12.9206
W_4          		 13.9483
Q_4_1        		 6.23976
W_4_1        		 14.2007
tauKF_4_1    		 0
tauNF_4_1    		 0
P_D_4_1      		 0.82425
Q_4_2        		 1.32514
W_4_2        		 12.8362
tauKF_4_2    		 0
tauNF_4_2    		 0
P_D_4_2      		 0.796371
P            		 0.768027
lambda       		 0.303264
P_D          		 0.589628
P_M          		 2.51559
C            		 3.24007
H            		 21.0202
IH           		 1.05101
PH           		 0.0189525
DH           		 0
omegaH       		 0.0199001
PoP          		 0.917138
B            		 -5.68487
BG           		 0
NX           		 0.233171
rf           		 0.041016
G            		 0.636291
tauC         		 0.2
tauH         		 0.05
tauNH        		 0
tauKH        		 0
KG           		 6.36291
I            		 1.27177
Y            		 5.42026
Q_U          		 17.9555
Q_D          		 20.9297
Q_I          		 12.7684
Q            		 23.6919
M            		 0.576231
X            		 2.76215
G_A_DH       		 0
I_AP_DH      		 0
Q_A_1        		 5.36167
P_A_1        		 0.106047
KH_1_1       		 1.41663
r_1_1        		 0.086016
I_1_1        		 0.0637483
omegaI_1_1   		 0.768027
KH_1_2       		 0.734593
r_1_2        		 0.086016
I_1_2        		 0.0330567
omegaI_1_2   		 0.768027
Q_1          		 1.42457
D_1_1        		 0.0709912
D_N_1_1      		 0
D_K_1_1      		 0
K_1_1        		 23.9752
I_AP_1_1     		 0
K_AP_1_1     		 0
G_A_1_1      		 0
K_A_1_1      		 0
P_1_1        		 0.00749785
Y_1_1        		 4.08355
N_1_1        		 0.00257164
Q_I_1_1      		 0.0492815
A_1_1        		 12.5454
A_N_1_1      		 1.99287
A_K_1_1      		 1
D_1_2        		 0.169038
D_N_1_2      		 0
D_K_1_2      		 0
K_1_2        		 23.085
I_AP_1_2     		 0
K_AP_1_2     		 0
G_A_1_2      		 0.0130204
K_A_1_2      		 0.0130204
P_1_2        		 0.0091195
Y_1_2        		 3.93193
N_1_2        		 0.00310196
Q_I_1_2      		 0.0578278
A_1_2        		 12.5454
A_N_1_2      		 1.99287
A_K_1_2      		 1
Q_2          		 5.32111
D_2_1        		 0
D_N_2_1      		 0
D_K_2_1      		 0
K_2_1        		 224.184
I_AP_2_1     		 0
K_AP_2_1     		 0
G_A_2_1      		 0
K_A_2_1      		 0
P_2_1        		 0.00405134
Y_2_1        		 38.5276
N_2_1        		 0.0137545
Q_I_2_1      		 0.327341
A_2_1        		 16.154
A_N_2_1      		 1.99287
A_K_2_1      		 1
D_2_2        		 0
D_N_2_2      		 0
D_K_2_2      		 0
K_2_2        		 87.2954
I_AP_2_2     		 0
K_AP_2_2     		 0
G_A_2_2      		 0
K_A_2_2      		 0
P_2_2        		 0.00405134
Y_2_2        		 15.0023
N_2_2        		 0.00535589
Q_I_2_2      		 0.127464
A_2_2        		 16.154
A_N_2_2      		 1.99287
A_K_2_2      		 1
Q_A_2        		 8.57389
P_A_2        		 0.699416
KH_2_1       		 10.8765
r_2_1        		 0.086016
I_2_1        		 0.489441
omegaI_2_1   		 0.768027
KH_2_2       		 2.53757
r_2_2        		 0.086016
I_2_2        		 0.114191
omegaI_2_2   		 0.768027
Q_3          		 10.0885
D_3_1        		 0
D_N_3_1      		 0
D_K_3_1      		 0
K_3_1        		 15.818
I_AP_3_1     		 0
K_AP_3_1     		 0
G_A_3_1      		 0
K_A_3_1      		 0
P_3_1        		 0.528097
Y_3_1        		 2.71843
N_3_1        		 0.0560333
Q_I_3_1      		 5.58009
A_3_1        		 6.90906
A_N_3_1      		 0.189015
A_K_3_1      		 1
D_3_2        		 0
D_N_3_2      		 0
D_K_3_2      		 0
K_3_2        		 3.66934
I_AP_3_2     		 0
K_AP_3_2     		 0
G_A_3_2      		 0
K_A_3_2      		 0
P_3_2        		 0.531137
Y_3_2        		 0.630602
N_3_2        		 0.0129982
Q_I_3_2      		 1.30188
A_3_2        		 6.90906
A_N_3_2      		 0.189015
A_K_3_2      		 1
Q_A_3        		 7.0475
P_A_3        		 0.819504
KH_3_1       		 10.5346
r_3_1        		 0.086016
I_3_1        		 0.474059
omegaI_3_1   		 0.768027
KH_3_2       		 2.16158
r_3_2        		 0.086016
I_3_2        		 0.0972713
omegaI_3_2   		 0.768027
Q_4          		 7.56363
D_4_1        		 0
D_N_4_1      		 0
D_K_4_1      		 0
K_4_1        		 8.56063
I_AP_4_1     		 0
K_AP_4_1     		 0
G_A_4_1      		 0
K_A_4_1      		 0
P_4_1        		 0.945128
Y_4_1        		 1.85156
N_4_1        		 0.0809284
Q_I_4_1      		 4.41802
A_4_1        		 5.47925
A_N_4_1      		 0.538827
A_K_4_1      		 1
D_4_2        		 0
D_N_4_2      		 0
D_K_4_2      		 0
K_4_2        		 1.94326
I_AP_4_2     		 0
K_AP_4_2     		 0
G_A_4_2      		 0
K_A_4_2      		 0
P_4_2        		 0.854313
Y_4_2        		 0.420304
N_4_2        		 0.0183707
Q_I_4_2      		 0.906525
A_4_2        		 5.47925
A_N_4_2      		 0.538827
A_K_4_2      		 1

--------------------------------------------------------
MODEL SIMULATION:

Iter: 1,	 err. = 0.0330108,	 time = 1.262
Iter: 2,	 err. = 3.73931,	 time = 1.144
Iter: 3,	 err. = 0.0138936,	 time = 1.124
Iter: 4,	 err. = 2.89379e-07,	 time = 1.1

Total time of simulation: 6.699.
--------------------------------------------------------

Perfect foresight solution found.

Elapsed time is 6.737250 seconds.
=============================================
=============================================
=== Step 7 of 10 for SSP585_AdaptPublic ===

                                         Norm of      First-order   Trust-region
 Iteration  Func-count     f(x)          step         optimality    radius
     0         22       0.0113015                          96.4               1
     1         44      0.00613977              1            119               1
     2         66     0.000282965       0.436301           27.2               1
     3         88     8.88467e-09      0.0121278          0.115            1.09
     4        110     1.24211e-14    0.000603576       0.000172            1.09
     5        132     3.01265e-22    3.41397e-07       4.83e-10            1.09
     6        154     7.60731e-24    1.67925e-10       2.82e-09            1.09

<a href = "matlab: helpview('optim','eqn_inaccuracy','CSHelpWindow');">Equation solved, inaccuracy possible</a>.

The vector of function values is near zero, as measured by the value
of the <a href = "matlab: helpview('optim','fcn_tolerance_fsolve','CSHelpWindow');">function tolerance</a>. However, the <a href = "matlab: helpview('optim','last_step_ineffective','CSHelpWindow');">last step was ineffective</a>.

<<a href = "matlab: createExitMsg({'optim:fsolve:Exit3basic'},{'optim:fsolve:Exit3detailed','fsolve','1.468287e-22','2.220446e-16','7.607310e-24','1.000000e-08'},true,true);;">stopping criteria details</a>>

STEADY-STATE RESULTS:

K            		 28.2526
N            		 0.193187
SL           		 61.038
tas_1        		 3.94396
SfcWind_1    		 0
pr_1         		 0
sunshine_1   		 0
hurs_1       		 0
heatwave_1   		 0
maxdrydays_1 		 0
maxwetdays_1 		 0
storms_1     		 0
floods_1     		 0
fire_1       		 0
landslide_1  		 0
tas_2        		 3.84049
SfcWind_2    		 0
pr_2         		 0
sunshine_2   		 0
hurs_2       		 0
heatwave_2   		 0
maxdrydays_2 		 0
maxwetdays_2 		 0
storms_2     		 0
floods_2     		 0
fire_2       		 0
landslide_2  		 0
I_1          		 0.0971478
Y_1          		 0.0676092
Q_D_1        		 0.950979
Q_I_1        		 0.108995
M_1          		 0.00113331
X_1          		 0.463396
D_X_1        		 0.327633
K_1          		 0.516837
N_1          		 0.00574005
P_D_1        		 0.106988
P_M_1        		 2.26403
W_1          		 6.35694
Q_1_1        		 0.695789
W_1_1        		 6.47903
tauKF_1_1    		 0
tauNF_1_1    		 0
P_D_1_1      		 0.101029
Q_1_2        		 0.722431
W_1_2        		 6.25456
tauKF_1_2    		 0
tauNF_1_2    		 0
P_D_1_2      		 0.112157
Y_2          		 0.216729
Q_D_2        		 4.40772
Q_I_2        		 0.454511
M_2          		 0.0564602
X_2          		 0.911339
D_X_2        		 0.171335
K_2          		 1.642
N_2          		 0.019111
P_D_2        		 0.106373
P_M_2        		 2.26403
W_2          		 6.17628
Q_2_1        		 3.82834
W_2_1        		 6.17628
tauKF_2_1    		 0
tauNF_2_1    		 0
P_D_2_1      		 0.106373
Q_2_2        		 1.49072
W_2_2        		 6.17628
tauKF_2_2    		 0
tauNF_2_2    		 0
P_D_2_2      		 0.106373
I_2          		 0.603286
Y_3          		 1.76952
Q_D_3        		 8.56951
Q_I_3        		 6.87799
M_3          		 0.543939
X_3          		 1.51483
D_X_3        		 0.150216
K_3          		 13.4064
N_3          		 0.0690369
P_D_3        		 0.699302
P_M_3        		 2.26403
W_3          		 13.9594
Q_3_1        		 8.17888
W_3_1        		 13.9443
tauKF_3_1    		 0
tauNF_3_1    		 0
P_D_3_1      		 0.699112
Q_3_2        		 1.90546
W_3_2        		 14.0246
tauKF_3_2    		 0
tauNF_3_2    		 0
P_D_3_2      		 0.700117
I_3          		 0.570935
Y_4          		 2.10757
Q_D_4        		 7.04391
Q_I_4        		 5.32082
M_4          		 0.00672793
X_4          		 0.516232
D_X_4        		 0.0682835
K_4          		 12.6874
N_4          		 0.0992989
P_D_4        		 0.819311
P_M_4        		 12.9206
W_4          		 13.9387
Q_4_1        		 6.23687
W_4_1        		 14.1909
tauKF_4_1    		 0
tauNF_4_1    		 0
P_D_4_1      		 0.824057
Q_4_2        		 1.32453
W_4_2        		 12.8274
tauKF_4_2    		 0
tauNF_4_2    		 0
P_D_4_2      		 0.796184
P            		 0.768027
lambda       		 0.303472
P_D          		 0.589628
P_M          		 2.51559
C            		 3.23784
H            		 21.0057
IH           		 1.05028
PH           		 0.0189525
DH           		 0
omegaH       		 0.0199001
PoP          		 0.917138
B            		 -5.71338
BG           		 0
NX           		 0.23434
rf           		 0.041016
G            		 0.635844
tauC         		 0.2
tauH         		 0.05
tauNH        		 0
tauKH        		 0
KG           		 6.35844
I            		 1.27137
Y            		 5.41834
Q_U          		 17.9463
Q_D          		 20.919
Q_I          		 12.7623
Q            		 23.6814
M            		 0.575936
X            		 2.76241
G_A_DH       		 0
I_AP_DH      		 0
Q_A_1        		 5.3587
P_A_1        		 0.106482
KH_1_1       		 1.42207
r_1_1        		 0.086016
I_1_1        		 0.0639933
omegaI_1_1   		 0.768027
KH_1_2       		 0.736767
r_1_2        		 0.086016
I_1_2        		 0.0331545
omegaI_1_2   		 0.768027
Q_1          		 1.41437
D_1_1        		 0.0828231
D_N_1_1      		 0
D_K_1_1      		 0
K_1_1        		 23.7841
I_AP_1_1     		 0
K_AP_1_1     		 0
G_A_1_1      		 0
K_A_1_1      		 0
P_1_1        		 0.00775835
Y_1_1        		 4.05101
N_1_1        		 0.00261807
Q_I_1_1      		 0.0506046
A_1_1        		 12.5454
A_N_1_1      		 1.99287
A_K_1_1      		 1
D_1_2        		 0.197211
D_N_1_2      		 0
D_K_1_2      		 0
K_1_2        		 21.6701
I_AP_1_2     		 0
K_AP_1_2     		 0
G_A_1_2      		 0.0130204
K_A_1_2      		 0.0130204
P_1_2        		 0.00980239
Y_1_2        		 3.69094
N_1_2        		 0.00312198
Q_I_1_2      		 0.0583905
A_1_2        		 12.5454
A_N_1_2      		 1.99287
A_K_1_2      		 1
Q_2          		 5.31906
D_2_1        		 0
D_N_2_1      		 0
D_K_2_1      		 0
K_2_1        		 224.191
I_AP_2_1     		 0
K_AP_2_1     		 0
G_A_2_1      		 0
K_A_2_1      		 0
P_2_1        		 0.00404862
Y_2_1        		 38.5288
N_2_1        		 0.0137549
Q_I_2_1      		 0.327129
A_2_1        		 16.154
A_N_2_1      		 1.99287
A_K_2_1      		 1
D_2_2        		 0
D_N_2_2      		 0
D_K_2_2      		 0
K_2_2        		 87.2982
I_AP_2_2     		 0
K_AP_2_2     		 0
G_A_2_2      		 0
K_A_2_2      		 0
P_2_2        		 0.00404862
Y_2_2        		 15.0028
N_2_2        		 0.00535607
Q_I_2_2      		 0.127382
A_2_2        		 16.154
A_N_2_2      		 1.99287
A_K_2_2      		 1
Q_A_2        		 8.56951
P_A_2        		 0.699302
KH_2_1       		 10.8702
r_2_1        		 0.086016
I_2_1        		 0.489161
omegaI_2_1   		 0.768027
KH_2_2       		 2.53612
r_2_2        		 0.086016
I_2_2        		 0.114125
omegaI_2_2   		 0.768027
Q_3          		 10.0843
D_3_1        		 0
D_N_3_1      		 0
D_K_3_1      		 0
K_3_1        		 15.8192
I_AP_3_1     		 0
K_AP_3_1     		 0
G_A_3_1      		 0
K_A_3_1      		 0
P_3_1        		 0.527754
Y_3_1        		 2.71864
N_3_1        		 0.0560376
Q_I_3_1      		 5.57686
A_3_1        		 6.90906
A_N_3_1      		 0.189015
A_K_3_1      		 1
D_3_2        		 0
D_N_3_2      		 0
D_K_3_2      		 0
K_3_2        		 3.66963
I_AP_3_2     		 0
K_AP_3_2     		 0
G_A_3_2      		 0
K_A_3_2      		 0
P_3_2        		 0.530792
Y_3_2        		 0.630651
N_3_2        		 0.0129992
Q_I_3_2      		 1.30113
A_3_2        		 6.90906
A_N_3_2      		 0.189015
A_K_3_2      		 1
Q_A_3        		 7.04391
P_A_3        		 0.819311
KH_3_1       		 10.5274
r_3_1        		 0.086016
I_3_1        		 0.473731
omegaI_3_1   		 0.768027
KH_3_2       		 2.16009
r_3_2        		 0.086016
I_3_2        		 0.0972039
omegaI_3_2   		 0.768027
Q_4          		 7.56014
D_4_1        		 0
D_N_4_1      		 0
D_K_4_1      		 0
K_4_1        		 8.56061
I_AP_4_1     		 0
K_AP_4_1     		 0
G_A_4_1      		 0
K_A_4_1      		 0
P_4_1        		 0.944476
Y_4_1        		 1.85155
N_4_1        		 0.0809282
Q_I_4_1      		 4.41493
A_4_1        		 5.47925
A_N_4_1      		 0.538827
A_K_4_1      		 1
D_4_2        		 0
D_N_4_2      		 0
D_K_4_2      		 0
K_4_2        		 1.94326
I_AP_4_2     		 0
K_AP_4_2     		 0
G_A_4_2      		 0
K_A_4_2      		 0
P_4_2        		 0.853724
Y_4_2        		 0.420302
N_4_2        		 0.0183707
Q_I_4_2      		 0.905891
A_4_2        		 5.47925
A_N_4_2      		 0.538827
A_K_4_2      		 1

--------------------------------------------------------
MODEL SIMULATION:

Iter: 1,	 err. = 0.0330108,	 time = 1.093
Iter: 2,	 err. = 3.72883,	 time = 1.085
Iter: 3,	 err. = 0.014874,	 time = 1.133
Iter: 4,	 err. = 3.64701e-07,	 time = 1.173

Total time of simulation: 6.275.
--------------------------------------------------------

Perfect foresight solution found.

Elapsed time is 6.301140 seconds.
=============================================
=============================================
=== Step 8 of 10 for SSP585_AdaptPublic ===

                                         Norm of      First-order   Trust-region
 Iteration  Func-count     f(x)          step         optimality    radius
     0         22       0.0120165                          96.5               1
     1         44      0.00744239              1            130               1
     2         66     0.000258557       0.399252           25.3               1
     3         88      1.2286e-08      0.0146887          0.151               1
     4        110     7.85177e-15    0.000536979       0.000132               1
     5        132     3.04224e-22    2.99172e-07       1.21e-08               1
     6        154     1.42976e-23    1.42354e-10       2.26e-09               1

<a href = "matlab: helpview('optim','eqn_inaccuracy','CSHelpWindow');">Equation solved, inaccuracy possible</a>.

The vector of function values is near zero, as measured by the value
of the <a href = "matlab: helpview('optim','fcn_tolerance_fsolve','CSHelpWindow');">function tolerance</a>. However, the <a href = "matlab: helpview('optim','last_step_ineffective','CSHelpWindow');">last step was ineffective</a>.

<<a href = "matlab: createExitMsg({'optim:fsolve:Exit3basic'},{'optim:fsolve:Exit3detailed','fsolve','1.449630e-22','2.220446e-16','1.429758e-23','1.000000e-08'},true,true);;">stopping criteria details</a>>

STEADY-STATE RESULTS:

K            		 28.2433
N            		 0.193262
SL           		 61.038
tas_1        		 3.94396
SfcWind_1    		 0
pr_1         		 0
sunshine_1   		 0
hurs_1       		 0
heatwave_1   		 0
maxdrydays_1 		 0
maxwetdays_1 		 0
storms_1     		 0
floods_1     		 0
fire_1       		 0
landslide_1  		 0
tas_2        		 3.84049
SfcWind_2    		 0
pr_2         		 0
sunshine_2   		 0
hurs_2       		 0
heatwave_2   		 0
maxdrydays_2 		 0
maxwetdays_2 		 0
storms_2     		 0
floods_2     		 0
fire_2       		 0
landslide_2  		 0
I_1          		 0.0975072
Y_1          		 0.0687984
Q_D_1        		 0.950228
Q_I_1        		 0.110973
M_1          		 0.0011327
X_1          		 0.453866
D_X_1        		 0.323245
K_1          		 0.525928
N_1          		 0.00580931
P_D_1        		 0.1097
P_M_1        		 2.26403
W_1          		 6.39164
Q_1_1        		 0.703973
W_1_1        		 6.53454
tauKF_1_1    		 0
tauNF_1_1    		 0
P_D_1_1      		 0.102611
Q_1_2        		 0.705357
W_1_2        		 6.27036
tauKF_1_2    		 0
tauNF_1_2    		 0
P_D_1_2      		 0.11596
Y_2          		 0.216584
Q_D_2        		 4.40535
Q_I_2        		 0.454202
M_2          		 0.0564298
X_2          		 0.911544
D_X_2        		 0.171443
K_2          		 1.6409
N_2          		 0.0191117
P_D_2        		 0.106345
P_M_2        		 2.26403
W_2          		 6.17192
Q_2_1        		 3.82678
W_2_1        		 6.17192
tauKF_2_1    		 0
tauNF_2_1    		 0
P_D_2_1      		 0.106345
Q_2_2        		 1.49012
W_2_2        		 6.17191
tauKF_2_2    		 0
tauNF_2_2    		 0
P_D_2_2      		 0.106345
I_2          		 0.602923
Y_3          		 1.76845
Q_D_3        		 8.5649
Q_I_3        		 6.8738
M_3          		 0.543646
X_3          		 1.51504
D_X_3        		 0.150303
K_3          		 13.3983
N_3          		 0.0690425
P_D_3        		 0.699182
P_M_3        		 2.26403
W_3          		 13.9499
Q_3_1        		 8.17531
W_3_1        		 13.9348
tauKF_3_1    		 0
tauNF_3_1    		 0
P_D_3_1      		 0.698992
Q_3_2        		 1.90463
W_3_2        		 14.015
tauKF_3_2    		 0
tauNF_3_2    		 0
P_D_3_2      		 0.699997
I_3          		 0.570519
Y_4          		 2.10604
Q_D_4        		 7.04012
Q_I_4        		 5.31691
M_4          		 0.0067243
X_4          		 0.516338
D_X_4        		 0.0683307
K_4          		 12.6782
N_4          		 0.0992986
P_D_4        		 0.819109
P_M_4        		 12.9206
W_4          		 13.9286
Q_4_1        		 6.23384
W_4_1        		 14.1806
tauKF_4_1    		 0
tauNF_4_1    		 0
P_D_4_1      		 0.823853
Q_4_2        		 1.32389
W_4_2        		 12.8181
tauKF_4_2    		 0
tauNF_4_2    		 0
P_D_4_2      		 0.795988
P            		 0.768027
lambda       		 0.303692
P_D          		 0.589628
P_M          		 2.51559
C            		 3.2355
H            		 20.9905
IH           		 1.04952
PH           		 0.0189525
DH           		 0
omegaH       		 0.0199001
PoP          		 0.917138
B            		 -5.74322
BG           		 0
NX           		 0.235564
rf           		 0.041016
G            		 0.635375
tauC         		 0.2
tauH         		 0.05
tauNH        		 0
tauKH        		 0
KG           		 6.35375
I            		 1.27095
Y            		 5.41631
Q_U          		 17.9366
Q_D          		 20.9077
Q_I          		 12.7559
Q            		 23.6704
M            		 0.575625
X            		 2.76268
G_A_DH       		 0
I_AP_DH      		 0
Q_A_1        		 5.35558
P_A_1        		 0.10694
KH_1_1       		 1.42786
r_1_1        		 0.086016
I_1_1        		 0.0642539
omegaI_1_1   		 0.768027
KH_1_2       		 0.738962
r_1_2        		 0.086016
I_1_2        		 0.0332533
omegaI_1_2   		 0.768027
Q_1          		 1.40409
D_1_1        		 0.094655
D_N_1_1      		 0
D_K_1_1      		 0
K_1_1        		 23.6012
I_AP_1_1     		 0
K_AP_1_1     		 0
G_A_1_1      		 0
K_A_1_1      		 0
P_1_1        		 0.0080328
Y_1_1        		 4.01985
N_1_1        		 0.00266698
Q_I_1_1      		 0.0520099
A_1_1        		 12.5454
A_N_1_1      		 1.99287
A_K_1_1      		 1
D_1_2        		 0.225384
D_N_1_2      		 0
D_K_1_2      		 0
K_1_2        		 20.2926
I_AP_1_2     		 0
K_AP_1_2     		 0
G_A_1_2      		 0.0130204
K_A_1_2      		 0.0130204
P_1_2        		 0.0105626
Y_1_2        		 3.45631
N_1_2        		 0.00314232
Q_I_1_2      		 0.0589634
A_1_2        		 12.5454
A_N_1_2      		 1.99287
A_K_1_2      		 1
Q_2          		 5.3169
D_2_1        		 0
D_N_2_1      		 0
D_K_2_1      		 0
K_2_1        		 224.199
I_AP_2_1     		 0
K_AP_2_1     		 0
G_A_2_1      		 0
K_A_2_1      		 0
P_2_1        		 0.00404576
Y_2_1        		 38.5302
N_2_1        		 0.0137554
Q_I_2_1      		 0.326907
A_2_1        		 16.154
A_N_2_1      		 1.99287
A_K_2_1      		 1
D_2_2        		 0
D_N_2_2      		 0
D_K_2_2      		 0
K_2_2        		 87.3012
I_AP_2_2     		 0
K_AP_2_2     		 0
G_A_2_2      		 0
K_A_2_2      		 0
P_2_2        		 0.00404576
Y_2_2        		 15.0033
N_2_2        		 0.00535625
Q_I_2_2      		 0.127295
A_2_2        		 16.154
A_N_2_2      		 1.99287
A_K_2_2      		 1
Q_A_2        		 8.5649
P_A_2        		 0.699182
KH_2_1       		 10.8637
r_2_1        		 0.086016
I_2_1        		 0.488867
omegaI_2_1   		 0.768027
KH_2_2       		 2.53459
r_2_2        		 0.086016
I_2_2        		 0.114057
omegaI_2_2   		 0.768027
Q_3          		 10.0799
D_3_1        		 0
D_N_3_1      		 0
D_K_3_1      		 0
K_3_1        		 15.8205
I_AP_3_1     		 0
K_AP_3_1     		 0
G_A_3_1      		 0
K_A_3_1      		 0
P_3_1        		 0.527393
Y_3_1        		 2.71886
N_3_1        		 0.0560422
Q_I_3_1      		 5.57347
A_3_1        		 6.90906
A_N_3_1      		 0.189015
A_K_3_1      		 1
D_3_2        		 0
D_N_3_2      		 0
D_K_3_2      		 0
K_3_2        		 3.66992
I_AP_3_2     		 0
K_AP_3_2     		 0
G_A_3_2      		 0
K_A_3_2      		 0
P_3_2        		 0.530429
Y_3_2        		 0.630702
N_3_2        		 0.0130003
Q_I_3_2      		 1.30034
A_3_2        		 6.90906
A_N_3_2      		 0.189015
A_K_3_2      		 1
Q_A_3        		 7.04012
P_A_3        		 0.819109
KH_3_1       		 10.5197
r_3_1        		 0.086016
I_3_1        		 0.473386
omegaI_3_1   		 0.768027
KH_3_2       		 2.15851
r_3_2        		 0.086016
I_3_2        		 0.0971331
omegaI_3_2   		 0.768027
Q_4          		 7.55646
D_4_1        		 0
D_N_4_1      		 0
D_K_4_1      		 0
K_4_1        		 8.56058
I_AP_4_1     		 0
K_AP_4_1     		 0
G_A_4_1      		 0
K_A_4_1      		 0
P_4_1        		 0.943791
Y_4_1        		 1.85155
N_4_1        		 0.0809279
Q_I_4_1      		 4.41168
A_4_1        		 5.47925
A_N_4_1      		 0.538827
A_K_4_1      		 1
D_4_2        		 0
D_N_4_2      		 0
D_K_4_2      		 0
K_4_2        		 1.94325
I_AP_4_2     		 0
K_AP_4_2     		 0
G_A_4_2      		 0
K_A_4_2      		 0
P_4_2        		 0.853105
Y_4_2        		 0.420301
N_4_2        		 0.0183706
Q_I_4_2      		 0.905225
A_4_2        		 5.47925
A_N_4_2      		 0.538827
A_K_4_2      		 1

--------------------------------------------------------
MODEL SIMULATION:

Iter: 1,	 err. = 0.0330108,	 time = 1.108
Iter: 2,	 err. = 3.71758,	 time = 1.051
Iter: 3,	 err. = 0.0159628,	 time = 1.318
Iter: 4,	 err. = 4.63971e-07,	 time = 1.344

Total time of simulation: 6.814.
--------------------------------------------------------

Perfect foresight solution found.

Elapsed time is 6.847250 seconds.
=============================================
=============================================
=== Step 9 of 10 for SSP585_AdaptPublic ===

                                         Norm of      First-order   Trust-region
 Iteration  Func-count     f(x)          step         optimality    radius
     0         22       0.0128052                          96.6               1
     1         44      0.00914784              1            143               1
     2         66     0.000233883       0.362315           23.4               1
     3         88     2.05993e-08      0.0180825          0.207               1
     4        110     5.32693e-15     0.00047564       0.000104               1
     5        132     1.94084e-22    2.70357e-07       3.21e-09               1
     6        154     1.32003e-23    1.24147e-10       3.22e-09               1

<a href = "matlab: helpview('optim','eqn_inaccuracy','CSHelpWindow');">Equation solved, inaccuracy possible</a>.

The vector of function values is near zero, as measured by the value
of the <a href = "matlab: helpview('optim','fcn_tolerance_fsolve','CSHelpWindow');">function tolerance</a>. However, the <a href = "matlab: helpview('optim','last_step_ineffective','CSHelpWindow');">last step was ineffective</a>.

<<a href = "matlab: createExitMsg({'optim:fsolve:Exit3basic'},{'optim:fsolve:Exit3detailed','fsolve','9.044210e-23','2.220446e-16','1.320026e-23','1.000000e-08'},true,true);;">stopping criteria details</a>>

STEADY-STATE RESULTS:

K            		 28.2335
N            		 0.19334
SL           		 61.038
tas_1        		 3.94396
SfcWind_1    		 0
pr_1         		 0
sunshine_1   		 0
hurs_1       		 0
heatwave_1   		 0
maxdrydays_1 		 0
maxwetdays_1 		 0
storms_1     		 0
floods_1     		 0
fire_1       		 0
landslide_1  		 0
tas_2        		 3.84049
SfcWind_2    		 0
pr_2         		 0
sunshine_2   		 0
hurs_2       		 0
heatwave_2   		 0
maxdrydays_2 		 0
maxwetdays_2 		 0
storms_2     		 0
floods_2     		 0
fire_2       		 0
landslide_2  		 0
I_1          		 0.0978844
Y_1          		 0.0700471
Q_D_1        		 0.949443
Q_I_1        		 0.113051
M_1          		 0.00113206
X_1          		 0.444284
D_X_1        		 0.318774
K_1          		 0.535473
N_1          		 0.00588155
P_D_1        		 0.112557
P_M_1        		 2.26403
W_1          		 6.42771
Q_1_1        		 0.712729
W_1_1        		 6.59244
tauKF_1_1    		 0
tauNF_1_1    		 0
P_D_1_1      		 0.104248
Q_1_2        		 0.687917
W_1_2        		 6.28612
tauKF_1_2    		 0
tauNF_1_2    		 0
P_D_1_2      		 0.120033
Y_2          		 0.21643
Q_D_2        		 4.40286
Q_I_2        		 0.453877
M_2          		 0.0563977
X_2          		 0.91176
D_X_2        		 0.171557
K_2          		 1.63974
N_2          		 0.0191123
P_D_2        		 0.106314
P_M_2        		 2.26403
W_2          		 6.16732
Q_2_1        		 3.82514
W_2_1        		 6.16732
tauKF_2_1    		 0
tauNF_2_1    		 0
P_D_2_1      		 0.106314
Q_2_2        		 1.48948
W_2_2        		 6.16732
tauKF_2_2    		 0
tauNF_2_2    		 0
P_D_2_2      		 0.106314
I_2          		 0.602541
Y_3          		 1.76733
Q_D_3        		 8.56004
Q_I_3        		 6.86939
M_3          		 0.543336
X_3          		 1.51527
D_X_3        		 0.150394
K_3          		 13.3898
N_3          		 0.0690483
P_D_3        		 0.699056
P_M_3        		 2.26403
W_3          		 13.9398
Q_3_1        		 8.17156
W_3_1        		 13.9247
tauKF_3_1    		 0
tauNF_3_1    		 0
P_D_3_1      		 0.698866
Q_3_2        		 1.90376
W_3_2        		 14.0049
tauKF_3_2    		 0
tauNF_3_2    		 0
P_D_3_2      		 0.699871
I_3          		 0.570081
Y_4          		 2.10442
Q_D_4        		 7.03614
Q_I_4        		 5.31279
M_4          		 0.00672047
X_4          		 0.51645
D_X_4        		 0.0683805
K_4          		 12.6685
N_4          		 0.0992982
P_D_4        		 0.818896
P_M_4        		 12.9206
W_4          		 13.9179
Q_4_1        		 6.23064
W_4_1        		 14.1698
tauKF_4_1    		 0
tauNF_4_1    		 0
P_D_4_1      		 0.823639
Q_4_2        		 1.32321
W_4_2        		 12.8083
tauKF_4_2    		 0
tauNF_4_2    		 0
P_D_4_2      		 0.795781
P            		 0.768027
lambda       		 0.303924
P_D          		 0.589628
P_M          		 2.51559
C            		 3.23304
H            		 20.9745
IH           		 1.04872
PH           		 0.0189525
DH           		 0
omegaH       		 0.0199001
PoP          		 0.917138
B            		 -5.77451
BG           		 0
NX           		 0.236848
rf           		 0.041016
G            		 0.634881
tauC         		 0.2
tauH         		 0.05
tauNH        		 0
tauKH        		 0
KG           		 6.34881
I            		 1.27051
Y            		 5.41417
Q_U          		 17.9264
Q_D          		 20.8958
Q_I          		 12.7491
Q            		 23.6588
M            		 0.575297
X            		 2.76296
G_A_DH       		 0
I_AP_DH      		 0
Q_A_1        		 5.35229
P_A_1        		 0.107422
KH_1_1       		 1.43403
r_1_1        		 0.086016
I_1_1        		 0.0645315
omegaI_1_1   		 0.768027
KH_1_2       		 0.741175
r_1_2        		 0.086016
I_1_2        		 0.0333529
omegaI_1_2   		 0.768027
Q_1          		 1.39373
D_1_1        		 0.106487
D_N_1_1      		 0
D_K_1_1      		 0
K_1_1        		 23.427
I_AP_1_1     		 0
K_AP_1_1     		 0
G_A_1_1      		 0
K_A_1_1      		 0
P_1_1        		 0.00832223
Y_1_1        		 3.99018
N_1_1        		 0.00271859
Q_I_1_1      		 0.053505
A_1_1        		 12.5454
A_N_1_1      		 1.99287
A_K_1_1      		 1
D_1_2        		 0.253557
D_N_1_2      		 0
D_K_1_2      		 0
K_1_2        		 18.9528
I_AP_1_2     		 0
K_AP_1_2     		 0
G_A_1_2      		 0.0130204
K_A_1_2      		 0.0130204
P_1_2        		 0.0114122
Y_1_2        		 3.22812
N_1_2        		 0.00316296
Q_I_1_2      		 0.0595459
A_1_2        		 12.5454
A_N_1_2      		 1.99287
A_K_1_2      		 1
Q_2          		 5.31462
D_2_1        		 0
D_N_2_1      		 0
D_K_2_1      		 0
K_2_1        		 224.207
I_AP_2_1     		 0
K_AP_2_1     		 0
G_A_2_1      		 0
K_A_2_1      		 0
P_2_1        		 0.00404275
Y_2_1        		 38.5315
N_2_1        		 0.0137559
Q_I_2_1      		 0.326673
A_2_1        		 16.154
A_N_2_1      		 1.99287
A_K_2_1      		 1
D_2_2        		 0
D_N_2_2      		 0
D_K_2_2      		 0
K_2_2        		 87.3043
I_AP_2_2     		 0
K_AP_2_2     		 0
G_A_2_2      		 0
K_A_2_2      		 0
P_2_2        		 0.00404275
Y_2_2        		 15.0039
N_2_2        		 0.00535644
Q_I_2_2      		 0.127204
A_2_2        		 16.154
A_N_2_2      		 1.99287
A_K_2_2      		 1
Q_A_2        		 8.56004
P_A_2        		 0.699056
KH_2_1       		 10.8568
r_2_1        		 0.086016
I_2_1        		 0.488557
omegaI_2_1   		 0.768027
KH_2_2       		 2.53298
r_2_2        		 0.086016
I_2_2        		 0.113984
omegaI_2_2   		 0.768027
Q_3          		 10.0753
D_3_1        		 0
D_N_3_1      		 0
D_K_3_1      		 0
K_3_1        		 15.8218
I_AP_3_1     		 0
K_AP_3_1     		 0
G_A_3_1      		 0
K_A_3_1      		 0
P_3_1        		 0.527014
Y_3_1        		 2.7191
N_3_1        		 0.056047
Q_I_3_1      		 5.56989
A_3_1        		 6.90906
A_N_3_1      		 0.189015
A_K_3_1      		 1
D_3_2        		 0
D_N_3_2      		 0
D_K_3_2      		 0
K_3_2        		 3.67024
I_AP_3_2     		 0
K_AP_3_2     		 0
G_A_3_2      		 0
K_A_3_2      		 0
P_3_2        		 0.530047
Y_3_2        		 0.630756
N_3_2        		 0.0130014
Q_I_3_2      		 1.2995
A_3_2        		 6.90906
A_N_3_2      		 0.189015
A_K_3_2      		 1
Q_A_3        		 7.03614
P_A_3        		 0.818896
KH_3_1       		 10.5116
r_3_1        		 0.086016
I_3_1        		 0.473023
omegaI_3_1   		 0.768027
KH_3_2       		 2.15686
r_3_2        		 0.086016
I_3_2        		 0.0970586
omegaI_3_2   		 0.768027
Q_4          		 7.55259
D_4_1        		 0
D_N_4_1      		 0
D_K_4_1      		 0
K_4_1        		 8.56055
I_AP_4_1     		 0
K_AP_4_1     		 0
G_A_4_1      		 0
K_A_4_1      		 0
P_4_1        		 0.94307
Y_4_1        		 1.85154
N_4_1        		 0.0809276
Q_I_4_1      		 4.40826
A_4_1        		 5.47925
A_N_4_1      		 0.538827
A_K_4_1      		 1
D_4_2        		 0
D_N_4_2      		 0
D_K_4_2      		 0
K_4_2        		 1.94324
I_AP_4_2     		 0
K_AP_4_2     		 0
G_A_4_2      		 0
K_A_4_2      		 0
P_4_2        		 0.852453
Y_4_2        		 0.4203
N_4_2        		 0.0183706
Q_I_4_2      		 0.904523
A_4_2        		 5.47925
A_N_4_2      		 0.538827
A_K_4_2      		 1

--------------------------------------------------------
MODEL SIMULATION:

Iter: 1,	 err. = 0.0330108,	 time = 1.394
Iter: 2,	 err. = 3.70547,	 time = 1.416
Iter: 3,	 err. = 0.0171768,	 time = 1.438
Iter: 4,	 err. = 5.96326e-07,	 time = 1.509

Total time of simulation: 7.994.
--------------------------------------------------------

Perfect foresight solution found.

Elapsed time is 8.037524 seconds.
=============================================
=============================================
=== Step 10 of 10 for SSP585_AdaptPublic ===

                                         Norm of      First-order   Trust-region
 Iteration  Func-count     f(x)          step         optimality    radius
     0         22       0.0136786                          96.7               1
     1         44       0.0114081              1            157               1
     2         66     0.000210226       0.325728           21.4               1
     3         88      4.0763e-08      0.0225622          0.296               1
     4        110      3.9603e-15    0.000422567       8.42e-05               1
     5        132     2.05969e-22     2.6957e-07       5.97e-09               1
     6        154      1.5219e-23    1.19205e-10       2.67e-09               1

<a href = "matlab: helpview('optim','eqn_inaccuracy','CSHelpWindow');">Equation solved, inaccuracy possible</a>.

The vector of function values is near zero, as measured by the value
of the <a href = "matlab: helpview('optim','fcn_tolerance_fsolve','CSHelpWindow');">function tolerance</a>. However, the <a href = "matlab: helpview('optim','last_step_ineffective','CSHelpWindow');">last step was ineffective</a>.

<<a href = "matlab: createExitMsg({'optim:fsolve:Exit3basic'},{'optim:fsolve:Exit3detailed','fsolve','9.537485e-23','2.220446e-16','1.521900e-23','1.000000e-08'},true,true);;">stopping criteria details</a>>

STEADY-STATE RESULTS:

K            		 28.2231
N            		 0.193422
SL           		 61.038
tas_1        		 3.94396
SfcWind_1    		 0
pr_1         		 0
sunshine_1   		 0
hurs_1       		 0
heatwave_1   		 0
maxdrydays_1 		 0
maxwetdays_1 		 0
storms_1     		 0
floods_1     		 0
fire_1       		 0
landslide_1  		 0
tas_2        		 3.84049
SfcWind_2    		 0
pr_2         		 0
sunshine_2   		 0
hurs_2       		 0
heatwave_2   		 0
maxdrydays_2 		 0
maxwetdays_2 		 0
storms_2     		 0
floods_2     		 0
fire_2       		 0
landslide_2  		 0
I_1          		 0.0982808
Y_1          		 0.0713599
Q_D_1        		 0.948623
Q_I_1        		 0.115236
M_1          		 0.00113138
X_1          		 0.434649
D_X_1        		 0.314218
K_1          		 0.545509
N_1          		 0.005957
P_D_1        		 0.11557
P_M_1        		 2.26403
W_1          		 6.46524
Q_1_1        		 0.722111
W_1_1        		 6.65289
tauKF_1_1    		 0
tauNF_1_1    		 0
P_D_1_1      		 0.105941
Q_1_2        		 0.67009
W_1_2        		 6.3018
tauKF_1_2    		 0
tauNF_1_2    		 0
P_D_1_2      		 0.124406
Y_2          		 0.216268
Q_D_2        		 4.40023
Q_I_2        		 0.453534
M_2          		 0.0563638
X_2          		 0.911988
D_X_2        		 0.171677
K_2          		 1.63851
N_2          		 0.0191131
P_D_2        		 0.106282
P_M_2        		 2.26403
W_2          		 6.16248
Q_2_1        		 3.82341
W_2_1        		 6.16248
tauKF_2_1    		 0
tauNF_2_1    		 0
P_D_2_1      		 0.106282
Q_2_2        		 1.48881
W_2_2        		 6.16248
tauKF_2_2    		 0
tauNF_2_2    		 0
P_D_2_2      		 0.106282
I_2          		 0.602137
Y_3          		 1.76615
Q_D_3        		 8.55492
Q_I_3        		 6.86474
M_3          		 0.54301
X_3          		 1.51551
D_X_3        		 0.150491
K_3          		 13.3808
N_3          		 0.0690545
P_D_3        		 0.698923
P_M_3        		 2.26403
W_3          		 13.9292
Q_3_1        		 8.1676
W_3_1        		 13.9142
tauKF_3_1    		 0
tauNF_3_1    		 0
P_D_3_1      		 0.698733
Q_3_2        		 1.90283
W_3_2        		 13.9943
tauKF_3_2    		 0
tauNF_3_2    		 0
P_D_3_2      		 0.699737
I_3          		 0.56962
Y_4          		 2.10272
Q_D_4        		 7.03193
Q_I_4        		 5.30844
M_4          		 0.00671644
X_4          		 0.516567
D_X_4        		 0.0684331
K_4          		 12.6582
N_4          		 0.0992978
P_D_4        		 0.818671
P_M_4        		 12.9206
W_4          		 13.9067
Q_4_1        		 6.22727
W_4_1        		 14.1584
tauKF_4_1    		 0
tauNF_4_1    		 0
P_D_4_1      		 0.823413
Q_4_2        		 1.32249
W_4_2        		 12.798
tauKF_4_2    		 0
tauNF_4_2    		 0
P_D_4_2      		 0.795563
P            		 0.768027
lambda       		 0.304168
P_D          		 0.589628
P_M          		 2.51559
C            		 3.23044
H            		 20.9576
IH           		 1.04788
PH           		 0.0189525
DH           		 0
omegaH       		 0.0199001
PoP          		 0.917138
B            		 -5.80736
BG           		 0
NX           		 0.238195
rf           		 0.041016
G            		 0.63436
tauC         		 0.2
tauH         		 0.05
tauNH        		 0
tauKH        		 0
KG           		 6.3436
I            		 1.27004
Y            		 5.41191
Q_U          		 17.9157
Q_D          		 20.8833
Q_I          		 12.742
Q            		 23.6465
M            		 0.574952
X            		 2.76324
G_A_DH       		 0
I_AP_DH      		 0
Q_A_1        		 5.34883
P_A_1        		 0.10793
KH_1_1       		 1.44062
r_1_1        		 0.086016
I_1_1        		 0.0648278
omegaI_1_1   		 0.768027
KH_1_2       		 0.7434
r_1_2        		 0.086016
I_1_2        		 0.033453
omegaI_1_2   		 0.768027
Q_1          		 1.38327
D_1_1        		 0.118319
D_N_1_1      		 0
D_K_1_1      		 0
K_1_1        		 23.262
I_AP_1_1     		 0
K_AP_1_1     		 0
G_A_1_1      		 0
K_A_1_1      		 0
P_1_1        		 0.0086278
Y_1_1        		 3.96208
N_1_1        		 0.00277313
Q_I_1_1      		 0.0550988
A_1_1        		 12.5454
A_N_1_1      		 1.99287
A_K_1_1      		 1
D_1_2        		 0.28173
D_N_1_2      		 0
D_K_1_2      		 0
K_1_2        		 17.6514
I_AP_1_2     		 0
K_AP_1_2     		 0
G_A_1_2      		 0.0130204
K_A_1_2      		 0.0130204
P_1_2        		 0.0123653
Y_1_2        		 3.00646
N_1_2        		 0.00318387
Q_I_1_2      		 0.0601372
A_1_2        		 12.5454
A_N_1_2      		 1.99287
A_K_1_2      		 1
Q_2          		 5.31222
D_2_1        		 0
D_N_2_1      		 0
D_K_2_1      		 0
K_2_1        		 224.215
I_AP_2_1     		 0
K_AP_2_1     		 0
G_A_2_1      		 0
K_A_2_1      		 0
P_2_1        		 0.00403958
Y_2_1        		 38.533
N_2_1        		 0.0137564
Q_I_2_1      		 0.326426
A_2_1        		 16.154
A_N_2_1      		 1.99287
A_K_2_1      		 1
D_2_2        		 0
D_N_2_2      		 0
D_K_2_2      		 0
K_2_2        		 87.3076
I_AP_2_2     		 0
K_AP_2_2     		 0
G_A_2_2      		 0
K_A_2_2      		 0
P_2_2        		 0.00403957
Y_2_2        		 15.0044
N_2_2        		 0.00535664
Q_I_2_2      		 0.127108
A_2_2        		 16.154
A_N_2_2      		 1.99287
A_K_2_2      		 1
Q_A_2        		 8.55492
P_A_2        		 0.698923
KH_2_1       		 10.8495
r_2_1        		 0.086016
I_2_1        		 0.48823
omegaI_2_1   		 0.768027
KH_2_2       		 2.53129
r_2_2        		 0.086016
I_2_2        		 0.113908
omegaI_2_2   		 0.768027
Q_3          		 10.0704
D_3_1        		 0
D_N_3_1      		 0
D_K_3_1      		 0
K_3_1        		 15.8233
I_AP_3_1     		 0
K_AP_3_1     		 0
G_A_3_1      		 0
K_A_3_1      		 0
P_3_1        		 0.526614
Y_3_1        		 2.71934
N_3_1        		 0.056052
Q_I_3_1      		 5.56612
A_3_1        		 6.90906
A_N_3_1      		 0.189015
A_K_3_1      		 1
D_3_2        		 0
D_N_3_2      		 0
D_K_3_2      		 0
K_3_2        		 3.67056
I_AP_3_2     		 0
K_AP_3_2     		 0
G_A_3_2      		 0
K_A_3_2      		 0
P_3_2        		 0.529645
Y_3_2        		 0.630813
N_3_2        		 0.0130025
Q_I_3_2      		 1.29862
A_3_2        		 6.90906
A_N_3_2      		 0.189015
A_K_3_2      		 1
Q_A_3        		 7.03193
P_A_3        		 0.818671
KH_3_1       		 10.5031
r_3_1        		 0.086016
I_3_1        		 0.47264
omegaI_3_1   		 0.768027
KH_3_2       		 2.15511
r_3_2        		 0.086016
I_3_2        		 0.09698
omegaI_3_2   		 0.768027
Q_4          		 7.5485
D_4_1        		 0
D_N_4_1      		 0
D_K_4_1      		 0
K_4_1        		 8.56052
I_AP_4_1     		 0
K_AP_4_1     		 0
G_A_4_1      		 0
K_A_4_1      		 0
P_4_1        		 0.94231
Y_4_1        		 1.85153
N_4_1        		 0.0809273
Q_I_4_1      		 4.40466
A_4_1        		 5.47925
A_N_4_1      		 0.538827
A_K_4_1      		 1
D_4_2        		 0
D_N_4_2      		 0
D_K_4_2      		 0
K_4_2        		 1.94324
I_AP_4_2     		 0
K_AP_4_2     		 0
G_A_4_2      		 0
K_A_4_2      		 0
P_4_2        		 0.851767
Y_4_2        		 0.420298
N_4_2        		 0.0183705
Q_I_4_2      		 0.903783
A_4_2        		 5.47925
A_N_4_2      		 0.538827
A_K_4_2      		 1

EIGENVALUES:
         Modulus             Real        Imaginary

               0                0                0
               0                0                0
               0                0                0
       1.263e-19       -1.263e-19                0
       1.274e-19       -1.274e-19                0
       2.023e-19        2.023e-19                0
       4.515e-19       -4.515e-19                0
       1.415e-18        1.415e-18                0
       2.334e-18       -2.334e-18                0
       5.767e-18       -5.767e-18                0
       1.625e-17       -1.625e-17                0
       2.259e-17       -2.259e-17                0
       2.485e-17        2.485e-17                0
       5.377e-17        5.377e-17                0
        6.49e-17         6.49e-17                0
       9.812e-17        9.812e-17                0
       1.613e-16        1.613e-16                0
        2.67e-16         2.67e-16                0
       4.749e-16        4.749e-16                0
          0.3307           0.3307                0
             0.9              0.9                0
          0.9038           0.9037          0.01328
          0.9038           0.9037         -0.01328
           0.905           0.8999           0.0962
           0.905           0.8999          -0.0962
          0.9091           0.9045          0.09215
          0.9091           0.9045         -0.09215
          0.9189           0.9152          0.08235
          0.9189           0.9152         -0.08235
          0.9194           0.9158          0.08178
          0.9194           0.9158         -0.08178
          0.9208           0.9173          0.08034
          0.9208           0.9173         -0.08034
           1.123            1.119          0.09715
           1.123            1.119         -0.09715
           1.125            1.121          0.09924
           1.125            1.121         -0.09924
           1.126            1.121           0.1001
           1.126            1.121          -0.1001
           1.138            1.132           0.1149
           1.138            1.132          -0.1149
           1.143            1.137           0.1209
           1.143            1.137          -0.1209
           1.144            1.141          0.07664
           1.144            1.141         -0.07664
            3.15             3.15                0
       8.911e+38       -8.911e+38                0
       6.324e+41        6.324e+41                0
       5.522e+42       -5.522e+42                0
       1.053e+43        1.053e+43                0
       1.574e+43       -1.574e+43                0
       3.701e+43        3.701e+43                0
             Inf              Inf                0
             Inf              Inf                0
             Inf              Inf                0
             Inf              Inf                0
             Inf             -Inf                0
             Inf             -Inf                0
             Inf             -Inf                0
             Inf             -Inf                0
             Inf             -Inf                0


There are 28 eigenvalue(s) larger than 1 in modulus 
for 28 forward-looking variable(s)

The rank condition is verified.


--------------------------------------------------------
MODEL SIMULATION:

Iter: 1,	 err. = 0.0330108,	 time = 1.482
Iter: 2,	 err. = 3.6924,	 time = 1.328
Iter: 3,	 err. = 0.0185362,	 time = 1.291
Iter: 4,	 err. = 7.75033e-07,	 time = 1.35

Total time of simulation: 7.537.
--------------------------------------------------------

Perfect foresight solution found.

Elapsed time is 7.558756 seconds.
=============================================

--------------------------------------------------------
MODEL SIMULATION:

Iter: 1,	 err. = 7.75033e-07,	 time = 1.383

Total time of simulation: 1.387.
--------------------------------------------------------

Perfect foresight solution found.

Total computing time : 0h02m09s
