Starting Dynare (version 5.3).
Calling Dynare with arguments: noclearall
Starting preprocessing of the model file ...
Found 163 equation(s).
Evaluating expressions...done
Computing static model derivatives (order 1).
Computing dynamic model derivatives (order 2).
Processing outputs ...
done
Preprocessing completed.

=============================================
=== Step 1 of 10 for SSP585 ===

                                         Norm of      First-order   Trust-region
 Iteration  Func-count     f(x)          step         optimality    radius
     0         11       0.0167778                          7.98               1
     1         22      0.00867792              1          0.423               1
     2         33      0.00166747            2.5           1.36             2.5
     3         44     6.93586e-06        1.89579           0.35            6.25
     4         55     2.06221e-11      0.0311544       0.000536            6.25
     5         66     6.23341e-20    0.000128358       3.11e-08            6.25
     6         77     7.47101e-24    3.03929e-09       1.98e-10            6.25

<a href = "matlab: helpview('optim','eqn_inaccuracy','CSHelpWindow');">Equation solved, inaccuracy possible</a>.

The vector of function values is near zero, as measured by the value
of the <a href = "matlab: helpview('optim','fcn_tolerance_fsolve','CSHelpWindow');">function tolerance</a>. However, the <a href = "matlab: helpview('optim','last_step_ineffective','CSHelpWindow');">last step was ineffective</a>.

<<a href = "matlab: createExitMsg({'optim:fsolve:Exit3basic'},{'optim:fsolve:Exit3detailed','fsolve','3.116332e-20','2.220446e-16','7.471010e-24','1.000000e-08'},true,true);;">stopping criteria details</a>>

STEADY-STATE RESULTS:

K            		 29.8592
N            		 0.236904
SL           		 0
tas_1        		 3.77556
SfcWind_1    		 0
pr_1         		 0
sunshine_1   		 0
hurs_1       		 0
heatwave_1   		 0
maxdrydays_1 		 0
maxwetdays_1 		 0
storms_1     		 0
floods_1     		 0
fire_1       		 0
landslide_1  		 0
I_1          		 0.0644649
Y_1          		 0.269876
Q_D_1        		 4.06694
Q_I_1        		 0.667252
M_1          		 0.016457
X_1          		 0.198018
D_X_1        		 0.0464291
K_1          		 1.43255
N_1          		 0.0201405
P_D_1        		 0.180634
P_M_1        		 3.65019
W_1          		 9.05871
Q_1_1        		 4.26496
W_1_1        		 9.05871
tauKF_1_1    		 0
tauNF_1_1    		 0
P_D_1_1      		 0.180634
I_2          		 0.671211
Y_2          		 1.96153
Q_D_2        		 13.4403
Q_I_2        		 9.86052
M_2          		 0.279972
X_2          		 2.05314
D_X_2        		 0.132517
K_2          		 14.9158
N_2          		 0.126193
P_D_2        		 0.604006
P_M_2        		 3.65019
W_2          		 8.14066
Q_2_1        		 15.4935
W_2_1        		 8.14066
tauKF_2_1    		 0
tauNF_2_1    		 0
P_D_2_1      		 0.604006
I_3          		 0.60799
Y_3          		 1.77677
Q_D_3        		 9.32434
Q_I_3        		 2.93698
M_3          		 0.0359039
X_3          		 0.336302
D_X_3        		 0.0348115
K_3          		 13.5109
N_3          		 0.0905706
P_D_3        		 0.411968
P_M_3        		 6.56777
W_3          		 10.2741
Q_3_1        		 9.66064
W_3_1        		 10.2741
tauKF_3_1    		 0
tauNF_3_1    		 0
P_D_3_1      		 0.411968
P            		 0.750125
lambda       		 0.331289
P_D          		 0.473437
P_M          		 4.05576
C            		 3.18233
H            		 21.3928
IH           		 1.06964
PH           		 0.0348065
DH           		 0
omegaH       		 0.0365468
PoP          		 0.972576
B            		 -3.13953
BG           		 0
NX           		 0.128771
rf           		 0.041016
G            		 0.638947
tauC         		 0.2
tauH         		 0.05
tauNH        		 0
tauKH        		 0
KG           		 6.38947
I            		 1.34367
Y            		 5.34334
Q_U          		 18.6793
Q_D          		 26.8124
Q_I          		 13.4648
Q            		 29.8
M            		 0.324928
X            		 2.98757
G_A_DH       		 0
I_AP_DH      		 0
Q_A_1        		 4.06694
P_A_1        		 0.180634
KH_1_1       		 1.43255
r_1_1        		 0.086016
I_1_1        		 0.0644649
omegaI_1_1   		 0.750125
Q_1          		 4.26496
D_1_1        		 0.0396434
D_N_1_1      		 0.010194
D_K_1_1      		 0
K_1_1        		 88.1192
I_AP_1_1     		 0
K_AP_1_1     		 0
G_A_1_1      		 0
K_A_1_1      		 0
P_1_1        		 0.0121948
Y_1_1        		 22.1304
N_1_1        		 0.0201405
Q_I_1_1      		 0.667252
A_1_1        		 41.5005
A_N_1_1      		 2.04483
A_K_1_1      		 1
Q_A_2        		 13.4403
P_A_2        		 0.604006
KH_2_1       		 14.9158
r_2_1        		 0.086016
I_2_1        		 0.671211
omegaI_2_1   		 0.750125
Q_2          		 15.4935
D_2_1        		 0.013592
D_N_2_1      		 0.010194
D_K_2_1      		 0
K_2_1        		 42.1106
I_AP_2_1     		 0
K_AP_2_1     		 0
G_A_2_1      		 0
K_A_2_1      		 0
P_2_1        		 0.265698
Y_2_1        		 7.38254
N_2_1        		 0.126193
Q_I_2_1      		 9.86052
A_2_1        		 8.05925
A_N_2_1      		 0.193944
A_K_2_1      		 1
Q_A_3        		 9.32434
P_A_3        		 0.411968
KH_3_1       		 13.5109
r_3_1        		 0.086016
I_3_1        		 0.60799
omegaI_3_1   		 0.750125
Q_3          		 9.66064
D_3_1        		 0.013592
D_N_3_1      		 0.010194
D_K_3_1      		 0
K_3_1        		 51.9824
I_AP_3_1     		 0
K_AP_3_1     		 0
G_A_3_1      		 0
K_A_3_1      		 0
P_3_1        		 0.194967
Y_3_1        		 9.1132
N_3_1        		 0.0905706
Q_I_3_1      		 2.93698
A_3_1        		 6.23048
A_N_3_1      		 0.552877
A_K_3_1      		 1

--------------------------------------------------------
MODEL SIMULATION:

Iter: 1,	 err. = 5.02648,	 time = 0.845954
Iter: 2,	 err. = 2.54862,	 time = 0.23335
Iter: 3,	 err. = 0.00911864,	 time = 0.231046
Iter: 4,	 err. = 1.29643e-07,	 time = 0.219466

Total time of simulation: 2.11507.
--------------------------------------------------------

Perfect foresight solution found.

Elapsed time is 2.139435 seconds.
=============================================
=============================================
=== Step 2 of 10 for SSP585 ===

                                         Norm of      First-order   Trust-region
 Iteration  Func-count     f(x)          step         optimality    radius
     0         11       0.0171827                          8.31               1
     1         22      0.00867613              1          0.436               1
     2         33      0.00148367            2.5           1.48             2.5
     3         44      6.3133e-06        1.68942          0.343            6.25
     4         55     1.67374e-11      0.0259239        0.00049            6.25
     5         66     9.71016e-21    0.000109545       5.32e-10            6.25
     6         77     1.98064e-25    2.70096e-09       1.79e-11            6.25

<a href = "matlab: helpview('optim','eqn_inaccuracy','CSHelpWindow');">Equation solved, inaccuracy possible</a>.

The vector of function values is near zero, as measured by the value
of the <a href = "matlab: helpview('optim','fcn_tolerance_fsolve','CSHelpWindow');">function tolerance</a>. However, the <a href = "matlab: helpview('optim','last_step_ineffective','CSHelpWindow');">last step was ineffective</a>.

<<a href = "matlab: createExitMsg({'optim:fsolve:Exit3basic'},{'optim:fsolve:Exit3detailed','fsolve','4.854983e-21','2.220446e-16','1.980641e-25','1.000000e-08'},true,true);;">stopping criteria details</a>>

STEADY-STATE RESULTS:

K            		 28.981
N            		 0.239489
SL           		 0
tas_1        		 3.77556
SfcWind_1    		 0
pr_1         		 0
sunshine_1   		 0
hurs_1       		 0
heatwave_1   		 0
maxdrydays_1 		 0
maxwetdays_1 		 0
storms_1     		 0
floods_1     		 0
fire_1       		 0
landslide_1  		 0
I_1          		 0.0633153
Y_1          		 0.265063
Q_D_1        		 3.93707
Q_I_1        		 0.655603
M_1          		 0.0159336
X_1          		 0.197226
D_X_1        		 0.0477048
K_1          		 1.40701
N_1          		 0.0205125
P_D_1        		 0.183066
P_M_1        		 3.65019
W_1          		 8.73582
Q_1_1        		 4.13429
W_1_1        		 8.73582
tauKF_1_1    		 0
tauNF_1_1    		 0
P_D_1_1      		 0.183066
I_2          		 0.652422
Y_2          		 1.90662
Q_D_2        		 13.0129
Q_I_2        		 9.58428
M_2          		 0.271068
X_2          		 2.05342
D_X_2        		 0.136292
K_2          		 14.4983
N_2          		 0.127636
P_D_2        		 0.603732
P_M_2        		 3.65019
W_2          		 7.82333
Q_2_1        		 15.0663
W_2_1        		 7.82333
tauKF_2_1    		 0
tauNF_2_1    		 0
P_D_2_1      		 0.603732
I_3          		 0.588406
Y_3          		 1.71954
Q_D_3        		 9.02793
Q_I_3        		 2.84228
M_3          		 0.034762
X_3          		 0.336465
D_X_3        		 0.0359302
K_3          		 13.0757
N_3          		 0.091341
P_D_3        		 0.411303
P_M_3        		 6.56777
W_3          		 9.85931
Q_3_1        		 9.3644
W_3_1        		 9.85931
tauKF_3_1    		 0
tauNF_3_1    		 0
P_D_3_1      		 0.411303
P            		 0.750125
lambda       		 0.346692
P_D          		 0.473437
P_M          		 4.05576
C            		 3.04094
H            		 20.4424
IH           		 1.02212
PH           		 0.0348065
DH           		 0
omegaH       		 0.0365468
PoP          		 0.972576
B            		 -4.49483
BG           		 0
NX           		 0.18436
rf           		 0.041016
G            		 0.61056
tauC         		 0.2
tauH         		 0.05
tauNH        		 0
tauKH        		 0
KG           		 6.1056
I            		 1.30414
Y            		 5.18743
Q_U          		 18.0852
Q_D          		 25.9597
Q_I          		 13.0822
Q            		 28.9468
M            		 0.314594
X            		 2.98711
G_A_DH       		 0
I_AP_DH      		 0
Q_A_1        		 3.93707
P_A_1        		 0.183066
KH_1_1       		 1.40701
r_1_1        		 0.086016
I_1_1        		 0.0633153
omegaI_1_1   		 0.750125
Q_1          		 4.13429
D_1_1        		 0.0792868
D_N_1_1      		 0.020388
D_K_1_1      		 0
K_1_1        		 83.3062
I_AP_1_1     		 0
K_AP_1_1     		 0
G_A_1_1      		 0
K_A_1_1      		 0
P_1_1        		 0.0126693
Y_1_1        		 20.9217
N_1_1        		 0.0205125
Q_I_1_1      		 0.655603
A_1_1        		 41.5005
A_N_1_1      		 2.04483
A_K_1_1      		 1
Q_A_2        		 13.0129
P_A_2        		 0.603732
KH_2_1       		 14.4983
r_2_1        		 0.086016
I_2_1        		 0.652422
omegaI_2_1   		 0.750125
Q_2          		 15.0663
D_2_1        		 0.027184
D_N_2_1      		 0.020388
D_K_2_1      		 0
K_2_1        		 41.0206
I_AP_2_1     		 0
K_AP_2_1     		 0
G_A_2_1      		 0
K_A_2_1      		 0
P_2_1        		 0.265123
Y_2_1        		 7.19145
N_2_1        		 0.127636
Q_I_2_1      		 9.58428
A_2_1        		 8.05925
A_N_2_1      		 0.193944
A_K_2_1      		 1
Q_A_3        		 9.02793
P_A_3        		 0.411303
KH_3_1       		 13.0757
r_3_1        		 0.086016
I_3_1        		 0.588406
omegaI_3_1   		 0.750125
Q_3          		 9.3644
D_3_1        		 0.027184
D_N_3_1      		 0.020388
D_K_3_1      		 0
K_3_1        		 50.4904
I_AP_3_1     		 0
K_AP_3_1     		 0
G_A_3_1      		 0
K_A_3_1      		 0
P_3_1        		 0.194263
Y_3_1        		 8.85162
N_3_1        		 0.091341
Q_I_3_1      		 2.84228
A_3_1        		 6.23048
A_N_3_1      		 0.552877
A_K_3_1      		 1

--------------------------------------------------------
MODEL SIMULATION:

Iter: 1,	 err. = 0.0773055,	 time = 0.339819
Iter: 2,	 err. = 2.60177,	 time = 0.219238
Iter: 3,	 err. = 0.0108359,	 time = 0.191591
Iter: 4,	 err. = 1.99659e-07,	 time = 0.180841

Total time of simulation: 1.51432.
--------------------------------------------------------

Perfect foresight solution found.

Elapsed time is 1.525038 seconds.
=============================================
=============================================
=== Step 3 of 10 for SSP585 ===

                                         Norm of      First-order   Trust-region
 Iteration  Func-count     f(x)          step         optimality    radius
     0         11        0.018181                          8.75               1
     1         22      0.00904352              1          0.459               1
     2         33      0.00143215            2.5           1.64             2.5
     3         44     6.40336e-06        1.56034          0.353            6.25
     4         55     1.70264e-11      0.0232605       0.000502            6.25
     5         66     3.58632e-20     0.00010416       2.03e-08            6.25
     6         77     1.08115e-23    2.69339e-09       3.88e-10            6.25

<a href = "matlab: helpview('optim','eqn_inaccuracy','CSHelpWindow');">Equation solved, inaccuracy possible</a>.

The vector of function values is near zero, as measured by the value
of the <a href = "matlab: helpview('optim','fcn_tolerance_fsolve','CSHelpWindow');">function tolerance</a>. However, the <a href = "matlab: helpview('optim','last_step_ineffective','CSHelpWindow');">last step was ineffective</a>.

<<a href = "matlab: createExitMsg({'optim:fsolve:Exit3basic'},{'optim:fsolve:Exit3detailed','fsolve','1.792618e-20','2.220446e-16','1.081151e-23','1.000000e-08'},true,true);;">stopping criteria details</a>>

STEADY-STATE RESULTS:

K            		 28.1236
N            		 0.242238
SL           		 0
tas_1        		 3.77556
SfcWind_1    		 0
pr_1         		 0
sunshine_1   		 0
hurs_1       		 0
heatwave_1   		 0
maxdrydays_1 		 0
maxwetdays_1 		 0
storms_1     		 0
floods_1     		 0
fire_1       		 0
landslide_1  		 0
I_1          		 0.0622248
Y_1          		 0.260498
Q_D_1        		 3.81032
Q_I_1        		 0.644574
M_1          		 0.0154228
X_1          		 0.196385
D_X_1        		 0.0490141
K_1          		 1.38277
N_1          		 0.0209135
P_D_1        		 0.185691
P_M_1        		 3.65019
W_1          		 8.42072
Q_1_1        		 4.0067
W_1_1        		 8.42072
tauKF_1_1    		 0
tauNF_1_1    		 0
P_D_1_1      		 0.185691
I_2          		 0.63407
Y_2          		 1.85299
Q_D_2        		 12.5958
Q_I_2        		 9.31448
M_2          		 0.262378
X_2          		 2.05373
D_X_2        		 0.14019
K_2          		 14.0905
N_2          		 0.129167
P_D_2        		 0.603432
P_M_2        		 3.65019
W_2          		 7.51315
Q_2_1        		 14.6496
W_2_1        		 7.51315
tauKF_2_1    		 0
tauNF_2_1    		 0
P_D_2_1      		 0.603432
I_3          		 0.569267
Y_3          		 1.66361
Q_D_3        		 8.73868
Q_I_3        		 2.74972
M_3          		 0.0336477
X_3          		 0.33664
D_X_3        		 0.037094
K_3          		 12.6504
N_3          		 0.0921575
P_D_3        		 0.410591
P_M_3        		 6.56777
W_3          		 9.4541
Q_3_1        		 9.07532
W_3_1        		 9.4541
tauKF_3_1    		 0
tauNF_3_1    		 0
P_D_3_1      		 0.410591
P            		 0.750125
lambda       		 0.363164
P_D          		 0.473437
P_M          		 4.05576
C            		 2.90302
H            		 19.5152
IH           		 0.975759
PH           		 0.0348065
DH           		 0
omegaH       		 0.0365468
PoP          		 0.972576
B            		 -5.81649
BG           		 0
NX           		 0.238569
rf           		 0.041016
G            		 0.582867
tauC         		 0.2
tauH         		 0.05
tauNH        		 0
tauKH        		 0
KG           		 5.82867
I            		 1.26556
Y            		 5.03529
Q_U          		 17.5055
Q_D          		 25.1275
Q_I          		 12.7088
Q            		 28.1141
M            		 0.304509
X            		 2.98661
G_A_DH       		 0
I_AP_DH      		 0
Q_A_1        		 3.81032
P_A_1        		 0.185691
KH_1_1       		 1.38277
r_1_1        		 0.086016
I_1_1        		 0.0622248
omegaI_1_1   		 0.750125
Q_1          		 4.0067
D_1_1        		 0.11893
D_N_1_1      		 0.030582
D_K_1_1      		 0
K_1_1        		 78.6091
I_AP_1_1     		 0
K_AP_1_1     		 0
G_A_1_1      		 0
K_A_1_1      		 0
P_1_1        		 0.0131951
Y_1_1        		 19.742
N_1_1        		 0.0209135
Q_I_1_1      		 0.644574
A_1_1        		 41.5005
A_N_1_1      		 2.04483
A_K_1_1      		 1
Q_A_2        		 12.5958
P_A_2        		 0.603432
KH_2_1       		 14.0905
r_2_1        		 0.086016
I_2_1        		 0.63407
omegaI_2_1   		 0.750125
Q_2          		 14.6496
D_2_1        		 0.0407761
D_N_2_1      		 0.030582
D_K_2_1      		 0
K_2_1        		 39.9614
I_AP_2_1     		 0
K_AP_2_1     		 0
G_A_2_1      		 0
K_A_2_1      		 0
P_2_1        		 0.264495
Y_2_1        		 7.00576
N_2_1        		 0.129167
Q_I_2_1      		 9.31448
A_2_1        		 8.05925
A_N_2_1      		 0.193944
A_K_2_1      		 1
Q_A_3        		 8.73868
P_A_3        		 0.410591
KH_3_1       		 12.6504
r_3_1        		 0.086016
I_3_1        		 0.569267
omegaI_3_1   		 0.750125
Q_3          		 9.07532
D_3_1        		 0.0407761
D_N_3_1      		 0.030582
D_K_3_1      		 0
K_3_1        		 49.0381
I_AP_3_1     		 0
K_AP_3_1     		 0
G_A_3_1      		 0
K_A_3_1      		 0
P_3_1        		 0.19351
Y_3_1        		 8.59702
N_3_1        		 0.0921575
Q_I_3_1      		 2.74972
A_3_1        		 6.23048
A_N_3_1      		 0.552877
A_K_3_1      		 1

--------------------------------------------------------
MODEL SIMULATION:

Iter: 1,	 err. = 0.0817233,	 time = 0.17502
Iter: 2,	 err. = 2.70066,	 time = 0.16726
Iter: 3,	 err. = 0.0130518,	 time = 0.14032
Iter: 4,	 err. = 3.22248e-07,	 time = 0.124845

Total time of simulation: 1.15097.
--------------------------------------------------------

Perfect foresight solution found.

Elapsed time is 1.159308 seconds.
=============================================
=============================================
=== Step 4 of 10 for SSP585 ===

                                         Norm of      First-order   Trust-region
 Iteration  Func-count     f(x)          step         optimality    radius
     0         11       0.0192915                           9.2               1
     1         22      0.00944836              1          0.484               1
     2         33      0.00138132            2.5           1.83             2.5
     3         44     6.39067e-06        1.43342          0.359            6.25
     4         55     1.74589e-11      0.0206916        0.00052            6.25
     5         66     3.40522e-20    9.72699e-05        1.5e-08            6.25
     6         77     9.21617e-24    2.76634e-09       2.58e-10            6.25

<a href = "matlab: helpview('optim','eqn_inaccuracy','CSHelpWindow');">Equation solved, inaccuracy possible</a>.

The vector of function values is near zero, as measured by the value
of the <a href = "matlab: helpview('optim','fcn_tolerance_fsolve','CSHelpWindow');">function tolerance</a>. However, the <a href = "matlab: helpview('optim','last_step_ineffective','CSHelpWindow');">last step was ineffective</a>.

<<a href = "matlab: createExitMsg({'optim:fsolve:Exit3basic'},{'optim:fsolve:Exit3detailed','fsolve','1.702149e-20','2.220446e-16','9.216166e-24','1.000000e-08'},true,true);;">stopping criteria details</a>>

STEADY-STATE RESULTS:

K            		 27.2868
N            		 0.245164
SL           		 0
tas_1        		 3.77556
SfcWind_1    		 0
pr_1         		 0
sunshine_1   		 0
hurs_1       		 0
heatwave_1   		 0
maxdrydays_1 		 0
maxwetdays_1 		 0
storms_1     		 0
floods_1     		 0
fire_1       		 0
landslide_1  		 0
I_1          		 0.0611959
Y_1          		 0.25619
Q_D_1        		 3.68663
Q_I_1        		 0.634191
M_1          		 0.0149245
X_1          		 0.195492
D_X_1        		 0.0503569
K_1          		 1.35991
N_1          		 0.021347
P_D_1        		 0.188534
P_M_1        		 3.65019
W_1          		 8.11331
Q_1_1        		 3.88213
W_1_1        		 8.11331
tauKF_1_1    		 0
tauNF_1_1    		 0
P_D_1_1      		 0.188534
I_2          		 0.616148
Y_2          		 1.80062
Q_D_2        		 12.1889
Q_I_2        		 9.05097
M_2          		 0.2539
X_2          		 2.05406
D_X_2        		 0.144216
K_2          		 13.6922
N_2          		 0.130794
P_D_2        		 0.603103
P_M_2        		 3.65019
W_2          		 7.20997
Q_2_1        		 14.243
W_2_1        		 7.20997
tauKF_2_1    		 0
tauNF_2_1    		 0
P_D_2_1      		 0.603103
I_3          		 0.55056
Y_3          		 1.60894
Q_D_3        		 8.45647
Q_I_3        		 2.65925
M_3          		 0.0325604
X_3          		 0.336828
D_X_3        		 0.0383051
K_3          		 12.2347
N_3          		 0.0930238
P_D_3        		 0.409825
P_M_3        		 6.56777
W_3          		 9.05828
Q_3_1        		 8.7933
W_3_1        		 9.05828
tauKF_3_1    		 0
tauNF_3_1    		 0
P_D_3_1      		 0.409825
P            		 0.750125
lambda       		 0.38081
P_D          		 0.473437
P_M          		 4.05576
C            		 2.76849
H            		 18.6108
IH           		 0.930542
PH           		 0.0348065
DH           		 0
omegaH       		 0.0365468
PoP          		 0.972576
B            		 -7.10499
BG           		 0
NX           		 0.291419
rf           		 0.041016
G            		 0.555857
tauC         		 0.2
tauH         		 0.05
tauNH        		 0
tauKH        		 0
KG           		 5.55857
I            		 1.2279
Y            		 4.88685
Q_U          		 16.9398
Q_D          		 24.3156
Q_I          		 12.3444
Q            		 27.3016
M            		 0.29467
X            		 2.98606
G_A_DH       		 0
I_AP_DH      		 0
Q_A_1        		 3.68663
P_A_1        		 0.188534
KH_1_1       		 1.35991
r_1_1        		 0.086016
I_1_1        		 0.0611959
omegaI_1_1   		 0.750125
Q_1          		 3.88213
D_1_1        		 0.158574
D_N_1_1      		 0.0407761
D_K_1_1      		 0
K_1_1        		 74.0257
I_AP_1_1     		 0
K_AP_1_1     		 0
G_A_1_1      		 0
K_A_1_1      		 0
P_1_1        		 0.0137804
Y_1_1        		 18.5909
N_1_1        		 0.021347
Q_I_1_1      		 0.634191
A_1_1        		 41.5005
A_N_1_1      		 2.04483
A_K_1_1      		 1
Q_A_2        		 12.1889
P_A_2        		 0.603103
KH_2_1       		 13.6922
r_2_1        		 0.086016
I_2_1        		 0.616148
omegaI_2_1   		 0.750125
Q_2          		 14.243
D_2_1        		 0.0543681
D_N_2_1      		 0.0407761
D_K_2_1      		 0
K_2_1        		 38.933
I_AP_2_1     		 0
K_AP_2_1     		 0
G_A_2_1      		 0
K_A_2_1      		 0
P_2_1        		 0.263808
Y_2_1        		 6.82547
N_2_1        		 0.130794
Q_I_2_1      		 9.05097
A_2_1        		 8.05925
A_N_2_1      		 0.193944
A_K_2_1      		 1
Q_A_3        		 8.45647
P_A_3        		 0.409825
KH_3_1       		 12.2347
r_3_1        		 0.086016
I_3_1        		 0.55056
omegaI_3_1   		 0.750125
Q_3          		 8.7933
D_3_1        		 0.0543681
D_N_3_1      		 0.0407761
D_K_3_1      		 0
K_3_1        		 47.6254
I_AP_3_1     		 0
K_AP_3_1     		 0
G_A_3_1      		 0
K_A_3_1      		 0
P_3_1        		 0.192703
Y_3_1        		 8.34935
N_3_1        		 0.0930238
Q_I_3_1      		 2.65925
A_3_1        		 6.23048
A_N_3_1      		 0.552877
A_K_3_1      		 1

--------------------------------------------------------
MODEL SIMULATION:

Iter: 1,	 err. = 0.0865133,	 time = 0.149129
Iter: 2,	 err. = 2.80662,	 time = 0.130131
Iter: 3,	 err. = 0.01584,	 time = 0.131279
Iter: 4,	 err. = 5.31913e-07,	 time = 0.121861

Total time of simulation: 1.23043.
--------------------------------------------------------

Perfect foresight solution found.

Elapsed time is 1.265663 seconds.
=============================================
=============================================
=== Step 5 of 10 for SSP585 ===

                                         Norm of      First-order   Trust-region
 Iteration  Func-count     f(x)          step         optimality    radius
     0         11       0.0205336                          9.69               1
     1         22      0.00989766              1           0.51               1
     2         33      0.00133335            2.5           2.04             2.5
     3         44     6.22139e-06        1.30871          0.361            6.25
     4         55     1.77436e-11      0.0182552        0.00054            6.25
     5         66     5.42965e-20    8.84902e-05       2.97e-08            6.25
     6         77      1.0253e-23    2.69983e-09       4.04e-10            6.25

<a href = "matlab: helpview('optim','eqn_inaccuracy','CSHelpWindow');">Equation solved, inaccuracy possible</a>.

The vector of function values is near zero, as measured by the value
of the <a href = "matlab: helpview('optim','fcn_tolerance_fsolve','CSHelpWindow');">function tolerance</a>. However, the <a href = "matlab: helpview('optim','last_step_ineffective','CSHelpWindow');">last step was ineffective</a>.

<<a href = "matlab: createExitMsg({'optim:fsolve:Exit3basic'},{'optim:fsolve:Exit3detailed','fsolve','2.714310e-20','2.220446e-16','1.025297e-23','1.000000e-08'},true,true);;">stopping criteria details</a>>

STEADY-STATE RESULTS:

K            		 26.47
N            		 0.248286
SL           		 0
tas_1        		 3.77556
SfcWind_1    		 0
pr_1         		 0
sunshine_1   		 0
hurs_1       		 0
heatwave_1   		 0
maxdrydays_1 		 0
maxwetdays_1 		 0
storms_1     		 0
floods_1     		 0
fire_1       		 0
landslide_1  		 0
I_1          		 0.0602315
Y_1          		 0.252153
Q_D_1        		 3.56596
Q_I_1        		 0.624486
M_1          		 0.0144383
X_1          		 0.194541
D_X_1        		 0.0517328
K_1          		 1.33848
N_1          		 0.0218169
P_D_1        		 0.191622
P_M_1        		 3.65019
W_1          		 7.81346
Q_1_1        		 3.7605
W_1_1        		 7.81346
tauKF_1_1    		 0
tauNF_1_1    		 0
P_D_1_1      		 0.191622
I_2          		 0.598645
Y_2          		 1.74946
Q_D_2        		 11.7919
Q_I_2        		 8.79359
M_2          		 0.245629
X_2          		 2.05443
D_X_2        		 0.148374
K_2          		 13.3032
N_2          		 0.132525
P_D_2        		 0.602742
P_M_2        		 3.65019
W_2          		 6.91364
Q_2_1        		 13.8463
W_2_1        		 6.91364
tauKF_2_1    		 0
tauNF_2_1    		 0
P_D_2_1      		 0.602742
I_3          		 0.532275
Y_3          		 1.55551
Q_D_3        		 8.18115
Q_I_3        		 2.57081
M_3          		 0.0314997
X_3          		 0.337032
D_X_3        		 0.0395662
K_3          		 11.8283
N_3          		 0.0939442
P_D_3        		 0.409
P_M_3        		 6.56777
W_3          		 8.67164
Q_3_1        		 8.51818
W_3_1        		 8.67164
tauKF_3_1    		 0
tauNF_3_1    		 0
P_D_3_1      		 0.409
P            		 0.750125
lambda       		 0.399752
P_D          		 0.473437
P_M          		 4.05576
C            		 2.63731
H            		 17.729
IH           		 0.886449
PH           		 0.0348065
DH           		 0
omegaH       		 0.0365468
PoP          		 0.972576
B            		 -8.36085
BG           		 0
NX           		 0.342929
rf           		 0.041016
G            		 0.529518
tauC         		 0.2
tauH         		 0.05
tauNH        		 0
tauKH        		 0
KG           		 5.29518
I            		 1.19115
Y            		 4.74204
Q_U          		 16.388
Q_D          		 23.5234
Q_I          		 11.9889
Q            		 26.5089
M            		 0.28507
X            		 2.98544
G_A_DH       		 0
I_AP_DH      		 0
Q_A_1        		 3.56596
P_A_1        		 0.191622
KH_1_1       		 1.33848
r_1_1        		 0.086016
I_1_1        		 0.0602315
omegaI_1_1   		 0.750125
Q_1          		 3.7605
D_1_1        		 0.198217
D_N_1_1      		 0.0509701
D_K_1_1      		 0
K_1_1        		 69.5538
I_AP_1_1     		 0
K_AP_1_1     		 0
G_A_1_1      		 0
K_A_1_1      		 0
P_1_1        		 0.0144353
Y_1_1        		 17.4679
N_1_1        		 0.0218169
Q_I_1_1      		 0.624486
A_1_1        		 41.5005
A_N_1_1      		 2.04483
A_K_1_1      		 1
Q_A_2        		 11.7919
P_A_2        		 0.602742
KH_2_1       		 13.3032
r_2_1        		 0.086016
I_2_1        		 0.598645
omegaI_2_1   		 0.750125
Q_2          		 13.8463
D_2_1        		 0.0679601
D_N_2_1      		 0.0509701
D_K_2_1      		 0
K_2_1        		 37.9354
I_AP_2_1     		 0
K_AP_2_1     		 0
G_A_2_1      		 0
K_A_2_1      		 0
P_2_1        		 0.263055
Y_2_1        		 6.65057
N_2_1        		 0.132525
Q_I_2_1      		 8.79359
A_2_1        		 8.05925
A_N_2_1      		 0.193944
A_K_2_1      		 1
Q_A_3        		 8.18115
P_A_3        		 0.409
KH_3_1       		 11.8283
r_3_1        		 0.086016
I_3_1        		 0.532275
omegaI_3_1   		 0.750125
Q_3          		 8.51818
D_3_1        		 0.0679601
D_N_3_1      		 0.0509701
D_K_3_1      		 0
K_3_1        		 46.2519
I_AP_3_1     		 0
K_AP_3_1     		 0
G_A_3_1      		 0
K_A_3_1      		 0
P_3_1        		 0.191835
Y_3_1        		 8.10856
N_3_1        		 0.0939442
Q_I_3_1      		 2.57081
A_3_1        		 6.23048
A_N_3_1      		 0.552877
A_K_3_1      		 1

--------------------------------------------------------
MODEL SIMULATION:

Iter: 1,	 err. = 0.0917248,	 time = 0.141655
Iter: 2,	 err. = 2.92029,	 time = 0.150898
Iter: 3,	 err. = 0.0193854,	 time = 0.12941
Iter: 4,	 err. = 9.00334e-07,	 time = 0.126915

Total time of simulation: 1.09692.
--------------------------------------------------------

Perfect foresight solution found.

Elapsed time is 1.137225 seconds.
=============================================
=============================================
=== Step 6 of 10 for SSP585 ===

                                         Norm of      First-order   Trust-region
 Iteration  Func-count     f(x)          step         optimality    radius
     0         11       0.0219313                          10.2               1
     1         22       0.0103996              1           0.54               1
     2         33      0.00128962            2.5           2.29             2.5
     3         44     5.94365e-06        1.18628          0.359            6.25
     4         55     1.80582e-11      0.0159942       0.000563            6.25
     5         66       2.866e-20    7.87884e-05       1.62e-08            6.25
     6         77     2.11644e-24     2.5307e-09       2.06e-10            6.25

<a href = "matlab: helpview('optim','eqn_inaccuracy','CSHelpWindow');">Equation solved, inaccuracy possible</a>.

The vector of function values is near zero, as measured by the value
of the <a href = "matlab: helpview('optim','fcn_tolerance_fsolve','CSHelpWindow');">function tolerance</a>. However, the <a href = "matlab: helpview('optim','last_step_ineffective','CSHelpWindow');">last step was ineffective</a>.

<<a href = "matlab: createExitMsg({'optim:fsolve:Exit3basic'},{'optim:fsolve:Exit3detailed','fsolve','1.432896e-20','2.220446e-16','2.116437e-24','1.000000e-08'},true,true);;">stopping criteria details</a>>

STEADY-STATE RESULTS:

K            		 25.6729
N            		 0.251621
SL           		 0
tas_1        		 3.77556
SfcWind_1    		 0
pr_1         		 0
sunshine_1   		 0
hurs_1       		 0
heatwave_1   		 0
maxdrydays_1 		 0
maxwetdays_1 		 0
storms_1     		 0
floods_1     		 0
fire_1       		 0
landslide_1  		 0
I_1          		 0.0593352
Y_1          		 0.2484
Q_D_1        		 3.44822
Q_I_1        		 0.615499
M_1          		 0.013964
X_1          		 0.193527
D_X_1        		 0.0531413
K_1          		 1.31856
N_1          		 0.0223278
P_D_1        		 0.194989
P_M_1        		 3.65019
W_1          		 7.52107
Q_1_1        		 3.64175
W_1_1        		 7.52107
tauKF_1_1    		 0
tauNF_1_1    		 0
P_D_1_1      		 0.194989
I_2          		 0.581548
Y_2          		 1.6995
Q_D_2        		 11.4046
Q_I_2        		 8.54219
M_2          		 0.237561
X_2          		 2.05484
D_X_2        		 0.152669
K_2          		 12.9233
N_2          		 0.13437
P_D_2        		 0.602342
P_M_2        		 3.65019
W_2          		 6.62398
Q_2_1        		 13.4595
W_2_1        		 6.62398
tauKF_2_1    		 0
tauNF_2_1    		 0
P_D_2_1      		 0.602342
I_3          		 0.514397
Y_3          		 1.50326
Q_D_3        		 7.91259
Q_I_3        		 2.48434
M_3          		 0.030465
X_3          		 0.337253
D_X_3        		 0.0408799
K_3          		 11.431
N_3          		 0.094923
P_D_3        		 0.408108
P_M_3        		 6.56777
W_3          		 8.29396
Q_3_1        		 8.24984
W_3_1        		 8.29396
tauKF_3_1    		 0
tauNF_3_1    		 0
P_D_3_1      		 0.408108
P            		 0.750125
lambda       		 0.420128
P_D          		 0.473437
P_M          		 4.05576
C            		 2.5094
H            		 16.8692
IH           		 0.843458
PH           		 0.0348065
DH           		 0
omegaH       		 0.0365468
PoP          		 0.972576
B            		 -9.58459
BG           		 0
NX           		 0.393122
rf           		 0.041016
G            		 0.503837
tauC         		 0.2
tauH         		 0.05
tauNH        		 0
tauKH        		 0
KG           		 5.03837
I            		 1.15528
Y            		 4.60078
Q_U          		 15.8497
Q_D          		 22.7507
Q_I          		 11.642
Q            		 25.7355
M            		 0.275706
X            		 2.98475
G_A_DH       		 0
I_AP_DH      		 0
Q_A_1        		 3.44822
P_A_1        		 0.194989
KH_1_1       		 1.31856
r_1_1        		 0.086016
I_1_1        		 0.0593352
omegaI_1_1   		 0.750125
Q_1          		 3.64175
D_1_1        		 0.23786
D_N_1_1      		 0.0611641
D_K_1_1      		 0
K_1_1        		 65.1912
I_AP_1_1     		 0
K_AP_1_1     		 0
G_A_1_1      		 0
K_A_1_1      		 0
P_1_1        		 0.0151721
Y_1_1        		 16.3722
N_1_1        		 0.0223278
Q_I_1_1      		 0.615499
A_1_1        		 41.5005
A_N_1_1      		 2.04483
A_K_1_1      		 1
Q_A_2        		 11.4046
P_A_2        		 0.602342
KH_2_1       		 12.9233
r_2_1        		 0.086016
I_2_1        		 0.581548
omegaI_2_1   		 0.750125
Q_2          		 13.4595
D_2_1        		 0.0815521
D_N_2_1      		 0.0611641
D_K_2_1      		 0
K_2_1        		 36.9686
I_AP_2_1     		 0
K_AP_2_1     		 0
G_A_2_1      		 0
K_A_2_1      		 0
P_2_1        		 0.262225
Y_2_1        		 6.48109
N_2_1        		 0.13437
Q_I_2_1      		 8.54219
A_2_1        		 8.05925
A_N_2_1      		 0.193944
A_K_2_1      		 1
Q_A_3        		 7.91259
P_A_3        		 0.408108
KH_3_1       		 11.431
r_3_1        		 0.086016
I_3_1        		 0.514397
omegaI_3_1   		 0.750125
Q_3          		 8.24984
D_3_1        		 0.0815521
D_N_3_1      		 0.0611641
D_K_3_1      		 0
K_3_1        		 44.9175
I_AP_3_1     		 0
K_AP_3_1     		 0
G_A_3_1      		 0
K_A_3_1      		 0
P_3_1        		 0.190899
Y_3_1        		 7.87463
N_3_1        		 0.094923
Q_I_3_1      		 2.48434
A_3_1        		 6.23048
A_N_3_1      		 0.552877
A_K_3_1      		 1

--------------------------------------------------------
MODEL SIMULATION:

Iter: 1,	 err. = 0.0974172,	 time = 0.129059
Iter: 2,	 err. = 3.04235,	 time = 0.120014
Iter: 3,	 err. = 0.0239466,	 time = 0.122147
Iter: 4,	 err. = 1.5677e-06,	 time = 0.122628

Total time of simulation: 0.929796.
--------------------------------------------------------

Perfect foresight solution found.

Elapsed time is 0.937327 seconds.
=============================================
=============================================
=== Step 7 of 10 for SSP585 ===

                                         Norm of      First-order   Trust-region
 Iteration  Func-count     f(x)          step         optimality    radius
     0         11       0.0235148                          10.8               1
     1         22       0.0109645              1          0.572               1
     2         33      0.00125085            2.5           2.56             2.5
     3         44     5.49243e-06        1.06618           0.35            6.25
     4         55     1.87026e-11      0.0139518       0.000596            6.25
     5         66      1.9833e-20     6.7799e-05       2.06e-09            6.25
     6         77     8.67107e-24    2.33086e-09        2.4e-10            6.25

<a href = "matlab: helpview('optim','eqn_inaccuracy','CSHelpWindow');">Equation solved, inaccuracy possible</a>.

The vector of function values is near zero, as measured by the value
of the <a href = "matlab: helpview('optim','fcn_tolerance_fsolve','CSHelpWindow');">function tolerance</a>. However, the <a href = "matlab: helpview('optim','last_step_ineffective','CSHelpWindow');">last step was ineffective</a>.

<<a href = "matlab: createExitMsg({'optim:fsolve:Exit3basic'},{'optim:fsolve:Exit3detailed','fsolve','9.912178e-21','2.220446e-16','8.671074e-24','1.000000e-08'},true,true);;">stopping criteria details</a>>

STEADY-STATE RESULTS:

K            		 24.8948
N            		 0.25519
SL           		 0
tas_1        		 3.77556
SfcWind_1    		 0
pr_1         		 0
sunshine_1   		 0
hurs_1       		 0
heatwave_1   		 0
maxdrydays_1 		 0
maxwetdays_1 		 0
storms_1     		 0
floods_1     		 0
fire_1       		 0
landslide_1  		 0
I_1          		 0.058511
Y_1          		 0.24495
Q_D_1        		 3.33336
Q_I_1        		 0.607275
M_1          		 0.0135014
X_1          		 0.192444
D_X_1        		 0.0545816
K_1          		 1.30025
N_1          		 0.0228851
P_D_1        		 0.198673
P_M_1        		 3.65019
W_1          		 7.23599
Q_1_1        		 3.5258
W_1_1        		 7.23599
tauKF_1_1    		 0
tauNF_1_1    		 0
P_D_1_1      		 0.198673
I_2          		 0.564846
Y_2          		 1.65069
Q_D_2        		 11.0269
Q_I_2        		 8.29657
M_2          		 0.22969
X_2          		 2.0553
D_X_2        		 0.157107
K_2          		 12.5521
N_2          		 0.13634
P_D_2        		 0.6019
P_M_2        		 3.65019
W_2          		 6.34079
Q_2_1        		 13.0822
W_2_1        		 6.34079
tauKF_2_1    		 0
tauNF_2_1    		 0
P_D_2_1      		 0.6019
I_3          		 0.496911
Y_3          		 1.45216
Q_D_3        		 7.65062
Q_I_3        		 2.39976
M_3          		 0.0294557
X_3          		 0.337493
D_X_3        		 0.0422494
K_3          		 11.0425
N_3          		 0.0959655
P_D_3        		 0.40714
P_M_3        		 6.56777
W_3          		 7.92498
Q_3_1        		 7.98811
W_3_1        		 7.92498
tauKF_3_1    		 0
tauNF_3_1    		 0
P_D_3_1      		 0.40714
P            		 0.750125
lambda       		 0.442096
P_D          		 0.473437
P_M          		 4.05576
C            		 2.38471
H            		 16.0309
IH           		 0.801545
PH           		 0.0348065
DH           		 0
omegaH       		 0.0365468
PoP          		 0.972576
B            		 -10.7768
BG           		 0
NX           		 0.44202
rf           		 0.041016
G            		 0.478801
tauC         		 0.2
tauH         		 0.05
tauNH        		 0
tauKH        		 0
KG           		 4.78801
I            		 1.12027
Y            		 4.46299
Q_U          		 15.3246
Q_D          		 21.997
Q_I          		 11.3036
Q            		 24.981
M            		 0.266572
X            		 2.98397
G_A_DH       		 0
I_AP_DH      		 0
Q_A_1        		 3.33336
P_A_1        		 0.198673
KH_1_1       		 1.30025
r_1_1        		 0.086016
I_1_1        		 0.058511
omegaI_1_1   		 0.750125
Q_1          		 3.5258
D_1_1        		 0.277504
D_N_1_1      		 0.0713581
D_K_1_1      		 0
K_1_1        		 60.9356
I_AP_1_1     		 0
K_AP_1_1     		 0
G_A_1_1      		 0
K_A_1_1      		 0
P_1_1        		 0.0160062
Y_1_1        		 15.3035
N_1_1        		 0.0228851
Q_I_1_1      		 0.607275
A_1_1        		 41.5005
A_N_1_1      		 2.04483
A_K_1_1      		 1
Q_A_2        		 11.0269
P_A_2        		 0.6019
KH_2_1       		 12.5521
r_2_1        		 0.086016
I_2_1        		 0.564846
omegaI_2_1   		 0.750125
Q_2          		 13.0822
D_2_1        		 0.0951441
D_N_2_1      		 0.0713581
D_K_2_1      		 0
K_2_1        		 36.0329
I_AP_2_1     		 0
K_AP_2_1     		 0
G_A_2_1      		 0
K_A_2_1      		 0
P_2_1        		 0.261307
Y_2_1        		 6.31705
N_2_1        		 0.13634
Q_I_2_1      		 8.29657
A_2_1        		 8.05925
A_N_2_1      		 0.193944
A_K_2_1      		 1
Q_A_3        		 7.65062
P_A_3        		 0.40714
KH_3_1       		 11.0425
r_3_1        		 0.086016
I_3_1        		 0.496911
omegaI_3_1   		 0.750125
Q_3          		 7.98811
D_3_1        		 0.0951441
D_N_3_1      		 0.0713581
D_K_3_1      		 0
K_3_1        		 43.622
I_AP_3_1     		 0
K_AP_3_1     		 0
G_A_3_1      		 0
K_A_3_1      		 0
P_3_1        		 0.189887
Y_3_1        		 7.64751
N_3_1        		 0.0959655
Q_I_3_1      		 2.39976
A_3_1        		 6.23048
A_N_3_1      		 0.552877
A_K_3_1      		 1

--------------------------------------------------------
MODEL SIMULATION:

Iter: 1,	 err. = 0.103663,	 time = 0.129004
Iter: 2,	 err. = 3.1735,	 time = 0.125789
Iter: 3,	 err. = 0.0298912,	 time = 0.124856
Iter: 4,	 err. = 2.81891e-06,	 time = 0.123346

Total time of simulation: 0.985086.
--------------------------------------------------------

Perfect foresight solution found.

Elapsed time is 0.992554 seconds.
=============================================
=============================================
=== Step 8 of 10 for SSP585 ===

                                         Norm of      First-order   Trust-region
 Iteration  Func-count     f(x)          step         optimality    radius
     0         11       0.0253217                          11.4               1
     1         22       0.0116061              1          0.608               1
     2         33      0.00122237            2.5           2.87             2.5
     3         44     4.91304e-06       0.948571          0.335            6.25
     4         55     1.97073e-11      0.0122527       0.000638            6.25
     5         66     1.11367e-20    5.63793e-05       5.44e-09            6.25
     6         77     1.43579e-23    2.01782e-09       2.96e-10            6.25

<a href = "matlab: helpview('optim','eqn_inaccuracy','CSHelpWindow');">Equation solved, inaccuracy possible</a>.

The vector of function values is near zero, as measured by the value
of the <a href = "matlab: helpview('optim','fcn_tolerance_fsolve','CSHelpWindow');">function tolerance</a>. However, the <a href = "matlab: helpview('optim','last_step_ineffective','CSHelpWindow');">last step was ineffective</a>.

<<a href = "matlab: createExitMsg({'optim:fsolve:Exit3basic'},{'optim:fsolve:Exit3detailed','fsolve','5.561155e-21','2.220446e-16','1.435786e-23','1.000000e-08'},true,true);;">stopping criteria details</a>>

STEADY-STATE RESULTS:

K            		 24.1353
N            		 0.259019
SL           		 0
tas_1        		 3.77556
SfcWind_1    		 0
pr_1         		 0
sunshine_1   		 0
hurs_1       		 0
heatwave_1   		 0
maxdrydays_1 		 0
maxwetdays_1 		 0
storms_1     		 0
floods_1     		 0
fire_1       		 0
landslide_1  		 0
I_1          		 0.0577643
Y_1          		 0.241824
Q_D_1        		 3.22128
Q_I_1        		 0.599871
M_1          		 0.0130501
X_1          		 0.191282
D_X_1        		 0.0560524
K_1          		 1.28365
N_1          		 0.0234954
P_D_1        		 0.202722
P_M_1        		 3.65019
W_1          		 6.95809
Q_1_1        		 3.41256
W_1_1        		 6.95809
tauKF_1_1    		 0
tauNF_1_1    		 0
P_D_1_1      		 0.202722
I_2          		 0.548525
Y_2          		 1.60299
Q_D_2        		 10.6584
Q_I_2        		 8.05652
M_2          		 0.222012
X_2          		 2.0558
D_X_2        		 0.161694
K_2          		 12.1894
N_2          		 0.138446
P_D_2        		 0.601408
P_M_2        		 3.65019
W_2          		 6.06388
Q_2_1        		 12.7142
W_2_1        		 6.06388
tauKF_2_1    		 0
tauNF_2_1    		 0
P_D_2_1      		 0.601408
I_3          		 0.479799
Y_3          		 1.40215
Q_D_3        		 7.39507
Q_I_3        		 2.31699
M_3          		 0.0284711
X_3          		 0.337756
D_X_3        		 0.0436782
K_3          		 10.6622
N_3          		 0.0970773
P_D_3        		 0.406086
P_M_3        		 6.56777
W_3          		 7.56444
Q_3_1        		 7.73283
W_3_1        		 7.56444
tauKF_3_1    		 0
tauNF_3_1    		 0
P_D_3_1      		 0.406086
P            		 0.750125
lambda       		 0.465843
P_D          		 0.473437
P_M          		 4.05576
C            		 2.26315
H            		 15.2137
IH           		 0.760686
PH           		 0.0348065
DH           		 0
omegaH       		 0.0365468
PoP          		 0.972576
B            		 -11.938
BG           		 0
NX           		 0.489648
rf           		 0.041016
G            		 0.454394
tauC         		 0.2
tauH         		 0.05
tauNH        		 0
tauKH        		 0
KG           		 4.54394
I            		 1.08609
Y            		 4.32857
Q_U          		 14.8123
Q_D          		 21.2617
Q_I          		 10.9734
Q            		 24.2448
M            		 0.257661
X            		 2.9831
G_A_DH       		 0
I_AP_DH      		 0
Q_A_1        		 3.22128
P_A_1        		 0.202722
KH_1_1       		 1.28365
r_1_1        		 0.086016
I_1_1        		 0.0577643
omegaI_1_1   		 0.750125
Q_1          		 3.41256
D_1_1        		 0.317147
D_N_1_1      		 0.0815521
D_K_1_1      		 0
K_1_1        		 56.7848
I_AP_1_1     		 0
K_AP_1_1     		 0
G_A_1_1      		 0
K_A_1_1      		 0
P_1_1        		 0.016957
Y_1_1        		 14.261
N_1_1        		 0.0234954
Q_I_1_1      		 0.599871
A_1_1        		 41.5005
A_N_1_1      		 2.04483
A_K_1_1      		 1
Q_A_2        		 10.6584
P_A_2        		 0.601408
KH_2_1       		 12.1894
r_2_1        		 0.086016
I_2_1        		 0.548525
omegaI_2_1   		 0.750125
Q_2          		 12.7142
D_2_1        		 0.108736
D_N_2_1      		 0.0815521
D_K_2_1      		 0
K_2_1        		 35.1285
I_AP_2_1     		 0
K_AP_2_1     		 0
G_A_2_1      		 0
K_A_2_1      		 0
P_2_1        		 0.26029
Y_2_1        		 6.15849
N_2_1        		 0.138446
Q_I_2_1      		 8.05652
A_2_1        		 8.05925
A_N_2_1      		 0.193944
A_K_2_1      		 1
Q_A_3        		 7.39507
P_A_3        		 0.406086
KH_3_1       		 10.6622
r_3_1        		 0.086016
I_3_1        		 0.479799
omegaI_3_1   		 0.750125
Q_3          		 7.73283
D_3_1        		 0.108736
D_N_3_1      		 0.0815521
D_K_3_1      		 0
K_3_1        		 42.3652
I_AP_3_1     		 0
K_AP_3_1     		 0
G_A_3_1      		 0
K_A_3_1      		 0
P_3_1        		 0.188787
Y_3_1        		 7.42718
N_3_1        		 0.0970773
Q_I_3_1      		 2.31699
A_3_1        		 6.23048
A_N_3_1      		 0.552877
A_K_3_1      		 1

--------------------------------------------------------
MODEL SIMULATION:

Iter: 1,	 err. = 0.110551,	 time = 0.144887
Iter: 2,	 err. = 3.3144,	 time = 0.126297
Iter: 3,	 err. = 0.0377521,	 time = 0.121902
Iter: 4,	 err. = 5.25865e-06,	 time = 0.124907

Total time of simulation: 1.06612.
--------------------------------------------------------

Perfect foresight solution found.

Elapsed time is 1.078689 seconds.
=============================================
=============================================
=== Step 9 of 10 for SSP585 ===

                                         Norm of      First-order   Trust-region
 Iteration  Func-count     f(x)          step         optimality    radius
     0         11       0.0274007                            12               1
     1         22       0.0123412              1          0.648               1
     2         33      0.00121519            2.5           3.26             2.5
     3         44     4.13211e-06       0.833634           0.31            6.25
     4         55     2.05766e-11       0.011032       0.000676            6.25
     5         66     3.89602e-20    4.42111e-05       2.44e-08            6.25
     6         77     1.26459e-23    1.67588e-09       4.38e-10            6.25

<a href = "matlab: helpview('optim','eqn_inaccuracy','CSHelpWindow');">Equation solved, inaccuracy possible</a>.

The vector of function values is near zero, as measured by the value
of the <a href = "matlab: helpview('optim','fcn_tolerance_fsolve','CSHelpWindow');">function tolerance</a>. However, the <a href = "matlab: helpview('optim','last_step_ineffective','CSHelpWindow');">last step was ineffective</a>.

<<a href = "matlab: createExitMsg({'optim:fsolve:Exit3basic'},{'optim:fsolve:Exit3detailed','fsolve','1.947375e-20','2.220446e-16','1.264586e-23','1.000000e-08'},true,true);;">stopping criteria details</a>>

STEADY-STATE RESULTS:

K            		 23.3936
N            		 0.263135
SL           		 0
tas_1        		 3.77556
SfcWind_1    		 0
pr_1         		 0
sunshine_1   		 0
hurs_1       		 0
heatwave_1   		 0
maxdrydays_1 		 0
maxwetdays_1 		 0
storms_1     		 0
floods_1     		 0
fire_1       		 0
landslide_1  		 0
I_1          		 0.0571013
Y_1          		 0.239048
Q_D_1        		 3.1119
Q_I_1        		 0.593356
M_1          		 0.0126097
X_1          		 0.190035
D_X_1        		 0.0575525
K_1          		 1.26892
N_1          		 0.0241664
P_D_1        		 0.207193
P_M_1        		 3.65019
W_1          		 6.68723
Q_1_1        		 3.30194
W_1_1        		 6.68723
tauKF_1_1    		 0
tauNF_1_1    		 0
P_D_1_1      		 0.207193
I_2          		 0.532567
Y_2          		 1.55636
Q_D_2        		 10.2988
Q_I_2        		 7.82181
M_2          		 0.214521
X_2          		 2.05636
D_X_2        		 0.166438
K_2          		 11.8348
N_2          		 0.140704
P_D_2        		 0.600858
P_M_2        		 3.65019
W_2          		 5.793
Q_2_1        		 12.3552
W_2_1        		 5.793
tauKF_2_1    		 0
tauNF_2_1    		 0
P_D_2_1      		 0.600858
I_3          		 0.463044
Y_3          		 1.35319
Q_D_3        		 7.14574
Q_I_3        		 2.23594
M_3          		 0.0275103
X_3          		 0.338044
D_X_3        		 0.0451702
K_3          		 10.2899
N_3          		 0.0982649
P_D_3        		 0.404931
P_M_3        		 6.56777
W_3          		 7.21204
Q_3_1        		 7.48378
W_3_1        		 7.21204
tauKF_3_1    		 0
tauNF_3_1    		 0
P_D_3_1      		 0.404931
P            		 0.750125
lambda       		 0.491585
P_D          		 0.473437
P_M          		 4.05576
C            		 2.14463
H            		 14.417
IH           		 0.720852
PH           		 0.0348065
DH           		 0
omegaH       		 0.0365468
PoP          		 0.972576
B            		 -13.0688
BG           		 0
NX           		 0.536032
rf           		 0.041016
G            		 0.430599
tauC         		 0.2
tauH         		 0.05
tauNH        		 0
tauKH        		 0
KG           		 4.30599
I            		 1.05271
Y            		 4.19743
Q_U          		 14.3125
Q_D          		 20.5442
Q_I          		 10.6511
Q            		 23.5264
M            		 0.248967
X            		 2.98211
G_A_DH       		 0
I_AP_DH      		 0
Q_A_1        		 3.1119
P_A_1        		 0.207193
KH_1_1       		 1.26892
r_1_1        		 0.086016
I_1_1        		 0.0571013
omegaI_1_1   		 0.750125
Q_1          		 3.30194
D_1_1        		 0.356791
D_N_1_1      		 0.0917461
D_K_1_1      		 0
K_1_1        		 52.7363
I_AP_1_1     		 0
K_AP_1_1     		 0
G_A_1_1      		 0
K_A_1_1      		 0
P_1_1        		 0.0180492
Y_1_1        		 13.2443
N_1_1        		 0.0241664
Q_I_1_1      		 0.593356
A_1_1        		 41.5005
A_N_1_1      		 2.04483
A_K_1_1      		 1
Q_A_2        		 10.2988
P_A_2        		 0.600858
KH_2_1       		 11.8348
r_2_1        		 0.086016
I_2_1        		 0.532567
omegaI_2_1   		 0.750125
Q_2          		 12.3552
D_2_1        		 0.122328
D_N_2_1      		 0.0917461
D_K_2_1      		 0
K_2_1        		 34.2559
I_AP_2_1     		 0
K_AP_2_1     		 0
G_A_2_1      		 0
K_A_2_1      		 0
P_2_1        		 0.259156
Y_2_1        		 6.0055
N_2_1        		 0.140704
Q_I_2_1      		 7.82181
A_2_1        		 8.05925
A_N_2_1      		 0.193944
A_K_2_1      		 1
Q_A_3        		 7.14574
P_A_3        		 0.404931
KH_3_1       		 10.2899
r_3_1        		 0.086016
I_3_1        		 0.463044
omegaI_3_1   		 0.750125
Q_3          		 7.48378
D_3_1        		 0.122328
D_N_3_1      		 0.0917461
D_K_3_1      		 0
K_3_1        		 41.1472
I_AP_3_1     		 0
K_AP_3_1     		 0
G_A_3_1      		 0
K_A_3_1      		 0
P_3_1        		 0.187587
Y_3_1        		 7.21364
N_3_1        		 0.0982649
Q_I_3_1      		 2.23594
A_3_1        		 6.23048
A_N_3_1      		 0.552877
A_K_3_1      		 1

--------------------------------------------------------
MODEL SIMULATION:

Iter: 1,	 err. = 0.118196,	 time = 0.122698
Iter: 2,	 err. = 3.46565,	 time = 0.123223
Iter: 3,	 err. = 0.0483176,	 time = 0.124961
Iter: 4,	 err. = 1.02363e-05,	 time = 0.121928
Iter: 5,	 err. = 5.80869e-13,	 time = 0.122898

Total time of simulation: 1.25062.
--------------------------------------------------------

Perfect foresight solution found.

Elapsed time is 1.258527 seconds.
=============================================
=============================================
=== Step 10 of 10 for SSP585 ===

                                         Norm of      First-order   Trust-region
 Iteration  Func-count     f(x)          step         optimality    radius
     0         11       0.0298145                          12.7               1
     1         22       0.0131927              1          0.693               1
     2         33      0.00127554            2.5           3.85             2.5
     3         44     3.22253e-06       0.721574          0.274            6.25
     4         55     2.72395e-11      0.0105665       0.000809            6.25
     5         66     1.56031e-20    3.24642e-05       1.59e-08            6.25
     6         77     3.47779e-24    1.27944e-09       1.35e-10            6.25

<a href = "matlab: helpview('optim','eqn_inaccuracy','CSHelpWindow');">Equation solved, inaccuracy possible</a>.

The vector of function values is near zero, as measured by the value
of the <a href = "matlab: helpview('optim','fcn_tolerance_fsolve','CSHelpWindow');">function tolerance</a>. However, the <a href = "matlab: helpview('optim','last_step_ineffective','CSHelpWindow');">last step was ineffective</a>.

<<a href = "matlab: createExitMsg({'optim:fsolve:Exit3basic'},{'optim:fsolve:Exit3detailed','fsolve','7.799827e-21','2.220446e-16','3.477786e-24','1.000000e-08'},true,true);;">stopping criteria details</a>>

STEADY-STATE RESULTS:

K            		 22.669
N            		 0.267573
SL           		 0
tas_1        		 3.77556
SfcWind_1    		 0
pr_1         		 0
sunshine_1   		 0
hurs_1       		 0
heatwave_1   		 0
maxdrydays_1 		 0
maxwetdays_1 		 0
storms_1     		 0
floods_1     		 0
fire_1       		 0
landslide_1  		 0
I_1          		 0.0565296
Y_1          		 0.236655
Q_D_1        		 3.00513
Q_I_1        		 0.587813
M_1          		 0.0121799
X_1          		 0.18869
D_X_1        		 0.0590797
K_1          		 1.25621
N_1          		 0.0249078
P_D_1        		 0.212156
P_M_1        		 3.65019
W_1          		 6.42323
Q_1_1        		 3.19382
W_1_1        		 6.42323
tauKF_1_1    		 0
tauNF_1_1    		 0
P_D_1_1      		 0.212156
I_2          		 0.516956
Y_2          		 1.51074
Q_D_2        		 9.94788
Q_I_2        		 7.59215
M_2          		 0.207209
X_2          		 2.057
D_X_2        		 0.171347
K_2          		 11.4879
N_2          		 0.143129
P_D_2        		 0.600239
P_M_2        		 3.65019
W_2          		 5.52791
Q_2_1        		 12.0049
W_2_1        		 5.52791
tauKF_2_1    		 0
tauNF_2_1    		 0
P_D_2_1      		 0.600239
I_3          		 0.44662
Y_3          		 1.30519
Q_D_3        		 6.9024
Q_I_3        		 2.15648
M_3          		 0.0265727
X_3          		 0.338363
D_X_3        		 0.0467303
K_3          		 9.92489
N_3          		 0.0995357
P_D_3        		 0.403662
P_M_3        		 6.56777
W_3          		 6.86743
Q_3_1        		 7.24077
W_3_1        		 6.86743
tauKF_3_1    		 0
tauNF_3_1    		 0
P_D_3_1      		 0.403662
P            		 0.750125
lambda       		 0.51958
P_D          		 0.473437
P_M          		 4.05576
C            		 2.02908
H            		 13.6403
IH           		 0.682013
PH           		 0.0348065
DH           		 0
omegaH       		 0.0365468
PoP          		 0.972576
B            		 -14.1701
BG           		 0
NX           		 0.581201
rf           		 0.041016
G            		 0.407398
tauC         		 0.2
tauH         		 0.05
tauNH        		 0
tauKH        		 0
KG           		 4.07398
I            		 1.02011
Y            		 4.06943
Q_U          		 13.8247
Q_D          		 19.844
Q_I          		 10.3364
Q            		 22.825
M            		 0.240481
X            		 2.98098
G_A_DH       		 0
I_AP_DH      		 0
Q_A_1        		 3.00513
P_A_1        		 0.212156
KH_1_1       		 1.25621
r_1_1        		 0.086016
I_1_1        		 0.0565296
omegaI_1_1   		 0.750125
Q_1          		 3.19382
D_1_1        		 0.396434
D_N_1_1      		 0.10194
D_K_1_1      		 0
K_1_1        		 48.7878
I_AP_1_1     		 0
K_AP_1_1     		 0
G_A_1_1      		 0
K_A_1_1      		 0
P_1_1        		 0.0193146
Y_1_1        		 12.2527
N_1_1        		 0.0249078
Q_I_1_1      		 0.587813
A_1_1        		 41.5005
A_N_1_1      		 2.04483
A_K_1_1      		 1
Q_A_2        		 9.94788
P_A_2        		 0.600239
KH_2_1       		 11.4879
r_2_1        		 0.086016
I_2_1        		 0.516956
omegaI_2_1   		 0.750125
Q_2          		 12.0049
D_2_1        		 0.13592
D_N_2_1      		 0.10194
D_K_2_1      		 0
K_2_1        		 33.4155
I_AP_2_1     		 0
K_AP_2_1     		 0
G_A_2_1      		 0
K_A_2_1      		 0
P_2_1        		 0.257886
Y_2_1        		 5.85817
N_2_1        		 0.143129
Q_I_2_1      		 7.59215
A_2_1        		 8.05925
A_N_2_1      		 0.193944
A_K_2_1      		 1
Q_A_3        		 6.9024
P_A_3        		 0.403662
KH_3_1       		 9.92489
r_3_1        		 0.086016
I_3_1        		 0.44662
omegaI_3_1   		 0.750125
Q_3          		 7.24077
D_3_1        		 0.13592
D_N_3_1      		 0.10194
D_K_3_1      		 0
K_3_1        		 39.9679
I_AP_3_1     		 0
K_AP_3_1     		 0
G_A_3_1      		 0
K_A_3_1      		 0
P_3_1        		 0.186272
Y_3_1        		 7.00689
N_3_1        		 0.0995357
Q_I_3_1      		 2.15648
A_3_1        		 6.23048
A_N_3_1      		 0.552877
A_K_3_1      		 1

EIGENVALUES:
         Modulus             Real        Imaginary

               0                0                0
       7.623e-20       -7.623e-20                0
         8.2e-20         -8.2e-20                0
       1.437e-19       -1.437e-19                0
        2.22e-19        -2.22e-19                0
        3.42e-19        -3.42e-19                0
        6.74e-19         6.74e-19                0
       1.505e-17       -1.505e-17                0
       1.395e-16       -1.395e-16                0
          0.4441           0.4441                0
          0.8651           0.8651                0
             0.9              0.9                0
          0.9032           0.8981          0.09538
          0.9032           0.8981         -0.09538
          0.9076            0.903          0.09114
          0.9076            0.903         -0.09114
            0.93             0.93                0
           1.133            1.128           0.1125
           1.133            1.128          -0.1125
           1.138            1.132           0.1188
           1.138            1.132          -0.1188
           1.145            1.143          0.07051
           1.145            1.143         -0.07051
           2.349            2.349                0
       3.917e+44        3.917e+44                0
       1.858e+45       -1.858e+45                0
       4.202e+46       -4.202e+46                0
             Inf              Inf                0
             Inf              Inf                0
             Inf              Inf                0
             Inf              Inf                0
             Inf             -Inf                0
             Inf             -Inf                0
             Inf             -Inf                0
             Inf             -Inf                0
             Inf             -Inf                0


There are 19 eigenvalue(s) larger than 1 in modulus 
for 19 forward-looking variable(s)

The rank condition is verified.


--------------------------------------------------------
MODEL SIMULATION:

Iter: 1,	 err. = 0.126741,	 time = 0.128138
Iter: 2,	 err. = 3.62762,	 time = 0.122735
Iter: 3,	 err. = 0.0627821,	 time = 0.123239
Iter: 4,	 err. = 2.09423e-05,	 time = 0.124083
Iter: 5,	 err. = 1.7053e-12,	 time = 0.122198

Total time of simulation: 1.22472.
--------------------------------------------------------

Perfect foresight solution found.

Elapsed time is 1.232773 seconds.
=============================================

--------------------------------------------------------
MODEL SIMULATION:

Iter: 1,	 err. = 1.7053e-12,	 time = 0.125921

Total time of simulation: 0.127133.
--------------------------------------------------------

Perfect foresight solution found.

Total computing time : 0h00m30s
